2024-11-08 15:17:41.394 [error] [/home/yaros/.vscode/extensions/ms-python.python-2024.16.0-linux-x64]: Extension is not compatible with Code 1.92.0. Extension requires: ^1.94.0-20240918.
2024-11-08 15:17:41.398 [error] [/home/yaros/.vscode/extensions/ms-python.python-2024.16.1-linux-x64]: Extension is not compatible with Code 1.92.0. Extension requires: ^1.94.0-20240918.
2024-11-08 15:17:41.400 [error] [/home/yaros/.vscode/extensions/visualstudioexptteam.intellicode-api-usage-examples-0.2.9]: Extension is not compatible with Code 1.92.0. Extension requires: ^1.94.0.
2024-11-08 15:17:41.400 [error] [/home/yaros/.vscode/extensions/visualstudioexptteam.vscodeintellicode-1.3.2]: Extension is not compatible with Code 1.92.0. Extension requires: ^1.94.0.
2024-11-08 15:17:41.463 [error] [/home/yaros/.vscode/extensions/ms-python.python-2024.16.1-linux-x64]: Extension is not compatible with Code 1.92.0. Extension requires: ^1.94.0-20240918.
2024-11-08 15:17:41.464 [error] [/home/yaros/.vscode/extensions/ms-python.python-2024.16.0-linux-x64]: Extension is not compatible with Code 1.92.0. Extension requires: ^1.94.0-20240918.
2024-11-08 15:17:41.464 [error] [/home/yaros/.vscode/extensions/visualstudioexptteam.intellicode-api-usage-examples-0.2.9]: Extension is not compatible with Code 1.92.0. Extension requires: ^1.94.0.
2024-11-08 15:17:41.465 [error] [/home/yaros/.vscode/extensions/visualstudioexptteam.vscodeintellicode-1.3.2]: Extension is not compatible with Code 1.92.0. Extension requires: ^1.94.0.
2024-11-08 15:17:41.527 [error] [/home/yaros/.vscode/extensions/ms-python.python-2024.16.0-linux-x64]: Extension is not compatible with Code 1.92.0. Extension requires: ^1.94.0-20240918.
2024-11-08 15:17:41.530 [error] [/home/yaros/.vscode/extensions/ms-python.python-2024.16.1-linux-x64]: Extension is not compatible with Code 1.92.0. Extension requires: ^1.94.0-20240918.
2024-11-08 15:17:41.530 [error] [/home/yaros/.vscode/extensions/visualstudioexptteam.intellicode-api-usage-examples-0.2.9]: Extension is not compatible with Code 1.92.0. Extension requires: ^1.94.0.
2024-11-08 15:17:41.531 [error] [/home/yaros/.vscode/extensions/visualstudioexptteam.vscodeintellicode-1.3.2]: Extension is not compatible with Code 1.92.0. Extension requires: ^1.94.0.
2024-11-08 15:17:41.746 [error] [/home/yaros/.vscode/extensions/ms-python.python-2024.16.0-linux-x64]: Extension is not compatible with Code 1.92.0. Extension requires: ^1.94.0-20240918.
2024-11-08 15:17:41.747 [error] [/home/yaros/.vscode/extensions/ms-python.python-2024.16.1-linux-x64]: Extension is not compatible with Code 1.92.0. Extension requires: ^1.94.0-20240918.
2024-11-08 15:17:41.748 [error] [/home/yaros/.vscode/extensions/visualstudioexptteam.intellicode-api-usage-examples-0.2.9]: Extension is not compatible with Code 1.92.0. Extension requires: ^1.94.0.
2024-11-08 15:17:41.748 [error] [/home/yaros/.vscode/extensions/visualstudioexptteam.vscodeintellicode-1.3.2]: Extension is not compatible with Code 1.92.0. Extension requires: ^1.94.0.
2024-11-08 15:17:41.888 [error] [/home/yaros/.vscode/extensions/ms-python.python-2024.16.0-linux-x64]: Extension is not compatible with Code 1.92.0. Extension requires: ^1.94.0-20240918.
2024-11-08 15:17:41.892 [error] [/home/yaros/.vscode/extensions/ms-python.python-2024.16.1-linux-x64]: Extension is not compatible with Code 1.92.0. Extension requires: ^1.94.0-20240918.
2024-11-08 15:17:41.893 [error] [/home/yaros/.vscode/extensions/visualstudioexptteam.intellicode-api-usage-examples-0.2.9]: Extension is not compatible with Code 1.92.0. Extension requires: ^1.94.0.
2024-11-08 15:17:41.894 [error] [/home/yaros/.vscode/extensions/visualstudioexptteam.vscodeintellicode-1.3.2]: Extension is not compatible with Code 1.92.0. Extension requires: ^1.94.0.
2024-11-08 15:17:42.262 [error] [/home/yaros/.vscode/extensions/ms-python.python-2024.16.0-linux-x64]: Extension is not compatible with Code 1.92.0. Extension requires: ^1.94.0-20240918.
2024-11-08 15:17:42.264 [error] [/home/yaros/.vscode/extensions/ms-python.python-2024.16.1-linux-x64]: Extension is not compatible with Code 1.92.0. Extension requires: ^1.94.0-20240918.
2024-11-08 15:17:42.264 [error] [/home/yaros/.vscode/extensions/visualstudioexptteam.intellicode-api-usage-examples-0.2.9]: Extension is not compatible with Code 1.92.0. Extension requires: ^1.94.0.
2024-11-08 15:17:42.265 [error] [/home/yaros/.vscode/extensions/visualstudioexptteam.vscodeintellicode-1.3.2]: Extension is not compatible with Code 1.92.0. Extension requires: ^1.94.0.
2024-11-08 15:17:42.360 [error] [/home/yaros/.vscode/extensions/ms-python.python-2024.16.0-linux-x64]: Extension is not compatible with Code 1.92.0. Extension requires: ^1.94.0-20240918.
2024-11-08 15:17:42.362 [error] [/home/yaros/.vscode/extensions/ms-python.python-2024.16.1-linux-x64]: Extension is not compatible with Code 1.92.0. Extension requires: ^1.94.0-20240918.
2024-11-08 15:17:42.362 [error] [/home/yaros/.vscode/extensions/visualstudioexptteam.intellicode-api-usage-examples-0.2.9]: Extension is not compatible with Code 1.92.0. Extension requires: ^1.94.0.
2024-11-08 15:17:42.363 [error] [/home/yaros/.vscode/extensions/visualstudioexptteam.vscodeintellicode-1.3.2]: Extension is not compatible with Code 1.92.0. Extension requires: ^1.94.0.
2024-11-08 15:17:42.470 [error] [/home/yaros/.vscode/extensions/ms-python.python-2024.16.0-linux-x64]: Extension is not compatible with Code 1.92.0. Extension requires: ^1.94.0-20240918.
2024-11-08 15:17:42.473 [error] [/home/yaros/.vscode/extensions/ms-python.python-2024.16.1-linux-x64]: Extension is not compatible with Code 1.92.0. Extension requires: ^1.94.0-20240918.
2024-11-08 15:17:42.475 [error] [/home/yaros/.vscode/extensions/visualstudioexptteam.intellicode-api-usage-examples-0.2.9]: Extension is not compatible with Code 1.92.0. Extension requires: ^1.94.0.
2024-11-08 15:17:42.477 [error] [/home/yaros/.vscode/extensions/visualstudioexptteam.vscodeintellicode-1.3.2]: Extension is not compatible with Code 1.92.0. Extension requires: ^1.94.0.
2024-11-08 15:17:42.695 [error] [/home/yaros/.vscode/extensions/ms-python.python-2024.16.0-linux-x64]: Extension is not compatible with Code 1.92.0. Extension requires: ^1.94.0-20240918.
2024-11-08 15:17:42.698 [error] [/home/yaros/.vscode/extensions/ms-python.python-2024.16.1-linux-x64]: Extension is not compatible with Code 1.92.0. Extension requires: ^1.94.0-20240918.
2024-11-08 15:17:42.698 [error] [/home/yaros/.vscode/extensions/visualstudioexptteam.vscodeintellicode-1.3.2]: Extension is not compatible with Code 1.92.0. Extension requires: ^1.94.0.
2024-11-08 15:17:42.699 [error] [/home/yaros/.vscode/extensions/visualstudioexptteam.intellicode-api-usage-examples-0.2.9]: Extension is not compatible with Code 1.92.0. Extension requires: ^1.94.0.
2024-11-08 15:17:42.763 [error] [/home/yaros/.vscode/extensions/ms-python.python-2024.16.0-linux-x64]: Extension is not compatible with Code 1.92.0. Extension requires: ^1.94.0-20240918.
2024-11-08 15:17:42.766 [error] [/home/yaros/.vscode/extensions/ms-python.python-2024.16.1-linux-x64]: Extension is not compatible with Code 1.92.0. Extension requires: ^1.94.0-20240918.
2024-11-08 15:17:42.766 [error] [/home/yaros/.vscode/extensions/visualstudioexptteam.intellicode-api-usage-examples-0.2.9]: Extension is not compatible with Code 1.92.0. Extension requires: ^1.94.0.
2024-11-08 15:17:42.767 [error] [/home/yaros/.vscode/extensions/visualstudioexptteam.vscodeintellicode-1.3.2]: Extension is not compatible with Code 1.92.0. Extension requires: ^1.94.0.
2024-11-08 15:17:43.519 [error] [/home/yaros/.vscode/extensions/ms-python.python-2024.16.0-linux-x64]: Extension is not compatible with Code 1.92.0. Extension requires: ^1.94.0-20240918.
2024-11-08 15:17:43.522 [error] [/home/yaros/.vscode/extensions/ms-python.python-2024.16.1-linux-x64]: Extension is not compatible with Code 1.92.0. Extension requires: ^1.94.0-20240918.
2024-11-08 15:17:43.522 [error] [/home/yaros/.vscode/extensions/visualstudioexptteam.intellicode-api-usage-examples-0.2.9]: Extension is not compatible with Code 1.92.0. Extension requires: ^1.94.0.
2024-11-08 15:17:43.523 [error] [/home/yaros/.vscode/extensions/visualstudioexptteam.vscodeintellicode-1.3.2]: Extension is not compatible with Code 1.92.0. Extension requires: ^1.94.0.
2024-11-08 15:17:43.623 [error] [/home/yaros/.vscode/extensions/ms-python.python-2024.16.0-linux-x64]: Extension is not compatible with Code 1.92.0. Extension requires: ^1.94.0-20240918.
2024-11-08 15:17:43.625 [error] [/home/yaros/.vscode/extensions/visualstudioexptteam.intellicode-api-usage-examples-0.2.9]: Extension is not compatible with Code 1.92.0. Extension requires: ^1.94.0.
2024-11-08 15:17:43.626 [error] [/home/yaros/.vscode/extensions/ms-python.python-2024.16.1-linux-x64]: Extension is not compatible with Code 1.92.0. Extension requires: ^1.94.0-20240918.
2024-11-08 15:17:43.627 [error] [/home/yaros/.vscode/extensions/visualstudioexptteam.vscodeintellicode-1.3.2]: Extension is not compatible with Code 1.92.0. Extension requires: ^1.94.0.
2024-11-08 15:17:43.632 [error] [/home/yaros/.vscode/extensions/ms-python.python-2024.16.0-linux-x64]: Extension is not compatible with Code 1.92.0. Extension requires: ^1.94.0-20240918.
2024-11-08 15:17:43.635 [error] [/home/yaros/.vscode/extensions/ms-python.python-2024.16.1-linux-x64]: Extension is not compatible with Code 1.92.0. Extension requires: ^1.94.0-20240918.
2024-11-08 15:17:43.635 [error] [/home/yaros/.vscode/extensions/visualstudioexptteam.intellicode-api-usage-examples-0.2.9]: Extension is not compatible with Code 1.92.0. Extension requires: ^1.94.0.
2024-11-08 15:17:43.635 [error] [/home/yaros/.vscode/extensions/visualstudioexptteam.vscodeintellicode-1.3.2]: Extension is not compatible with Code 1.92.0. Extension requires: ^1.94.0.
2024-11-08 15:17:44.292 [error] [/home/yaros/.vscode/extensions/ms-python.python-2024.16.0-linux-x64]: Extension is not compatible with Code 1.92.0. Extension requires: ^1.94.0-20240918.
2024-11-08 15:17:44.294 [error] [/home/yaros/.vscode/extensions/ms-python.python-2024.16.1-linux-x64]: Extension is not compatible with Code 1.92.0. Extension requires: ^1.94.0-20240918.
2024-11-08 15:17:44.294 [error] [/home/yaros/.vscode/extensions/visualstudioexptteam.intellicode-api-usage-examples-0.2.9]: Extension is not compatible with Code 1.92.0. Extension requires: ^1.94.0.
2024-11-08 15:17:44.295 [error] [/home/yaros/.vscode/extensions/visualstudioexptteam.vscodeintellicode-1.3.2]: Extension is not compatible with Code 1.92.0. Extension requires: ^1.94.0.
2024-11-08 15:17:48.126 [info] Getting Manifest... ms-python.vscode-pylance
2024-11-08 15:17:48.557 [info] Installing extension: ms-python.vscode-pylance {"productVersion":{"version":"1.92.0","date":"2024-07-31T23:26:45.634Z"},"pinned":false,"isApplicationScoped":false,"profileLocation":{"$mid":1,"external":"vscode-userdata:/home/yaros/.vscode/extensions/extensions.json","path":"/home/yaros/.vscode/extensions/extensions.json","scheme":"vscode-userdata"},"installOnlyNewlyAddedFromExtensionPack":true}
2024-11-08 15:17:48.578 [error] [/home/yaros/.vscode/extensions/ms-python.python-2024.16.0-linux-x64]: Extension is not compatible with Code 1.92.0. Extension requires: ^1.94.0-20240918.
2024-11-08 15:17:48.579 [error] [/home/yaros/.vscode/extensions/visualstudioexptteam.vscodeintellicode-1.3.2]: Extension is not compatible with Code 1.92.0. Extension requires: ^1.94.0.
2024-11-08 15:17:48.579 [error] [/home/yaros/.vscode/extensions/visualstudioexptteam.intellicode-api-usage-examples-0.2.9]: Extension is not compatible with Code 1.92.0. Extension requires: ^1.94.0.
2024-11-08 15:17:48.579 [error] [/home/yaros/.vscode/extensions/ms-python.python-2024.16.1-linux-x64]: Extension is not compatible with Code 1.92.0. Extension requires: ^1.94.0-20240918.
2024-11-08 15:17:50.739 [info] Getting Manifest... ms-python.python
2024-11-08 15:17:50.783 [error] [/home/yaros/.vscode/extensions/ms-python.python-2024.16.0-linux-x64]: Extension is not compatible with Code 1.92.0. Extension requires: ^1.94.0-20240918.
2024-11-08 15:17:50.785 [error] [/home/yaros/.vscode/extensions/ms-python.python-2024.16.1-linux-x64]: Extension is not compatible with Code 1.92.0. Extension requires: ^1.94.0-20240918.
2024-11-08 15:17:50.786 [error] [/home/yaros/.vscode/extensions/visualstudioexptteam.vscodeintellicode-1.3.2]: Extension is not compatible with Code 1.92.0. Extension requires: ^1.94.0.
2024-11-08 15:17:50.786 [error] [/home/yaros/.vscode/extensions/visualstudioexptteam.intellicode-api-usage-examples-0.2.9]: Extension is not compatible with Code 1.92.0. Extension requires: ^1.94.0.
2024-11-08 15:17:50.807 [error] [/home/yaros/.vscode/extensions/ms-python.python-2024.16.0-linux-x64]: Extension is not compatible with Code 1.92.0. Extension requires: ^1.94.0-20240918.
2024-11-08 15:17:50.810 [error] [/home/yaros/.vscode/extensions/ms-python.python-2024.16.1-linux-x64]: Extension is not compatible with Code 1.92.0. Extension requires: ^1.94.0-20240918.
2024-11-08 15:17:50.810 [error] [/home/yaros/.vscode/extensions/visualstudioexptteam.intellicode-api-usage-examples-0.2.9]: Extension is not compatible with Code 1.92.0. Extension requires: ^1.94.0.
2024-11-08 15:17:50.811 [error] [/home/yaros/.vscode/extensions/visualstudioexptteam.vscodeintellicode-1.3.2]: Extension is not compatible with Code 1.92.0. Extension requires: ^1.94.0.
2024-11-08 15:18:11.469 [info] Extension signature verification result for ms-python.vscode-pylance: EACCES. Executed: false. Duration: 16ms.
2024-11-08 15:18:16.562 [info] Extracted extension to file:///home/yaros/.vscode/extensions/ms-python.vscode-pylance-2024.11.1: ms-python.vscode-pylance
2024-11-08 15:18:16.571 [info] Renamed to /home/yaros/.vscode/extensions/ms-python.vscode-pylance-2024.11.1
2024-11-08 15:18:16.599 [info] Marked extension as uninstalled ms-python.vscode-pylance-2024.10.1
2024-11-08 15:18:16.603 [error] [/home/yaros/.vscode/extensions/ms-python.python-2024.16.1-linux-x64]: Extension is not compatible with Code 1.92.0. Extension requires: ^1.94.0-20240918.
2024-11-08 15:18:16.604 [error] [/home/yaros/.vscode/extensions/ms-python.python-2024.16.0-linux-x64]: Extension is not compatible with Code 1.92.0. Extension requires: ^1.94.0-20240918.
2024-11-08 15:18:16.604 [error] [/home/yaros/.vscode/extensions/visualstudioexptteam.intellicode-api-usage-examples-0.2.9]: Extension is not compatible with Code 1.92.0. Extension requires: ^1.94.0.
2024-11-08 15:18:16.605 [error] [/home/yaros/.vscode/extensions/visualstudioexptteam.vscodeintellicode-1.3.2]: Extension is not compatible with Code 1.92.0. Extension requires: ^1.94.0.
2024-11-08 15:18:16.611 [info] Extension installed successfully: ms-python.vscode-pylance vscode-userdata:/home/yaros/.vscode/extensions/extensions.json
2024-11-08 15:18:16.618 [info] Getting Manifest... ms-python.python
2024-11-08 15:18:16.620 [info] Getting Manifest... visualstudioexptteam.intellicode-api-usage-examples
2024-11-08 15:18:16.621 [info] Getting Manifest... visualstudioexptteam.vscodeintellicode
2024-11-08 15:18:16.628 [info] Installing extension: visualstudioexptteam.intellicode-api-usage-examples {"productVersion":{"version":"1.95.2","date":"2024-11-07T11:09:11.719Z"},"pinned":false,"isApplicationScoped":false,"profileLocation":{"$mid":1,"external":"vscode-userdata:/home/yaros/.vscode/extensions/extensions.json","path":"/home/yaros/.vscode/extensions/extensions.json","scheme":"vscode-userdata"},"installOnlyNewlyAddedFromExtensionPack":true}
2024-11-08 15:18:16.629 [info] Installing extension: visualstudioexptteam.vscodeintellicode {"productVersion":{"version":"1.95.2","date":"2024-11-07T11:09:11.719Z"},"pinned":false,"isApplicationScoped":false,"profileLocation":{"$mid":1,"external":"vscode-userdata:/home/yaros/.vscode/extensions/extensions.json","path":"/home/yaros/.vscode/extensions/extensions.json","scheme":"vscode-userdata"},"installOnlyNewlyAddedFromExtensionPack":true}
2024-11-08 15:18:16.664 [error] [uncaught exception in sharedProcess]: Error: ENOENT: no such file or directory, stat '/home/yaros/.vscode/extensions/extensions.json.vsctmp': EntryNotFound (FileSystemError): Error: ENOENT: no such file or directory, stat '/home/yaros/.vscode/extensions/extensions.json.vsctmp'
    at o.create (/nix/store/8ki3ry01562j1mf3l29xg5lav4mcymvg-vscode-1.92.0/lib/vscode/resources/app/out/vs/code/node/sharedProcess/sharedProcessMain.js:54:19408)
    at u (/nix/store/8ki3ry01562j1mf3l29xg5lav4mcymvg-vscode-1.92.0/lib/vscode/resources/app/out/vs/code/node/sharedProcess/sharedProcessMain.js:54:19519)
    at p.hb (/nix/store/8ki3ry01562j1mf3l29xg5lav4mcymvg-vscode-1.92.0/lib/vscode/resources/app/out/vs/code/node/sharedProcess/sharedProcessMain.js:59:36714)
    at p.stat (/nix/store/8ki3ry01562j1mf3l29xg5lav4mcymvg-vscode-1.92.0/lib/vscode/resources/app/out/vs/code/node/sharedProcess/sharedProcessMain.js:59:29034)
    at async c.stat (/nix/store/8ki3ry01562j1mf3l29xg5lav4mcymvg-vscode-1.92.0/lib/vscode/resources/app/out/vs/code/node/sharedProcess/sharedProcessMain.js:59:14940)
    at async z.ub (/nix/store/8ki3ry01562j1mf3l29xg5lav4mcymvg-vscode-1.92.0/lib/vscode/resources/app/out/vs/code/node/sharedProcess/sharedProcessMain.js:105:120384)
2024-11-08 15:18:16.707 [info] Installing extension: ms-python.python {"productVersion":{"version":"1.95.2","date":"2024-11-07T11:09:11.719Z"},"pinned":false,"isApplicationScoped":false,"profileLocation":{"$mid":1,"external":"vscode-userdata:/home/yaros/.vscode/extensions/extensions.json","path":"/home/yaros/.vscode/extensions/extensions.json","scheme":"vscode-userdata"},"installOnlyNewlyAddedFromExtensionPack":true}
2024-11-08 15:18:16.833 [error] [/home/yaros/.vscode/extensions/ms-python.python-2024.16.0-linux-x64]: Extension is not compatible with Code 1.92.0. Extension requires: ^1.94.0-20240918.
2024-11-08 15:18:16.834 [error] [/home/yaros/.vscode/extensions/ms-python.python-2024.16.1-linux-x64]: Extension is not compatible with Code 1.92.0. Extension requires: ^1.94.0-20240918.
2024-11-08 15:18:16.834 [error] [/home/yaros/.vscode/extensions/visualstudioexptteam.intellicode-api-usage-examples-0.2.9]: Extension is not compatible with Code 1.92.0. Extension requires: ^1.94.0.
2024-11-08 15:18:16.835 [error] [/home/yaros/.vscode/extensions/visualstudioexptteam.vscodeintellicode-1.3.2]: Extension is not compatible with Code 1.92.0. Extension requires: ^1.94.0.
2024-11-08 15:18:16.841 [error] [/home/yaros/.vscode/extensions/visualstudioexptteam.intellicode-api-usage-examples-0.2.9]: Extension is not compatible with Code 1.92.0. Extension requires: ^1.94.0.
2024-11-08 15:18:16.842 [error] [/home/yaros/.vscode/extensions/ms-python.python-2024.16.0-linux-x64]: Extension is not compatible with Code 1.92.0. Extension requires: ^1.94.0-20240918.
2024-11-08 15:18:16.844 [error] [/home/yaros/.vscode/extensions/ms-python.python-2024.16.1-linux-x64]: Extension is not compatible with Code 1.92.0. Extension requires: ^1.94.0-20240918.
2024-11-08 15:18:16.844 [error] [/home/yaros/.vscode/extensions/visualstudioexptteam.vscodeintellicode-1.3.2]: Extension is not compatible with Code 1.92.0. Extension requires: ^1.94.0.
2024-11-08 15:18:16.848 [error] Error while installing the extension visualstudioexptteam.intellicode-api-usage-examples Cannot read the extension from /home/yaros/.vscode/extensions/visualstudioexptteam.intellicode-api-usage-examples-0.2.9 vscode-userdata:/home/yaros/.vscode/extensions/extensions.json
2024-11-08 15:18:16.850 [error] Error while installing the extension visualstudioexptteam.vscodeintellicode Cannot read the extension from /home/yaros/.vscode/extensions/visualstudioexptteam.vscodeintellicode-1.3.2 vscode-userdata:/home/yaros/.vscode/extensions/extensions.json
2024-11-08 15:18:16.872 [error] [uncaught exception in sharedProcess]: Error: ENOENT: no such file or directory, stat '/home/yaros/.vscode/extensions/extensions.json.vsctmp': EntryNotFound (FileSystemError): Error: ENOENT: no such file or directory, stat '/home/yaros/.vscode/extensions/extensions.json.vsctmp'
    at o.create (/nix/store/8ki3ry01562j1mf3l29xg5lav4mcymvg-vscode-1.92.0/lib/vscode/resources/app/out/vs/code/node/sharedProcess/sharedProcessMain.js:54:19408)
    at u (/nix/store/8ki3ry01562j1mf3l29xg5lav4mcymvg-vscode-1.92.0/lib/vscode/resources/app/out/vs/code/node/sharedProcess/sharedProcessMain.js:54:19519)
    at p.hb (/nix/store/8ki3ry01562j1mf3l29xg5lav4mcymvg-vscode-1.92.0/lib/vscode/resources/app/out/vs/code/node/sharedProcess/sharedProcessMain.js:59:36714)
    at p.stat (/nix/store/8ki3ry01562j1mf3l29xg5lav4mcymvg-vscode-1.92.0/lib/vscode/resources/app/out/vs/code/node/sharedProcess/sharedProcessMain.js:59:29034)
    at async c.stat (/nix/store/8ki3ry01562j1mf3l29xg5lav4mcymvg-vscode-1.92.0/lib/vscode/resources/app/out/vs/code/node/sharedProcess/sharedProcessMain.js:59:14940)
    at async z.ub (/nix/store/8ki3ry01562j1mf3l29xg5lav4mcymvg-vscode-1.92.0/lib/vscode/resources/app/out/vs/code/node/sharedProcess/sharedProcessMain.js:105:120384)
2024-11-08 15:18:33.466 [info] Extension signature verification result for ms-python.python: EACCES. Executed: false. Duration: 7ms.
2024-11-08 15:18:35.454 [info] Extracted extension to file:///home/yaros/.vscode/extensions/ms-python.python-2024.18.0-linux-x64: ms-python.python
2024-11-08 15:18:35.460 [info] Renamed to /home/yaros/.vscode/extensions/ms-python.python-2024.18.0-linux-x64
2024-11-08 15:18:35.464 [error] [/home/yaros/.vscode/extensions/ms-python.python-2024.18.0-linux-x64]: Extension is not compatible with Code 1.92.0. Extension requires: ^1.94.0-20240918.
2024-11-08 15:18:35.487 [error] [/home/yaros/.vscode/extensions/ms-python.python-2024.16.1-linux-x64]: Extension is not compatible with Code 1.92.0. Extension requires: ^1.94.0-20240918.
2024-11-08 15:18:35.488 [error] [/home/yaros/.vscode/extensions/ms-python.python-2024.16.0-linux-x64]: Extension is not compatible with Code 1.92.0. Extension requires: ^1.94.0-20240918.
2024-11-08 15:18:35.488 [error] [/home/yaros/.vscode/extensions/visualstudioexptteam.intellicode-api-usage-examples-0.2.9]: Extension is not compatible with Code 1.92.0. Extension requires: ^1.94.0.
2024-11-08 15:18:35.489 [error] [/home/yaros/.vscode/extensions/visualstudioexptteam.vscodeintellicode-1.3.2]: Extension is not compatible with Code 1.92.0. Extension requires: ^1.94.0.
2024-11-08 15:18:35.492 [error] [/home/yaros/.vscode/extensions/ms-python.python-2024.18.0-linux-x64]: Extension is not compatible with Code 1.92.0. Extension requires: ^1.94.0-20240918.
2024-11-08 15:18:35.495 [error] Error while installing the extension ms-python.python Cannot read the extension from /home/yaros/.vscode/extensions/ms-python.python-2024.18.0-linux-x64 vscode-userdata:/home/yaros/.vscode/extensions/extensions.json
2024-11-08 15:18:35.552 [error] [uncaught exception in sharedProcess]: Error: ENOENT: no such file or directory, stat '/home/yaros/.vscode/extensions/extensions.json.vsctmp': EntryNotFound (FileSystemError): Error: ENOENT: no such file or directory, stat '/home/yaros/.vscode/extensions/extensions.json.vsctmp'
    at o.create (/nix/store/8ki3ry01562j1mf3l29xg5lav4mcymvg-vscode-1.92.0/lib/vscode/resources/app/out/vs/code/node/sharedProcess/sharedProcessMain.js:54:19408)
    at u (/nix/store/8ki3ry01562j1mf3l29xg5lav4mcymvg-vscode-1.92.0/lib/vscode/resources/app/out/vs/code/node/sharedProcess/sharedProcessMain.js:54:19519)
    at p.hb (/nix/store/8ki3ry01562j1mf3l29xg5lav4mcymvg-vscode-1.92.0/lib/vscode/resources/app/out/vs/code/node/sharedProcess/sharedProcessMain.js:59:36714)
    at p.stat (/nix/store/8ki3ry01562j1mf3l29xg5lav4mcymvg-vscode-1.92.0/lib/vscode/resources/app/out/vs/code/node/sharedProcess/sharedProcessMain.js:59:29034)
    at async c.stat (/nix/store/8ki3ry01562j1mf3l29xg5lav4mcymvg-vscode-1.92.0/lib/vscode/resources/app/out/vs/code/node/sharedProcess/sharedProcessMain.js:59:14940)
    at async z.ub (/nix/store/8ki3ry01562j1mf3l29xg5lav4mcymvg-vscode-1.92.0/lib/vscode/resources/app/out/vs/code/node/sharedProcess/sharedProcessMain.js:105:120384)
2024-11-08 15:22:43.702 [error] [/home/yaros/.vscode/extensions/visualstudioexptteam.intellicode-api-usage-examples-0.2.9]: Extension is not compatible with Code 1.92.0. Extension requires: ^1.94.0.
2024-11-08 15:22:43.703 [error] [/home/yaros/.vscode/extensions/ms-python.python-2024.16.1-linux-x64]: Extension is not compatible with Code 1.92.0. Extension requires: ^1.94.0-20240918.
2024-11-08 15:22:43.704 [error] [/home/yaros/.vscode/extensions/ms-python.python-2024.16.0-linux-x64]: Extension is not compatible with Code 1.92.0. Extension requires: ^1.94.0-20240918.
2024-11-08 15:22:43.704 [error] [/home/yaros/.vscode/extensions/visualstudioexptteam.vscodeintellicode-1.3.2]: Extension is not compatible with Code 1.92.0. Extension requires: ^1.94.0.
2024-11-08 15:22:43.705 [error] [/home/yaros/.vscode/extensions/ms-python.python-2024.18.0-linux-x64]: Extension is not compatible with Code 1.92.0. Extension requires: ^1.94.0-20240918.
2024-11-08 15:27:43.750 [error] [/home/yaros/.vscode/extensions/visualstudioexptteam.intellicode-api-usage-examples-0.2.9]: Extension is not compatible with Code 1.92.0. Extension requires: ^1.94.0.
2024-11-08 15:27:43.752 [error] [/home/yaros/.vscode/extensions/ms-python.python-2024.16.0-linux-x64]: Extension is not compatible with Code 1.92.0. Extension requires: ^1.94.0-20240918.
2024-11-08 15:27:43.753 [error] [/home/yaros/.vscode/extensions/visualstudioexptteam.vscodeintellicode-1.3.2]: Extension is not compatible with Code 1.92.0. Extension requires: ^1.94.0.
2024-11-08 15:27:43.753 [error] [/home/yaros/.vscode/extensions/ms-python.python-2024.16.1-linux-x64]: Extension is not compatible with Code 1.92.0. Extension requires: ^1.94.0-20240918.
2024-11-08 15:27:43.756 [error] [/home/yaros/.vscode/extensions/ms-python.python-2024.18.0-linux-x64]: Extension is not compatible with Code 1.92.0. Extension requires: ^1.94.0-20240918.
2024-11-08 15:32:44.099 [error] [/home/yaros/.vscode/extensions/ms-python.python-2024.16.0-linux-x64]: Extension is not compatible with Code 1.92.0. Extension requires: ^1.94.0-20240918.
2024-11-08 15:32:44.101 [error] [/home/yaros/.vscode/extensions/ms-python.python-2024.16.1-linux-x64]: Extension is not compatible with Code 1.92.0. Extension requires: ^1.94.0-20240918.
2024-11-08 15:32:44.102 [error] [/home/yaros/.vscode/extensions/visualstudioexptteam.intellicode-api-usage-examples-0.2.9]: Extension is not compatible with Code 1.92.0. Extension requires: ^1.94.0.
2024-11-08 15:32:44.103 [error] [/home/yaros/.vscode/extensions/visualstudioexptteam.vscodeintellicode-1.3.2]: Extension is not compatible with Code 1.92.0. Extension requires: ^1.94.0.
2024-11-08 15:32:44.107 [error] [/home/yaros/.vscode/extensions/ms-python.python-2024.18.0-linux-x64]: Extension is not compatible with Code 1.92.0. Extension requires: ^1.94.0-20240918.
2024-11-08 15:37:44.190 [error] [/home/yaros/.vscode/extensions/ms-python.python-2024.16.0-linux-x64]: Extension is not compatible with Code 1.92.0. Extension requires: ^1.94.0-20240918.
2024-11-08 15:37:44.191 [error] [/home/yaros/.vscode/extensions/visualstudioexptteam.vscodeintellicode-1.3.2]: Extension is not compatible with Code 1.92.0. Extension requires: ^1.94.0.
2024-11-08 15:37:44.191 [error] [/home/yaros/.vscode/extensions/visualstudioexptteam.intellicode-api-usage-examples-0.2.9]: Extension is not compatible with Code 1.92.0. Extension requires: ^1.94.0.
2024-11-08 15:37:44.193 [error] [/home/yaros/.vscode/extensions/ms-python.python-2024.16.1-linux-x64]: Extension is not compatible with Code 1.92.0. Extension requires: ^1.94.0-20240918.
2024-11-08 15:37:44.195 [error] [/home/yaros/.vscode/extensions/ms-python.python-2024.18.0-linux-x64]: Extension is not compatible with Code 1.92.0. Extension requires: ^1.94.0-20240918.
2024-11-08 15:42:44.280 [error] [/home/yaros/.vscode/extensions/ms-python.python-2024.16.0-linux-x64]: Extension is not compatible with Code 1.92.0. Extension requires: ^1.94.0-20240918.
2024-11-08 15:42:44.281 [error] [/home/yaros/.vscode/extensions/visualstudioexptteam.intellicode-api-usage-examples-0.2.9]: Extension is not compatible with Code 1.92.0. Extension requires: ^1.94.0.
2024-11-08 15:42:44.283 [error] [/home/yaros/.vscode/extensions/ms-python.python-2024.16.1-linux-x64]: Extension is not compatible with Code 1.92.0. Extension requires: ^1.94.0-20240918.
2024-11-08 15:42:44.284 [error] [/home/yaros/.vscode/extensions/visualstudioexptteam.vscodeintellicode-1.3.2]: Extension is not compatible with Code 1.92.0. Extension requires: ^1.94.0.
2024-11-08 15:42:44.285 [error] [/home/yaros/.vscode/extensions/ms-python.python-2024.18.0-linux-x64]: Extension is not compatible with Code 1.92.0. Extension requires: ^1.94.0-20240918.
2024-11-08 15:47:44.316 [error] [/home/yaros/.vscode/extensions/ms-python.python-2024.16.1-linux-x64]: Extension is not compatible with Code 1.92.0. Extension requires: ^1.94.0-20240918.
2024-11-08 15:47:44.317 [error] [/home/yaros/.vscode/extensions/ms-python.python-2024.16.0-linux-x64]: Extension is not compatible with Code 1.92.0. Extension requires: ^1.94.0-20240918.
2024-11-08 15:47:44.317 [error] [/home/yaros/.vscode/extensions/visualstudioexptteam.intellicode-api-usage-examples-0.2.9]: Extension is not compatible with Code 1.92.0. Extension requires: ^1.94.0.
2024-11-08 15:47:44.317 [error] [/home/yaros/.vscode/extensions/visualstudioexptteam.vscodeintellicode-1.3.2]: Extension is not compatible with Code 1.92.0. Extension requires: ^1.94.0.
2024-11-08 15:47:44.318 [error] [/home/yaros/.vscode/extensions/ms-python.python-2024.18.0-linux-x64]: Extension is not compatible with Code 1.92.0. Extension requires: ^1.94.0-20240918.
2024-11-08 15:52:44.367 [error] [/home/yaros/.vscode/extensions/ms-python.python-2024.16.0-linux-x64]: Extension is not compatible with Code 1.92.0. Extension requires: ^1.94.0-20240918.
2024-11-08 15:52:44.368 [error] [/home/yaros/.vscode/extensions/visualstudioexptteam.intellicode-api-usage-examples-0.2.9]: Extension is not compatible with Code 1.92.0. Extension requires: ^1.94.0.
2024-11-08 15:52:44.369 [error] [/home/yaros/.vscode/extensions/visualstudioexptteam.vscodeintellicode-1.3.2]: Extension is not compatible with Code 1.92.0. Extension requires: ^1.94.0.
2024-11-08 15:52:44.371 [error] [/home/yaros/.vscode/extensions/ms-python.python-2024.16.1-linux-x64]: Extension is not compatible with Code 1.92.0. Extension requires: ^1.94.0-20240918.
2024-11-08 15:52:44.372 [error] [/home/yaros/.vscode/extensions/ms-python.python-2024.18.0-linux-x64]: Extension is not compatible with Code 1.92.0. Extension requires: ^1.94.0-20240918.
2024-11-08 15:57:44.402 [error] [/home/yaros/.vscode/extensions/ms-python.python-2024.16.0-linux-x64]: Extension is not compatible with Code 1.92.0. Extension requires: ^1.94.0-20240918.
2024-11-08 15:57:44.403 [error] [/home/yaros/.vscode/extensions/ms-python.python-2024.16.1-linux-x64]: Extension is not compatible with Code 1.92.0. Extension requires: ^1.94.0-20240918.
2024-11-08 15:57:44.403 [error] [/home/yaros/.vscode/extensions/visualstudioexptteam.intellicode-api-usage-examples-0.2.9]: Extension is not compatible with Code 1.92.0. Extension requires: ^1.94.0.
2024-11-08 15:57:44.403 [error] [/home/yaros/.vscode/extensions/visualstudioexptteam.vscodeintellicode-1.3.2]: Extension is not compatible with Code 1.92.0. Extension requires: ^1.94.0.
2024-11-08 15:57:44.404 [error] [/home/yaros/.vscode/extensions/ms-python.python-2024.18.0-linux-x64]: Extension is not compatible with Code 1.92.0. Extension requires: ^1.94.0-20240918.
2024-11-08 16:02:44.480 [error] [/home/yaros/.vscode/extensions/ms-python.python-2024.16.0-linux-x64]: Extension is not compatible with Code 1.92.0. Extension requires: ^1.94.0-20240918.
2024-11-08 16:02:44.482 [error] [/home/yaros/.vscode/extensions/ms-python.python-2024.16.1-linux-x64]: Extension is not compatible with Code 1.92.0. Extension requires: ^1.94.0-20240918.
2024-11-08 16:02:44.482 [error] [/home/yaros/.vscode/extensions/visualstudioexptteam.vscodeintellicode-1.3.2]: Extension is not compatible with Code 1.92.0. Extension requires: ^1.94.0.
2024-11-08 16:02:44.482 [error] [/home/yaros/.vscode/extensions/visualstudioexptteam.intellicode-api-usage-examples-0.2.9]: Extension is not compatible with Code 1.92.0. Extension requires: ^1.94.0.
2024-11-08 16:02:44.483 [error] [/home/yaros/.vscode/extensions/ms-python.python-2024.18.0-linux-x64]: Extension is not compatible with Code 1.92.0. Extension requires: ^1.94.0-20240918.
2024-11-08 16:07:44.518 [error] [/home/yaros/.vscode/extensions/ms-python.python-2024.16.0-linux-x64]: Extension is not compatible with Code 1.92.0. Extension requires: ^1.94.0-20240918.
2024-11-08 16:07:44.519 [error] [/home/yaros/.vscode/extensions/ms-python.python-2024.16.1-linux-x64]: Extension is not compatible with Code 1.92.0. Extension requires: ^1.94.0-20240918.
2024-11-08 16:07:44.519 [error] [/home/yaros/.vscode/extensions/visualstudioexptteam.intellicode-api-usage-examples-0.2.9]: Extension is not compatible with Code 1.92.0. Extension requires: ^1.94.0.
2024-11-08 16:07:44.519 [error] [/home/yaros/.vscode/extensions/visualstudioexptteam.vscodeintellicode-1.3.2]: Extension is not compatible with Code 1.92.0. Extension requires: ^1.94.0.
2024-11-08 16:07:44.522 [error] [/home/yaros/.vscode/extensions/ms-python.python-2024.18.0-linux-x64]: Extension is not compatible with Code 1.92.0. Extension requires: ^1.94.0-20240918.
2024-11-08 16:12:44.176 [error] [/home/yaros/.vscode/extensions/ms-python.python-2024.16.0-linux-x64]: Extension is not compatible with Code 1.92.0. Extension requires: ^1.94.0-20240918.
2024-11-08 16:12:44.177 [error] [/home/yaros/.vscode/extensions/ms-python.python-2024.16.1-linux-x64]: Extension is not compatible with Code 1.92.0. Extension requires: ^1.94.0-20240918.
2024-11-08 16:12:44.178 [error] [/home/yaros/.vscode/extensions/visualstudioexptteam.intellicode-api-usage-examples-0.2.9]: Extension is not compatible with Code 1.92.0. Extension requires: ^1.94.0.
2024-11-08 16:12:44.178 [error] [/home/yaros/.vscode/extensions/visualstudioexptteam.vscodeintellicode-1.3.2]: Extension is not compatible with Code 1.92.0. Extension requires: ^1.94.0.
2024-11-08 16:12:44.180 [error] [/home/yaros/.vscode/extensions/ms-python.python-2024.18.0-linux-x64]: Extension is not compatible with Code 1.92.0. Extension requires: ^1.94.0-20240918.
2024-11-08 16:17:44.231 [error] [/home/yaros/.vscode/extensions/visualstudioexptteam.intellicode-api-usage-examples-0.2.9]: Extension is not compatible with Code 1.92.0. Extension requires: ^1.94.0.
2024-11-08 16:17:44.234 [error] [/home/yaros/.vscode/extensions/ms-python.python-2024.16.1-linux-x64]: Extension is not compatible with Code 1.92.0. Extension requires: ^1.94.0-20240918.
2024-11-08 16:17:44.237 [error] [/home/yaros/.vscode/extensions/ms-python.python-2024.16.0-linux-x64]: Extension is not compatible with Code 1.92.0. Extension requires: ^1.94.0-20240918.
2024-11-08 16:17:44.237 [error] [/home/yaros/.vscode/extensions/visualstudioexptteam.vscodeintellicode-1.3.2]: Extension is not compatible with Code 1.92.0. Extension requires: ^1.94.0.
2024-11-08 16:17:44.240 [error] [/home/yaros/.vscode/extensions/ms-python.python-2024.18.0-linux-x64]: Extension is not compatible with Code 1.92.0. Extension requires: ^1.94.0-20240918.
2024-11-08 16:22:44.765 [error] [/home/yaros/.vscode/extensions/visualstudioexptteam.intellicode-api-usage-examples-0.2.9]: Extension is not compatible with Code 1.92.0. Extension requires: ^1.94.0.
2024-11-08 16:22:44.766 [error] [/home/yaros/.vscode/extensions/ms-python.python-2024.16.0-linux-x64]: Extension is not compatible with Code 1.92.0. Extension requires: ^1.94.0-20240918.
2024-11-08 16:22:44.766 [error] [/home/yaros/.vscode/extensions/visualstudioexptteam.vscodeintellicode-1.3.2]: Extension is not compatible with Code 1.92.0. Extension requires: ^1.94.0.
2024-11-08 16:22:44.767 [error] [/home/yaros/.vscode/extensions/ms-python.python-2024.16.1-linux-x64]: Extension is not compatible with Code 1.92.0. Extension requires: ^1.94.0-20240918.
2024-11-08 16:22:44.768 [error] [/home/yaros/.vscode/extensions/ms-python.python-2024.18.0-linux-x64]: Extension is not compatible with Code 1.92.0. Extension requires: ^1.94.0-20240918.
2024-11-08 16:27:44.802 [error] [/home/yaros/.vscode/extensions/ms-python.python-2024.16.1-linux-x64]: Extension is not compatible with Code 1.92.0. Extension requires: ^1.94.0-20240918.
2024-11-08 16:27:44.804 [error] [/home/yaros/.vscode/extensions/ms-python.python-2024.16.0-linux-x64]: Extension is not compatible with Code 1.92.0. Extension requires: ^1.94.0-20240918.
2024-11-08 16:27:44.804 [error] [/home/yaros/.vscode/extensions/visualstudioexptteam.intellicode-api-usage-examples-0.2.9]: Extension is not compatible with Code 1.92.0. Extension requires: ^1.94.0.
2024-11-08 16:27:44.804 [error] [/home/yaros/.vscode/extensions/visualstudioexptteam.vscodeintellicode-1.3.2]: Extension is not compatible with Code 1.92.0. Extension requires: ^1.94.0.
2024-11-08 16:27:44.805 [error] [/home/yaros/.vscode/extensions/ms-python.python-2024.18.0-linux-x64]: Extension is not compatible with Code 1.92.0. Extension requires: ^1.94.0-20240918.
2024-11-08 16:32:45.245 [error] [/home/yaros/.vscode/extensions/ms-python.python-2024.16.0-linux-x64]: Extension is not compatible with Code 1.92.0. Extension requires: ^1.94.0-20240918.
2024-11-08 16:32:45.245 [error] [/home/yaros/.vscode/extensions/visualstudioexptteam.intellicode-api-usage-examples-0.2.9]: Extension is not compatible with Code 1.92.0. Extension requires: ^1.94.0.
2024-11-08 16:32:45.247 [error] [/home/yaros/.vscode/extensions/ms-python.python-2024.16.1-linux-x64]: Extension is not compatible with Code 1.92.0. Extension requires: ^1.94.0-20240918.
2024-11-08 16:32:45.249 [error] [/home/yaros/.vscode/extensions/visualstudioexptteam.vscodeintellicode-1.3.2]: Extension is not compatible with Code 1.92.0. Extension requires: ^1.94.0.
2024-11-08 16:32:45.250 [error] [/home/yaros/.vscode/extensions/ms-python.python-2024.18.0-linux-x64]: Extension is not compatible with Code 1.92.0. Extension requires: ^1.94.0-20240918.
2024-11-08 16:37:45.284 [error] [/home/yaros/.vscode/extensions/ms-python.python-2024.16.0-linux-x64]: Extension is not compatible with Code 1.92.0. Extension requires: ^1.94.0-20240918.
2024-11-08 16:37:45.285 [error] [/home/yaros/.vscode/extensions/ms-python.python-2024.16.1-linux-x64]: Extension is not compatible with Code 1.92.0. Extension requires: ^1.94.0-20240918.
2024-11-08 16:37:45.285 [error] [/home/yaros/.vscode/extensions/visualstudioexptteam.intellicode-api-usage-examples-0.2.9]: Extension is not compatible with Code 1.92.0. Extension requires: ^1.94.0.
2024-11-08 16:37:45.286 [error] [/home/yaros/.vscode/extensions/visualstudioexptteam.vscodeintellicode-1.3.2]: Extension is not compatible with Code 1.92.0. Extension requires: ^1.94.0.
2024-11-08 16:37:45.288 [error] [/home/yaros/.vscode/extensions/ms-python.python-2024.18.0-linux-x64]: Extension is not compatible with Code 1.92.0. Extension requires: ^1.94.0-20240918.
2024-11-08 16:42:45.318 [error] [/home/yaros/.vscode/extensions/ms-python.python-2024.16.0-linux-x64]: Extension is not compatible with Code 1.92.0. Extension requires: ^1.94.0-20240918.
2024-11-08 16:42:45.319 [error] [/home/yaros/.vscode/extensions/ms-python.python-2024.16.1-linux-x64]: Extension is not compatible with Code 1.92.0. Extension requires: ^1.94.0-20240918.
2024-11-08 16:42:45.320 [error] [/home/yaros/.vscode/extensions/visualstudioexptteam.intellicode-api-usage-examples-0.2.9]: Extension is not compatible with Code 1.92.0. Extension requires: ^1.94.0.
2024-11-08 16:42:45.320 [error] [/home/yaros/.vscode/extensions/visualstudioexptteam.vscodeintellicode-1.3.2]: Extension is not compatible with Code 1.92.0. Extension requires: ^1.94.0.
2024-11-08 16:42:45.324 [error] [/home/yaros/.vscode/extensions/ms-python.python-2024.18.0-linux-x64]: Extension is not compatible with Code 1.92.0. Extension requires: ^1.94.0-20240918.
2024-11-08 16:47:45.370 [error] [/home/yaros/.vscode/extensions/ms-python.python-2024.16.0-linux-x64]: Extension is not compatible with Code 1.92.0. Extension requires: ^1.94.0-20240918.
2024-11-08 16:47:45.373 [error] [/home/yaros/.vscode/extensions/ms-python.python-2024.16.1-linux-x64]: Extension is not compatible with Code 1.92.0. Extension requires: ^1.94.0-20240918.
2024-11-08 16:47:45.373 [error] [/home/yaros/.vscode/extensions/visualstudioexptteam.intellicode-api-usage-examples-0.2.9]: Extension is not compatible with Code 1.92.0. Extension requires: ^1.94.0.
2024-11-08 16:47:45.374 [error] [/home/yaros/.vscode/extensions/visualstudioexptteam.vscodeintellicode-1.3.2]: Extension is not compatible with Code 1.92.0. Extension requires: ^1.94.0.
2024-11-08 16:47:45.376 [error] [/home/yaros/.vscode/extensions/ms-python.python-2024.18.0-linux-x64]: Extension is not compatible with Code 1.92.0. Extension requires: ^1.94.0-20240918.
2024-11-08 16:52:45.411 [error] [/home/yaros/.vscode/extensions/ms-python.python-2024.16.0-linux-x64]: Extension is not compatible with Code 1.92.0. Extension requires: ^1.94.0-20240918.
2024-11-08 16:52:45.412 [error] [/home/yaros/.vscode/extensions/visualstudioexptteam.intellicode-api-usage-examples-0.2.9]: Extension is not compatible with Code 1.92.0. Extension requires: ^1.94.0.
2024-11-08 16:52:45.413 [error] [/home/yaros/.vscode/extensions/visualstudioexptteam.vscodeintellicode-1.3.2]: Extension is not compatible with Code 1.92.0. Extension requires: ^1.94.0.
2024-11-08 16:52:45.413 [error] [/home/yaros/.vscode/extensions/ms-python.python-2024.16.1-linux-x64]: Extension is not compatible with Code 1.92.0. Extension requires: ^1.94.0-20240918.
2024-11-08 16:52:45.415 [error] [/home/yaros/.vscode/extensions/ms-python.python-2024.18.0-linux-x64]: Extension is not compatible with Code 1.92.0. Extension requires: ^1.94.0-20240918.
2024-11-08 16:57:45.467 [error] [/home/yaros/.vscode/extensions/ms-python.python-2024.16.0-linux-x64]: Extension is not compatible with Code 1.92.0. Extension requires: ^1.94.0-20240918.
2024-11-08 16:57:45.470 [error] [/home/yaros/.vscode/extensions/ms-python.python-2024.16.1-linux-x64]: Extension is not compatible with Code 1.92.0. Extension requires: ^1.94.0-20240918.
2024-11-08 16:57:45.471 [error] [/home/yaros/.vscode/extensions/visualstudioexptteam.intellicode-api-usage-examples-0.2.9]: Extension is not compatible with Code 1.92.0. Extension requires: ^1.94.0.
2024-11-08 16:57:45.471 [error] [/home/yaros/.vscode/extensions/visualstudioexptteam.vscodeintellicode-1.3.2]: Extension is not compatible with Code 1.92.0. Extension requires: ^1.94.0.
2024-11-08 16:57:45.473 [error] [/home/yaros/.vscode/extensions/ms-python.python-2024.18.0-linux-x64]: Extension is not compatible with Code 1.92.0. Extension requires: ^1.94.0-20240918.
2024-11-08 17:02:45.517 [error] [/home/yaros/.vscode/extensions/ms-python.python-2024.16.0-linux-x64]: Extension is not compatible with Code 1.92.0. Extension requires: ^1.94.0-20240918.
2024-11-08 17:02:45.518 [error] [/home/yaros/.vscode/extensions/visualstudioexptteam.intellicode-api-usage-examples-0.2.9]: Extension is not compatible with Code 1.92.0. Extension requires: ^1.94.0.
2024-11-08 17:02:45.519 [error] [/home/yaros/.vscode/extensions/visualstudioexptteam.vscodeintellicode-1.3.2]: Extension is not compatible with Code 1.92.0. Extension requires: ^1.94.0.
2024-11-08 17:02:45.520 [error] [/home/yaros/.vscode/extensions/ms-python.python-2024.16.1-linux-x64]: Extension is not compatible with Code 1.92.0. Extension requires: ^1.94.0-20240918.
2024-11-08 17:02:45.523 [error] [/home/yaros/.vscode/extensions/ms-python.python-2024.18.0-linux-x64]: Extension is not compatible with Code 1.92.0. Extension requires: ^1.94.0-20240918.
2024-11-08 17:07:45.562 [error] [/home/yaros/.vscode/extensions/ms-python.python-2024.16.0-linux-x64]: Extension is not compatible with Code 1.92.0. Extension requires: ^1.94.0-20240918.
2024-11-08 17:07:45.563 [error] [/home/yaros/.vscode/extensions/visualstudioexptteam.intellicode-api-usage-examples-0.2.9]: Extension is not compatible with Code 1.92.0. Extension requires: ^1.94.0.
2024-11-08 17:07:45.564 [error] [/home/yaros/.vscode/extensions/ms-python.python-2024.16.1-linux-x64]: Extension is not compatible with Code 1.92.0. Extension requires: ^1.94.0-20240918.
2024-11-08 17:07:45.564 [error] [/home/yaros/.vscode/extensions/visualstudioexptteam.vscodeintellicode-1.3.2]: Extension is not compatible with Code 1.92.0. Extension requires: ^1.94.0.
2024-11-08 17:07:45.567 [error] [/home/yaros/.vscode/extensions/ms-python.python-2024.18.0-linux-x64]: Extension is not compatible with Code 1.92.0. Extension requires: ^1.94.0-20240918.
2024-11-08 17:12:45.643 [error] [/home/yaros/.vscode/extensions/ms-python.python-2024.16.0-linux-x64]: Extension is not compatible with Code 1.92.0. Extension requires: ^1.94.0-20240918.
2024-11-08 17:12:45.644 [error] [/home/yaros/.vscode/extensions/visualstudioexptteam.intellicode-api-usage-examples-0.2.9]: Extension is not compatible with Code 1.92.0. Extension requires: ^1.94.0.
2024-11-08 17:12:45.644 [error] [/home/yaros/.vscode/extensions/visualstudioexptteam.vscodeintellicode-1.3.2]: Extension is not compatible with Code 1.92.0. Extension requires: ^1.94.0.
2024-11-08 17:12:45.647 [error] [/home/yaros/.vscode/extensions/ms-python.python-2024.16.1-linux-x64]: Extension is not compatible with Code 1.92.0. Extension requires: ^1.94.0-20240918.
2024-11-08 17:12:45.647 [error] [/home/yaros/.vscode/extensions/ms-python.python-2024.18.0-linux-x64]: Extension is not compatible with Code 1.92.0. Extension requires: ^1.94.0-20240918.
2024-11-08 17:17:45.720 [error] [/home/yaros/.vscode/extensions/ms-python.python-2024.16.1-linux-x64]: Extension is not compatible with Code 1.92.0. Extension requires: ^1.94.0-20240918.
2024-11-08 17:17:45.721 [error] [/home/yaros/.vscode/extensions/ms-python.python-2024.16.0-linux-x64]: Extension is not compatible with Code 1.92.0. Extension requires: ^1.94.0-20240918.
2024-11-08 17:17:45.722 [error] [/home/yaros/.vscode/extensions/visualstudioexptteam.vscodeintellicode-1.3.2]: Extension is not compatible with Code 1.92.0. Extension requires: ^1.94.0.
2024-11-08 17:17:45.722 [error] [/home/yaros/.vscode/extensions/visualstudioexptteam.intellicode-api-usage-examples-0.2.9]: Extension is not compatible with Code 1.92.0. Extension requires: ^1.94.0.
2024-11-08 17:17:45.725 [error] [/home/yaros/.vscode/extensions/ms-python.python-2024.18.0-linux-x64]: Extension is not compatible with Code 1.92.0. Extension requires: ^1.94.0-20240918.
2024-11-08 17:22:45.769 [error] [/home/yaros/.vscode/extensions/ms-python.python-2024.16.0-linux-x64]: Extension is not compatible with Code 1.92.0. Extension requires: ^1.94.0-20240918.
2024-11-08 17:22:45.770 [error] [/home/yaros/.vscode/extensions/visualstudioexptteam.intellicode-api-usage-examples-0.2.9]: Extension is not compatible with Code 1.92.0. Extension requires: ^1.94.0.
2024-11-08 17:22:45.771 [error] [/home/yaros/.vscode/extensions/ms-python.python-2024.16.1-linux-x64]: Extension is not compatible with Code 1.92.0. Extension requires: ^1.94.0-20240918.
2024-11-08 17:22:45.771 [error] [/home/yaros/.vscode/extensions/visualstudioexptteam.vscodeintellicode-1.3.2]: Extension is not compatible with Code 1.92.0. Extension requires: ^1.94.0.
2024-11-08 17:22:45.772 [error] [/home/yaros/.vscode/extensions/ms-python.python-2024.18.0-linux-x64]: Extension is not compatible with Code 1.92.0. Extension requires: ^1.94.0-20240918.
2024-11-08 17:27:45.815 [error] [/home/yaros/.vscode/extensions/ms-python.python-2024.16.1-linux-x64]: Extension is not compatible with Code 1.92.0. Extension requires: ^1.94.0-20240918.
2024-11-08 17:27:45.816 [error] [/home/yaros/.vscode/extensions/ms-python.python-2024.16.0-linux-x64]: Extension is not compatible with Code 1.92.0. Extension requires: ^1.94.0-20240918.
2024-11-08 17:27:45.817 [error] [/home/yaros/.vscode/extensions/visualstudioexptteam.intellicode-api-usage-examples-0.2.9]: Extension is not compatible with Code 1.92.0. Extension requires: ^1.94.0.
2024-11-08 17:27:45.817 [error] [/home/yaros/.vscode/extensions/visualstudioexptteam.vscodeintellicode-1.3.2]: Extension is not compatible with Code 1.92.0. Extension requires: ^1.94.0.
2024-11-08 17:27:45.821 [error] [/home/yaros/.vscode/extensions/ms-python.python-2024.18.0-linux-x64]: Extension is not compatible with Code 1.92.0. Extension requires: ^1.94.0-20240918.
2024-11-08 17:32:46.143 [error] [/home/yaros/.vscode/extensions/visualstudioexptteam.intellicode-api-usage-examples-0.2.9]: Extension is not compatible with Code 1.92.0. Extension requires: ^1.94.0.
2024-11-08 17:32:46.144 [error] [/home/yaros/.vscode/extensions/ms-python.python-2024.16.0-linux-x64]: Extension is not compatible with Code 1.92.0. Extension requires: ^1.94.0-20240918.
2024-11-08 17:32:46.146 [error] [/home/yaros/.vscode/extensions/ms-python.python-2024.16.1-linux-x64]: Extension is not compatible with Code 1.92.0. Extension requires: ^1.94.0-20240918.
2024-11-08 17:32:46.147 [error] [/home/yaros/.vscode/extensions/visualstudioexptteam.vscodeintellicode-1.3.2]: Extension is not compatible with Code 1.92.0. Extension requires: ^1.94.0.
2024-11-08 17:32:46.149 [error] [/home/yaros/.vscode/extensions/ms-python.python-2024.18.0-linux-x64]: Extension is not compatible with Code 1.92.0. Extension requires: ^1.94.0-20240918.
2024-11-08 17:37:46.227 [error] [/home/yaros/.vscode/extensions/ms-python.python-2024.16.0-linux-x64]: Extension is not compatible with Code 1.92.0. Extension requires: ^1.94.0-20240918.
2024-11-08 17:37:46.227 [error] [/home/yaros/.vscode/extensions/visualstudioexptteam.intellicode-api-usage-examples-0.2.9]: Extension is not compatible with Code 1.92.0. Extension requires: ^1.94.0.
2024-11-08 17:37:46.228 [error] [/home/yaros/.vscode/extensions/ms-python.python-2024.16.1-linux-x64]: Extension is not compatible with Code 1.92.0. Extension requires: ^1.94.0-20240918.
2024-11-08 17:37:46.228 [error] [/home/yaros/.vscode/extensions/visualstudioexptteam.vscodeintellicode-1.3.2]: Extension is not compatible with Code 1.92.0. Extension requires: ^1.94.0.
2024-11-08 17:37:46.229 [error] [/home/yaros/.vscode/extensions/ms-python.python-2024.18.0-linux-x64]: Extension is not compatible with Code 1.92.0. Extension requires: ^1.94.0-20240918.
2024-11-08 17:42:46.300 [error] [/home/yaros/.vscode/extensions/ms-python.python-2024.16.0-linux-x64]: Extension is not compatible with Code 1.92.0. Extension requires: ^1.94.0-20240918.
2024-11-08 17:42:46.302 [error] [/home/yaros/.vscode/extensions/ms-python.python-2024.16.1-linux-x64]: Extension is not compatible with Code 1.92.0. Extension requires: ^1.94.0-20240918.
2024-11-08 17:42:46.303 [error] [/home/yaros/.vscode/extensions/visualstudioexptteam.intellicode-api-usage-examples-0.2.9]: Extension is not compatible with Code 1.92.0. Extension requires: ^1.94.0.
2024-11-08 17:42:46.303 [error] [/home/yaros/.vscode/extensions/visualstudioexptteam.vscodeintellicode-1.3.2]: Extension is not compatible with Code 1.92.0. Extension requires: ^1.94.0.
2024-11-08 17:42:46.305 [error] [/home/yaros/.vscode/extensions/ms-python.python-2024.18.0-linux-x64]: Extension is not compatible with Code 1.92.0. Extension requires: ^1.94.0-20240918.
2024-11-08 17:47:46.375 [error] [/home/yaros/.vscode/extensions/ms-python.python-2024.16.0-linux-x64]: Extension is not compatible with Code 1.92.0. Extension requires: ^1.94.0-20240918.
2024-11-08 17:47:46.376 [error] [/home/yaros/.vscode/extensions/ms-python.python-2024.16.1-linux-x64]: Extension is not compatible with Code 1.92.0. Extension requires: ^1.94.0-20240918.
2024-11-08 17:47:46.376 [error] [/home/yaros/.vscode/extensions/visualstudioexptteam.intellicode-api-usage-examples-0.2.9]: Extension is not compatible with Code 1.92.0. Extension requires: ^1.94.0.
2024-11-08 17:47:46.377 [error] [/home/yaros/.vscode/extensions/visualstudioexptteam.vscodeintellicode-1.3.2]: Extension is not compatible with Code 1.92.0. Extension requires: ^1.94.0.
2024-11-08 17:47:46.381 [error] [/home/yaros/.vscode/extensions/ms-python.python-2024.18.0-linux-x64]: Extension is not compatible with Code 1.92.0. Extension requires: ^1.94.0-20240918.
2024-11-08 17:52:46.465 [error] [/home/yaros/.vscode/extensions/ms-python.python-2024.16.0-linux-x64]: Extension is not compatible with Code 1.92.0. Extension requires: ^1.94.0-20240918.
2024-11-08 17:52:46.468 [error] [/home/yaros/.vscode/extensions/ms-python.python-2024.16.1-linux-x64]: Extension is not compatible with Code 1.92.0. Extension requires: ^1.94.0-20240918.
2024-11-08 17:52:46.469 [error] [/home/yaros/.vscode/extensions/visualstudioexptteam.intellicode-api-usage-examples-0.2.9]: Extension is not compatible with Code 1.92.0. Extension requires: ^1.94.0.
2024-11-08 17:52:46.469 [error] [/home/yaros/.vscode/extensions/visualstudioexptteam.vscodeintellicode-1.3.2]: Extension is not compatible with Code 1.92.0. Extension requires: ^1.94.0.
2024-11-08 17:52:46.472 [error] [/home/yaros/.vscode/extensions/ms-python.python-2024.18.0-linux-x64]: Extension is not compatible with Code 1.92.0. Extension requires: ^1.94.0-20240918.
2024-11-08 17:57:46.585 [error] [/home/yaros/.vscode/extensions/ms-python.python-2024.16.0-linux-x64]: Extension is not compatible with Code 1.92.0. Extension requires: ^1.94.0-20240918.
2024-11-08 17:57:46.590 [error] [/home/yaros/.vscode/extensions/ms-python.python-2024.16.1-linux-x64]: Extension is not compatible with Code 1.92.0. Extension requires: ^1.94.0-20240918.
2024-11-08 17:57:46.591 [error] [/home/yaros/.vscode/extensions/visualstudioexptteam.vscodeintellicode-1.3.2]: Extension is not compatible with Code 1.92.0. Extension requires: ^1.94.0.
2024-11-08 17:57:46.593 [error] [/home/yaros/.vscode/extensions/visualstudioexptteam.intellicode-api-usage-examples-0.2.9]: Extension is not compatible with Code 1.92.0. Extension requires: ^1.94.0.
2024-11-08 17:57:46.603 [error] [/home/yaros/.vscode/extensions/ms-python.python-2024.18.0-linux-x64]: Extension is not compatible with Code 1.92.0. Extension requires: ^1.94.0-20240918.
2024-11-08 18:02:46.758 [error] [/home/yaros/.vscode/extensions/ms-python.python-2024.16.0-linux-x64]: Extension is not compatible with Code 1.92.0. Extension requires: ^1.94.0-20240918.
2024-11-08 18:02:46.763 [error] [/home/yaros/.vscode/extensions/ms-python.python-2024.16.1-linux-x64]: Extension is not compatible with Code 1.92.0. Extension requires: ^1.94.0-20240918.
2024-11-08 18:02:46.765 [error] [/home/yaros/.vscode/extensions/visualstudioexptteam.intellicode-api-usage-examples-0.2.9]: Extension is not compatible with Code 1.92.0. Extension requires: ^1.94.0.
2024-11-08 18:02:46.767 [error] [/home/yaros/.vscode/extensions/visualstudioexptteam.vscodeintellicode-1.3.2]: Extension is not compatible with Code 1.92.0. Extension requires: ^1.94.0.
2024-11-08 18:02:46.776 [error] [/home/yaros/.vscode/extensions/ms-python.python-2024.18.0-linux-x64]: Extension is not compatible with Code 1.92.0. Extension requires: ^1.94.0-20240918.
2024-11-08 18:07:46.885 [error] [/home/yaros/.vscode/extensions/ms-python.python-2024.16.0-linux-x64]: Extension is not compatible with Code 1.92.0. Extension requires: ^1.94.0-20240918.
2024-11-08 18:07:46.889 [error] [/home/yaros/.vscode/extensions/ms-python.python-2024.16.1-linux-x64]: Extension is not compatible with Code 1.92.0. Extension requires: ^1.94.0-20240918.
2024-11-08 18:07:46.889 [error] [/home/yaros/.vscode/extensions/visualstudioexptteam.intellicode-api-usage-examples-0.2.9]: Extension is not compatible with Code 1.92.0. Extension requires: ^1.94.0.
2024-11-08 18:07:46.890 [error] [/home/yaros/.vscode/extensions/visualstudioexptteam.vscodeintellicode-1.3.2]: Extension is not compatible with Code 1.92.0. Extension requires: ^1.94.0.
2024-11-08 18:07:46.896 [error] [/home/yaros/.vscode/extensions/ms-python.python-2024.18.0-linux-x64]: Extension is not compatible with Code 1.92.0. Extension requires: ^1.94.0-20240918.
2024-11-08 18:12:47.012 [error] [/home/yaros/.vscode/extensions/ms-python.python-2024.16.0-linux-x64]: Extension is not compatible with Code 1.92.0. Extension requires: ^1.94.0-20240918.
2024-11-08 18:12:47.017 [error] [/home/yaros/.vscode/extensions/ms-python.python-2024.16.1-linux-x64]: Extension is not compatible with Code 1.92.0. Extension requires: ^1.94.0-20240918.
2024-11-08 18:12:47.019 [error] [/home/yaros/.vscode/extensions/visualstudioexptteam.vscodeintellicode-1.3.2]: Extension is not compatible with Code 1.92.0. Extension requires: ^1.94.0.
2024-11-08 18:12:47.020 [error] [/home/yaros/.vscode/extensions/visualstudioexptteam.intellicode-api-usage-examples-0.2.9]: Extension is not compatible with Code 1.92.0. Extension requires: ^1.94.0.
2024-11-08 18:12:47.023 [error] [/home/yaros/.vscode/extensions/ms-python.python-2024.18.0-linux-x64]: Extension is not compatible with Code 1.92.0. Extension requires: ^1.94.0-20240918.
2024-11-08 18:17:47.162 [error] [/home/yaros/.vscode/extensions/ms-python.python-2024.16.0-linux-x64]: Extension is not compatible with Code 1.92.0. Extension requires: ^1.94.0-20240918.
2024-11-08 18:17:47.164 [error] [/home/yaros/.vscode/extensions/visualstudioexptteam.intellicode-api-usage-examples-0.2.9]: Extension is not compatible with Code 1.92.0. Extension requires: ^1.94.0.
2024-11-08 18:17:47.168 [error] [/home/yaros/.vscode/extensions/ms-python.python-2024.16.1-linux-x64]: Extension is not compatible with Code 1.92.0. Extension requires: ^1.94.0-20240918.
2024-11-08 18:17:47.170 [error] [/home/yaros/.vscode/extensions/visualstudioexptteam.vscodeintellicode-1.3.2]: Extension is not compatible with Code 1.92.0. Extension requires: ^1.94.0.
2024-11-08 18:17:47.176 [error] [/home/yaros/.vscode/extensions/ms-python.python-2024.18.0-linux-x64]: Extension is not compatible with Code 1.92.0. Extension requires: ^1.94.0-20240918.
2024-11-08 18:22:47.395 [error] [/home/yaros/.vscode/extensions/ms-python.python-2024.16.0-linux-x64]: Extension is not compatible with Code 1.92.0. Extension requires: ^1.94.0-20240918.
2024-11-08 18:22:47.406 [error] [/home/yaros/.vscode/extensions/ms-python.python-2024.16.1-linux-x64]: Extension is not compatible with Code 1.92.0. Extension requires: ^1.94.0-20240918.
2024-11-08 18:22:47.408 [error] [/home/yaros/.vscode/extensions/visualstudioexptteam.intellicode-api-usage-examples-0.2.9]: Extension is not compatible with Code 1.92.0. Extension requires: ^1.94.0.
2024-11-08 18:22:47.428 [error] [/home/yaros/.vscode/extensions/visualstudioexptteam.vscodeintellicode-1.3.2]: Extension is not compatible with Code 1.92.0. Extension requires: ^1.94.0.
2024-11-08 18:22:47.436 [error] [/home/yaros/.vscode/extensions/ms-python.python-2024.18.0-linux-x64]: Extension is not compatible with Code 1.92.0. Extension requires: ^1.94.0-20240918.
2024-11-08 18:27:47.638 [error] [/home/yaros/.vscode/extensions/ms-python.python-2024.16.0-linux-x64]: Extension is not compatible with Code 1.92.0. Extension requires: ^1.94.0-20240918.
2024-11-08 18:27:47.647 [error] [/home/yaros/.vscode/extensions/ms-python.python-2024.16.1-linux-x64]: Extension is not compatible with Code 1.92.0. Extension requires: ^1.94.0-20240918.
2024-11-08 18:27:47.648 [error] [/home/yaros/.vscode/extensions/visualstudioexptteam.intellicode-api-usage-examples-0.2.9]: Extension is not compatible with Code 1.92.0. Extension requires: ^1.94.0.
2024-11-08 18:27:47.649 [error] [/home/yaros/.vscode/extensions/visualstudioexptteam.vscodeintellicode-1.3.2]: Extension is not compatible with Code 1.92.0. Extension requires: ^1.94.0.
2024-11-08 18:27:47.667 [error] [/home/yaros/.vscode/extensions/ms-python.python-2024.18.0-linux-x64]: Extension is not compatible with Code 1.92.0. Extension requires: ^1.94.0-20240918.
2024-11-08 18:32:47.864 [error] [/home/yaros/.vscode/extensions/ms-python.python-2024.16.0-linux-x64]: Extension is not compatible with Code 1.92.0. Extension requires: ^1.94.0-20240918.
2024-11-08 18:32:47.872 [error] [/home/yaros/.vscode/extensions/ms-python.python-2024.16.1-linux-x64]: Extension is not compatible with Code 1.92.0. Extension requires: ^1.94.0-20240918.
2024-11-08 18:32:47.873 [error] [/home/yaros/.vscode/extensions/visualstudioexptteam.intellicode-api-usage-examples-0.2.9]: Extension is not compatible with Code 1.92.0. Extension requires: ^1.94.0.
2024-11-08 18:32:47.874 [error] [/home/yaros/.vscode/extensions/visualstudioexptteam.vscodeintellicode-1.3.2]: Extension is not compatible with Code 1.92.0. Extension requires: ^1.94.0.
2024-11-08 18:32:47.886 [error] [/home/yaros/.vscode/extensions/ms-python.python-2024.18.0-linux-x64]: Extension is not compatible with Code 1.92.0. Extension requires: ^1.94.0-20240918.
2024-11-08 18:37:47.997 [error] [/home/yaros/.vscode/extensions/ms-python.python-2024.16.0-linux-x64]: Extension is not compatible with Code 1.92.0. Extension requires: ^1.94.0-20240918.
2024-11-08 18:37:47.999 [error] [/home/yaros/.vscode/extensions/ms-python.python-2024.16.1-linux-x64]: Extension is not compatible with Code 1.92.0. Extension requires: ^1.94.0-20240918.
2024-11-08 18:37:48.000 [error] [/home/yaros/.vscode/extensions/visualstudioexptteam.intellicode-api-usage-examples-0.2.9]: Extension is not compatible with Code 1.92.0. Extension requires: ^1.94.0.
2024-11-08 18:37:48.005 [error] [/home/yaros/.vscode/extensions/visualstudioexptteam.vscodeintellicode-1.3.2]: Extension is not compatible with Code 1.92.0. Extension requires: ^1.94.0.
2024-11-08 18:37:48.008 [error] [/home/yaros/.vscode/extensions/ms-python.python-2024.18.0-linux-x64]: Extension is not compatible with Code 1.92.0. Extension requires: ^1.94.0-20240918.
2024-11-08 18:42:48.117 [error] [/home/yaros/.vscode/extensions/ms-python.python-2024.16.0-linux-x64]: Extension is not compatible with Code 1.92.0. Extension requires: ^1.94.0-20240918.
2024-11-08 18:42:48.119 [error] [/home/yaros/.vscode/extensions/ms-python.python-2024.16.1-linux-x64]: Extension is not compatible with Code 1.92.0. Extension requires: ^1.94.0-20240918.
2024-11-08 18:42:48.120 [error] [/home/yaros/.vscode/extensions/visualstudioexptteam.intellicode-api-usage-examples-0.2.9]: Extension is not compatible with Code 1.92.0. Extension requires: ^1.94.0.
2024-11-08 18:42:48.121 [error] [/home/yaros/.vscode/extensions/visualstudioexptteam.vscodeintellicode-1.3.2]: Extension is not compatible with Code 1.92.0. Extension requires: ^1.94.0.
2024-11-08 18:42:48.130 [error] [/home/yaros/.vscode/extensions/ms-python.python-2024.18.0-linux-x64]: Extension is not compatible with Code 1.92.0. Extension requires: ^1.94.0-20240918.
2024-11-08 18:47:48.213 [error] [/home/yaros/.vscode/extensions/ms-python.python-2024.16.0-linux-x64]: Extension is not compatible with Code 1.92.0. Extension requires: ^1.94.0-20240918.
2024-11-08 18:47:48.214 [error] [/home/yaros/.vscode/extensions/visualstudioexptteam.intellicode-api-usage-examples-0.2.9]: Extension is not compatible with Code 1.92.0. Extension requires: ^1.94.0.
2024-11-08 18:47:48.217 [error] [/home/yaros/.vscode/extensions/ms-python.python-2024.16.1-linux-x64]: Extension is not compatible with Code 1.92.0. Extension requires: ^1.94.0-20240918.
2024-11-08 18:47:48.218 [error] [/home/yaros/.vscode/extensions/visualstudioexptteam.vscodeintellicode-1.3.2]: Extension is not compatible with Code 1.92.0. Extension requires: ^1.94.0.
2024-11-08 18:47:48.221 [error] [/home/yaros/.vscode/extensions/ms-python.python-2024.18.0-linux-x64]: Extension is not compatible with Code 1.92.0. Extension requires: ^1.94.0-20240918.
2024-11-08 18:52:48.325 [error] [/home/yaros/.vscode/extensions/ms-python.python-2024.16.0-linux-x64]: Extension is not compatible with Code 1.92.0. Extension requires: ^1.94.0-20240918.
2024-11-08 18:52:48.328 [error] [/home/yaros/.vscode/extensions/ms-python.python-2024.16.1-linux-x64]: Extension is not compatible with Code 1.92.0. Extension requires: ^1.94.0-20240918.
2024-11-08 18:52:48.328 [error] [/home/yaros/.vscode/extensions/visualstudioexptteam.intellicode-api-usage-examples-0.2.9]: Extension is not compatible with Code 1.92.0. Extension requires: ^1.94.0.
2024-11-08 18:52:48.329 [error] [/home/yaros/.vscode/extensions/visualstudioexptteam.vscodeintellicode-1.3.2]: Extension is not compatible with Code 1.92.0. Extension requires: ^1.94.0.
2024-11-08 18:52:48.336 [error] [/home/yaros/.vscode/extensions/ms-python.python-2024.18.0-linux-x64]: Extension is not compatible with Code 1.92.0. Extension requires: ^1.94.0-20240918.
2024-11-08 18:57:48.440 [error] [/home/yaros/.vscode/extensions/ms-python.python-2024.16.0-linux-x64]: Extension is not compatible with Code 1.92.0. Extension requires: ^1.94.0-20240918.
2024-11-08 18:57:48.445 [error] [/home/yaros/.vscode/extensions/ms-python.python-2024.16.1-linux-x64]: Extension is not compatible with Code 1.92.0. Extension requires: ^1.94.0-20240918.
2024-11-08 18:57:48.446 [error] [/home/yaros/.vscode/extensions/visualstudioexptteam.intellicode-api-usage-examples-0.2.9]: Extension is not compatible with Code 1.92.0. Extension requires: ^1.94.0.
2024-11-08 18:57:48.447 [error] [/home/yaros/.vscode/extensions/visualstudioexptteam.vscodeintellicode-1.3.2]: Extension is not compatible with Code 1.92.0. Extension requires: ^1.94.0.
2024-11-08 18:57:48.454 [error] [/home/yaros/.vscode/extensions/ms-python.python-2024.18.0-linux-x64]: Extension is not compatible with Code 1.92.0. Extension requires: ^1.94.0-20240918.
2024-11-08 19:02:48.555 [error] [/home/yaros/.vscode/extensions/ms-python.python-2024.16.0-linux-x64]: Extension is not compatible with Code 1.92.0. Extension requires: ^1.94.0-20240918.
2024-11-08 19:02:48.558 [error] [/home/yaros/.vscode/extensions/ms-python.python-2024.16.1-linux-x64]: Extension is not compatible with Code 1.92.0. Extension requires: ^1.94.0-20240918.
2024-11-08 19:02:48.559 [error] [/home/yaros/.vscode/extensions/visualstudioexptteam.intellicode-api-usage-examples-0.2.9]: Extension is not compatible with Code 1.92.0. Extension requires: ^1.94.0.
2024-11-08 19:02:48.562 [error] [/home/yaros/.vscode/extensions/ms-python.python-2024.18.0-linux-x64]: Extension is not compatible with Code 1.92.0. Extension requires: ^1.94.0-20240918.
2024-11-08 19:02:48.562 [error] [/home/yaros/.vscode/extensions/visualstudioexptteam.vscodeintellicode-1.3.2]: Extension is not compatible with Code 1.92.0. Extension requires: ^1.94.0.
2024-11-08 19:07:48.658 [error] [/home/yaros/.vscode/extensions/ms-python.python-2024.16.0-linux-x64]: Extension is not compatible with Code 1.92.0. Extension requires: ^1.94.0-20240918.
2024-11-08 19:07:48.659 [error] [/home/yaros/.vscode/extensions/ms-python.python-2024.16.1-linux-x64]: Extension is not compatible with Code 1.92.0. Extension requires: ^1.94.0-20240918.
2024-11-08 19:07:48.661 [error] [/home/yaros/.vscode/extensions/visualstudioexptteam.vscodeintellicode-1.3.2]: Extension is not compatible with Code 1.92.0. Extension requires: ^1.94.0.
2024-11-08 19:07:48.662 [error] [/home/yaros/.vscode/extensions/visualstudioexptteam.intellicode-api-usage-examples-0.2.9]: Extension is not compatible with Code 1.92.0. Extension requires: ^1.94.0.
2024-11-08 19:07:48.666 [error] [/home/yaros/.vscode/extensions/ms-python.python-2024.18.0-linux-x64]: Extension is not compatible with Code 1.92.0. Extension requires: ^1.94.0-20240918.
2024-11-08 19:12:48.743 [error] [/home/yaros/.vscode/extensions/ms-python.python-2024.16.0-linux-x64]: Extension is not compatible with Code 1.92.0. Extension requires: ^1.94.0-20240918.
2024-11-08 19:12:48.746 [error] [/home/yaros/.vscode/extensions/ms-python.python-2024.16.1-linux-x64]: Extension is not compatible with Code 1.92.0. Extension requires: ^1.94.0-20240918.
2024-11-08 19:12:48.747 [error] [/home/yaros/.vscode/extensions/visualstudioexptteam.intellicode-api-usage-examples-0.2.9]: Extension is not compatible with Code 1.92.0. Extension requires: ^1.94.0.
2024-11-08 19:12:48.749 [error] [/home/yaros/.vscode/extensions/visualstudioexptteam.vscodeintellicode-1.3.2]: Extension is not compatible with Code 1.92.0. Extension requires: ^1.94.0.
2024-11-08 19:12:48.755 [error] [/home/yaros/.vscode/extensions/ms-python.python-2024.18.0-linux-x64]: Extension is not compatible with Code 1.92.0. Extension requires: ^1.94.0-20240918.
2024-11-08 19:17:48.864 [error] [/home/yaros/.vscode/extensions/ms-python.python-2024.16.0-linux-x64]: Extension is not compatible with Code 1.92.0. Extension requires: ^1.94.0-20240918.
2024-11-08 19:17:48.865 [error] [/home/yaros/.vscode/extensions/visualstudioexptteam.vscodeintellicode-1.3.2]: Extension is not compatible with Code 1.92.0. Extension requires: ^1.94.0.
2024-11-08 19:17:48.868 [error] [/home/yaros/.vscode/extensions/ms-python.python-2024.16.1-linux-x64]: Extension is not compatible with Code 1.92.0. Extension requires: ^1.94.0-20240918.
2024-11-08 19:17:48.869 [error] [/home/yaros/.vscode/extensions/visualstudioexptteam.intellicode-api-usage-examples-0.2.9]: Extension is not compatible with Code 1.92.0. Extension requires: ^1.94.0.
2024-11-08 19:17:48.878 [error] [/home/yaros/.vscode/extensions/ms-python.python-2024.18.0-linux-x64]: Extension is not compatible with Code 1.92.0. Extension requires: ^1.94.0-20240918.
2024-11-08 19:22:48.985 [error] [/home/yaros/.vscode/extensions/visualstudioexptteam.intellicode-api-usage-examples-0.2.9]: Extension is not compatible with Code 1.92.0. Extension requires: ^1.94.0.
2024-11-08 19:22:48.987 [error] [/home/yaros/.vscode/extensions/ms-python.python-2024.16.0-linux-x64]: Extension is not compatible with Code 1.92.0. Extension requires: ^1.94.0-20240918.
2024-11-08 19:22:48.990 [error] [/home/yaros/.vscode/extensions/ms-python.python-2024.16.1-linux-x64]: Extension is not compatible with Code 1.92.0. Extension requires: ^1.94.0-20240918.
2024-11-08 19:22:48.993 [error] [/home/yaros/.vscode/extensions/visualstudioexptteam.vscodeintellicode-1.3.2]: Extension is not compatible with Code 1.92.0. Extension requires: ^1.94.0.
2024-11-08 19:22:48.996 [error] [/home/yaros/.vscode/extensions/ms-python.python-2024.18.0-linux-x64]: Extension is not compatible with Code 1.92.0. Extension requires: ^1.94.0-20240918.
2024-11-08 19:27:49.098 [error] [/home/yaros/.vscode/extensions/ms-python.python-2024.16.0-linux-x64]: Extension is not compatible with Code 1.92.0. Extension requires: ^1.94.0-20240918.
2024-11-08 19:27:49.101 [error] [/home/yaros/.vscode/extensions/visualstudioexptteam.intellicode-api-usage-examples-0.2.9]: Extension is not compatible with Code 1.92.0. Extension requires: ^1.94.0.
2024-11-08 19:27:49.103 [error] [/home/yaros/.vscode/extensions/ms-python.python-2024.16.1-linux-x64]: Extension is not compatible with Code 1.92.0. Extension requires: ^1.94.0-20240918.
2024-11-08 19:27:49.104 [error] [/home/yaros/.vscode/extensions/visualstudioexptteam.vscodeintellicode-1.3.2]: Extension is not compatible with Code 1.92.0. Extension requires: ^1.94.0.
2024-11-08 19:27:49.112 [error] [/home/yaros/.vscode/extensions/ms-python.python-2024.18.0-linux-x64]: Extension is not compatible with Code 1.92.0. Extension requires: ^1.94.0-20240918.
2024-11-08 19:32:49.344 [error] [/home/yaros/.vscode/extensions/ms-python.python-2024.16.1-linux-x64]: Extension is not compatible with Code 1.92.0. Extension requires: ^1.94.0-20240918.
2024-11-08 19:32:49.349 [error] [/home/yaros/.vscode/extensions/ms-python.python-2024.16.0-linux-x64]: Extension is not compatible with Code 1.92.0. Extension requires: ^1.94.0-20240918.
2024-11-08 19:32:49.350 [error] [/home/yaros/.vscode/extensions/visualstudioexptteam.vscodeintellicode-1.3.2]: Extension is not compatible with Code 1.92.0. Extension requires: ^1.94.0.
2024-11-08 19:32:49.350 [error] [/home/yaros/.vscode/extensions/visualstudioexptteam.intellicode-api-usage-examples-0.2.9]: Extension is not compatible with Code 1.92.0. Extension requires: ^1.94.0.
2024-11-08 19:32:49.358 [error] [/home/yaros/.vscode/extensions/ms-python.python-2024.18.0-linux-x64]: Extension is not compatible with Code 1.92.0. Extension requires: ^1.94.0-20240918.
2024-11-08 19:37:49.457 [error] [/home/yaros/.vscode/extensions/ms-python.python-2024.16.0-linux-x64]: Extension is not compatible with Code 1.92.0. Extension requires: ^1.94.0-20240918.
2024-11-08 19:37:49.460 [error] [/home/yaros/.vscode/extensions/ms-python.python-2024.16.1-linux-x64]: Extension is not compatible with Code 1.92.0. Extension requires: ^1.94.0-20240918.
2024-11-08 19:37:49.461 [error] [/home/yaros/.vscode/extensions/visualstudioexptteam.intellicode-api-usage-examples-0.2.9]: Extension is not compatible with Code 1.92.0. Extension requires: ^1.94.0.
2024-11-08 19:37:49.462 [error] [/home/yaros/.vscode/extensions/visualstudioexptteam.vscodeintellicode-1.3.2]: Extension is not compatible with Code 1.92.0. Extension requires: ^1.94.0.
2024-11-08 19:37:49.464 [error] [/home/yaros/.vscode/extensions/ms-python.python-2024.18.0-linux-x64]: Extension is not compatible with Code 1.92.0. Extension requires: ^1.94.0-20240918.
2024-11-08 19:42:49.578 [error] [/home/yaros/.vscode/extensions/ms-python.python-2024.16.0-linux-x64]: Extension is not compatible with Code 1.92.0. Extension requires: ^1.94.0-20240918.
2024-11-08 19:42:49.581 [error] [/home/yaros/.vscode/extensions/visualstudioexptteam.intellicode-api-usage-examples-0.2.9]: Extension is not compatible with Code 1.92.0. Extension requires: ^1.94.0.
2024-11-08 19:42:49.583 [error] [/home/yaros/.vscode/extensions/ms-python.python-2024.16.1-linux-x64]: Extension is not compatible with Code 1.92.0. Extension requires: ^1.94.0-20240918.
2024-11-08 19:42:49.584 [error] [/home/yaros/.vscode/extensions/visualstudioexptteam.vscodeintellicode-1.3.2]: Extension is not compatible with Code 1.92.0. Extension requires: ^1.94.0.
2024-11-08 19:42:49.587 [error] [/home/yaros/.vscode/extensions/ms-python.python-2024.18.0-linux-x64]: Extension is not compatible with Code 1.92.0. Extension requires: ^1.94.0-20240918.
2024-11-08 19:47:49.685 [error] [/home/yaros/.vscode/extensions/visualstudioexptteam.intellicode-api-usage-examples-0.2.9]: Extension is not compatible with Code 1.92.0. Extension requires: ^1.94.0.
2024-11-08 19:47:49.692 [error] [/home/yaros/.vscode/extensions/ms-python.python-2024.16.0-linux-x64]: Extension is not compatible with Code 1.92.0. Extension requires: ^1.94.0-20240918.
2024-11-08 19:47:49.694 [error] [/home/yaros/.vscode/extensions/ms-python.python-2024.16.1-linux-x64]: Extension is not compatible with Code 1.92.0. Extension requires: ^1.94.0-20240918.
2024-11-08 19:47:49.695 [error] [/home/yaros/.vscode/extensions/visualstudioexptteam.vscodeintellicode-1.3.2]: Extension is not compatible with Code 1.92.0. Extension requires: ^1.94.0.
2024-11-08 19:47:49.701 [error] [/home/yaros/.vscode/extensions/ms-python.python-2024.18.0-linux-x64]: Extension is not compatible with Code 1.92.0. Extension requires: ^1.94.0-20240918.
2024-11-08 19:52:49.804 [error] [/home/yaros/.vscode/extensions/ms-python.python-2024.16.1-linux-x64]: Extension is not compatible with Code 1.92.0. Extension requires: ^1.94.0-20240918.
2024-11-08 19:52:49.807 [error] [/home/yaros/.vscode/extensions/ms-python.python-2024.16.0-linux-x64]: Extension is not compatible with Code 1.92.0. Extension requires: ^1.94.0-20240918.
2024-11-08 19:52:49.808 [error] [/home/yaros/.vscode/extensions/visualstudioexptteam.vscodeintellicode-1.3.2]: Extension is not compatible with Code 1.92.0. Extension requires: ^1.94.0.
2024-11-08 19:52:49.809 [error] [/home/yaros/.vscode/extensions/visualstudioexptteam.intellicode-api-usage-examples-0.2.9]: Extension is not compatible with Code 1.92.0. Extension requires: ^1.94.0.
2024-11-08 19:52:49.817 [error] [/home/yaros/.vscode/extensions/ms-python.python-2024.18.0-linux-x64]: Extension is not compatible with Code 1.92.0. Extension requires: ^1.94.0-20240918.
2024-11-08 19:57:49.918 [error] [/home/yaros/.vscode/extensions/ms-python.python-2024.16.1-linux-x64]: Extension is not compatible with Code 1.92.0. Extension requires: ^1.94.0-20240918.
2024-11-08 19:57:49.921 [error] [/home/yaros/.vscode/extensions/ms-python.python-2024.16.0-linux-x64]: Extension is not compatible with Code 1.92.0. Extension requires: ^1.94.0-20240918.
2024-11-08 19:57:49.923 [error] [/home/yaros/.vscode/extensions/visualstudioexptteam.intellicode-api-usage-examples-0.2.9]: Extension is not compatible with Code 1.92.0. Extension requires: ^1.94.0.
2024-11-08 19:57:49.924 [error] [/home/yaros/.vscode/extensions/visualstudioexptteam.vscodeintellicode-1.3.2]: Extension is not compatible with Code 1.92.0. Extension requires: ^1.94.0.
2024-11-08 19:57:49.932 [error] [/home/yaros/.vscode/extensions/ms-python.python-2024.18.0-linux-x64]: Extension is not compatible with Code 1.92.0. Extension requires: ^1.94.0-20240918.
2024-11-08 20:02:50.033 [error] [/home/yaros/.vscode/extensions/ms-python.python-2024.16.0-linux-x64]: Extension is not compatible with Code 1.92.0. Extension requires: ^1.94.0-20240918.
2024-11-08 20:02:50.035 [error] [/home/yaros/.vscode/extensions/ms-python.python-2024.16.1-linux-x64]: Extension is not compatible with Code 1.92.0. Extension requires: ^1.94.0-20240918.
2024-11-08 20:02:50.036 [error] [/home/yaros/.vscode/extensions/visualstudioexptteam.vscodeintellicode-1.3.2]: Extension is not compatible with Code 1.92.0. Extension requires: ^1.94.0.
2024-11-08 20:02:50.036 [error] [/home/yaros/.vscode/extensions/visualstudioexptteam.intellicode-api-usage-examples-0.2.9]: Extension is not compatible with Code 1.92.0. Extension requires: ^1.94.0.
2024-11-08 20:02:50.044 [error] [/home/yaros/.vscode/extensions/ms-python.python-2024.18.0-linux-x64]: Extension is not compatible with Code 1.92.0. Extension requires: ^1.94.0-20240918.
2024-11-08 20:07:50.145 [error] [/home/yaros/.vscode/extensions/ms-python.python-2024.16.1-linux-x64]: Extension is not compatible with Code 1.92.0. Extension requires: ^1.94.0-20240918.
2024-11-08 20:07:50.147 [error] [/home/yaros/.vscode/extensions/ms-python.python-2024.16.0-linux-x64]: Extension is not compatible with Code 1.92.0. Extension requires: ^1.94.0-20240918.
2024-11-08 20:07:50.148 [error] [/home/yaros/.vscode/extensions/visualstudioexptteam.vscodeintellicode-1.3.2]: Extension is not compatible with Code 1.92.0. Extension requires: ^1.94.0.
2024-11-08 20:07:50.149 [error] [/home/yaros/.vscode/extensions/visualstudioexptteam.intellicode-api-usage-examples-0.2.9]: Extension is not compatible with Code 1.92.0. Extension requires: ^1.94.0.
2024-11-08 20:07:50.154 [error] [/home/yaros/.vscode/extensions/ms-python.python-2024.18.0-linux-x64]: Extension is not compatible with Code 1.92.0. Extension requires: ^1.94.0-20240918.
