2024-10-24 13:47:16.738 [error] [/home/yaros/.vscode/extensions/ms-python.python-2024.16.0-linux-x64]: Extension is not compatible with Code 1.92.0. Extension requires: ^1.94.0-20240918.
2024-10-24 13:47:16.744 [error] [/home/yaros/.vscode/extensions/ms-python.python-2024.16.1-linux-x64]: Extension is not compatible with Code 1.92.0. Extension requires: ^1.94.0-20240918.
2024-10-24 13:47:16.774 [error] [/home/yaros/.vscode/extensions/ms-python.python-2024.16.0-linux-x64]: Extension is not compatible with Code 1.92.0. Extension requires: ^1.94.0-20240918.
2024-10-24 13:47:16.776 [error] [/home/yaros/.vscode/extensions/ms-python.python-2024.16.1-linux-x64]: Extension is not compatible with Code 1.92.0. Extension requires: ^1.94.0-20240918.
2024-10-24 13:47:16.890 [info] Deleted uninstalled extension from disk ms-python.debugpy /home/yaros/.vscode/extensions/ms-python.debugpy-2024.10.0-linux-x64
2024-10-24 13:47:16.906 [error] [/home/yaros/.vscode/extensions/ms-python.python-2024.16.1-linux-x64]: Extension is not compatible with Code 1.92.0. Extension requires: ^1.94.0-20240918.
2024-10-24 13:47:16.907 [error] [/home/yaros/.vscode/extensions/ms-python.python-2024.16.0-linux-x64]: Extension is not compatible with Code 1.92.0. Extension requires: ^1.94.0-20240918.
2024-10-24 13:47:16.935 [error] [/home/yaros/.vscode/extensions/ms-python.python-2024.16.0-linux-x64]: Extension is not compatible with Code 1.92.0. Extension requires: ^1.94.0-20240918.
2024-10-24 13:47:16.941 [error] [/home/yaros/.vscode/extensions/ms-python.python-2024.16.1-linux-x64]: Extension is not compatible with Code 1.92.0. Extension requires: ^1.94.0-20240918.
2024-10-24 13:47:17.078 [error] [/home/yaros/.vscode/extensions/ms-python.python-2024.16.0-linux-x64]: Extension is not compatible with Code 1.92.0. Extension requires: ^1.94.0-20240918.
2024-10-24 13:47:17.087 [error] [/home/yaros/.vscode/extensions/ms-python.python-2024.16.1-linux-x64]: Extension is not compatible with Code 1.92.0. Extension requires: ^1.94.0-20240918.
2024-10-24 13:47:17.607 [error] [/home/yaros/.vscode/extensions/ms-python.python-2024.16.0-linux-x64]: Extension is not compatible with Code 1.92.0. Extension requires: ^1.94.0-20240918.
2024-10-24 13:47:17.611 [error] [/home/yaros/.vscode/extensions/ms-python.python-2024.16.1-linux-x64]: Extension is not compatible with Code 1.92.0. Extension requires: ^1.94.0-20240918.
2024-10-24 13:47:17.914 [error] [/home/yaros/.vscode/extensions/ms-python.python-2024.16.0-linux-x64]: Extension is not compatible with Code 1.92.0. Extension requires: ^1.94.0-20240918.
2024-10-24 13:47:17.920 [error] [/home/yaros/.vscode/extensions/ms-python.python-2024.16.1-linux-x64]: Extension is not compatible with Code 1.92.0. Extension requires: ^1.94.0-20240918.
2024-10-24 13:47:18.455 [error] [/home/yaros/.vscode/extensions/ms-python.python-2024.16.0-linux-x64]: Extension is not compatible with Code 1.92.0. Extension requires: ^1.94.0-20240918.
2024-10-24 13:47:18.465 [error] [/home/yaros/.vscode/extensions/ms-python.python-2024.16.1-linux-x64]: Extension is not compatible with Code 1.92.0. Extension requires: ^1.94.0-20240918.
2024-10-24 13:47:18.695 [error] [/home/yaros/.vscode/extensions/ms-python.python-2024.16.0-linux-x64]: Extension is not compatible with Code 1.92.0. Extension requires: ^1.94.0-20240918.
2024-10-24 13:47:18.698 [error] [/home/yaros/.vscode/extensions/ms-python.python-2024.16.1-linux-x64]: Extension is not compatible with Code 1.92.0. Extension requires: ^1.94.0-20240918.
2024-10-24 13:47:18.930 [error] [/home/yaros/.vscode/extensions/ms-python.python-2024.16.0-linux-x64]: Extension is not compatible with Code 1.92.0. Extension requires: ^1.94.0-20240918.
2024-10-24 13:47:18.935 [error] [/home/yaros/.vscode/extensions/ms-python.python-2024.16.1-linux-x64]: Extension is not compatible with Code 1.92.0. Extension requires: ^1.94.0-20240918.
2024-10-24 13:47:19.070 [error] [/home/yaros/.vscode/extensions/ms-python.python-2024.16.0-linux-x64]: Extension is not compatible with Code 1.92.0. Extension requires: ^1.94.0-20240918.
2024-10-24 13:47:19.072 [error] [/home/yaros/.vscode/extensions/ms-python.python-2024.16.1-linux-x64]: Extension is not compatible with Code 1.92.0. Extension requires: ^1.94.0-20240918.
2024-10-24 13:47:19.587 [error] [/home/yaros/.vscode/extensions/ms-python.python-2024.16.0-linux-x64]: Extension is not compatible with Code 1.92.0. Extension requires: ^1.94.0-20240918.
2024-10-24 13:47:19.595 [error] [/home/yaros/.vscode/extensions/ms-python.python-2024.16.1-linux-x64]: Extension is not compatible with Code 1.92.0. Extension requires: ^1.94.0-20240918.
2024-10-24 13:47:19.914 [error] [/home/yaros/.vscode/extensions/ms-python.python-2024.16.0-linux-x64]: Extension is not compatible with Code 1.92.0. Extension requires: ^1.94.0-20240918.
2024-10-24 13:47:19.919 [error] [/home/yaros/.vscode/extensions/ms-python.python-2024.16.1-linux-x64]: Extension is not compatible with Code 1.92.0. Extension requires: ^1.94.0-20240918.
2024-10-24 13:47:20.273 [error] [/home/yaros/.vscode/extensions/ms-python.python-2024.16.0-linux-x64]: Extension is not compatible with Code 1.92.0. Extension requires: ^1.94.0-20240918.
2024-10-24 13:47:20.277 [error] [/home/yaros/.vscode/extensions/ms-python.python-2024.16.1-linux-x64]: Extension is not compatible with Code 1.92.0. Extension requires: ^1.94.0-20240918.
2024-10-24 13:47:20.295 [error] [/home/yaros/.vscode/extensions/ms-python.python-2024.16.0-linux-x64]: Extension is not compatible with Code 1.92.0. Extension requires: ^1.94.0-20240918.
2024-10-24 13:47:20.298 [error] [/home/yaros/.vscode/extensions/ms-python.python-2024.16.1-linux-x64]: Extension is not compatible with Code 1.92.0. Extension requires: ^1.94.0-20240918.
2024-10-24 13:47:46.852 [info] Getting Manifest... ms-python.python
2024-10-24 13:47:46.856 [info] Getting Manifest... visualstudioexptteam.intellicode-api-usage-examples
2024-10-24 13:47:46.859 [info] Getting Manifest... visualstudioexptteam.vscodeintellicode
2024-10-24 13:47:46.887 [info] Installing extension: ms-python.python {"productVersion":{"version":"1.94.2","date":"2024-10-09T16:12:28.579Z"},"pinned":false,"isApplicationScoped":false,"profileLocation":{"$mid":1,"external":"vscode-userdata:/home/yaros/.vscode/extensions/extensions.json","path":"/home/yaros/.vscode/extensions/extensions.json","scheme":"vscode-userdata"},"installOnlyNewlyAddedFromExtensionPack":true}
2024-10-24 13:47:46.948 [info] Installing extension: visualstudioexptteam.intellicode-api-usage-examples {"productVersion":{"version":"1.94.2","date":"2024-10-09T16:12:28.579Z"},"pinned":false,"isApplicationScoped":false,"profileLocation":{"$mid":1,"external":"vscode-userdata:/home/yaros/.vscode/extensions/extensions.json","path":"/home/yaros/.vscode/extensions/extensions.json","scheme":"vscode-userdata"},"installOnlyNewlyAddedFromExtensionPack":true}
2024-10-24 13:47:46.950 [info] Installing extension: visualstudioexptteam.vscodeintellicode {"productVersion":{"version":"1.94.2","date":"2024-10-09T16:12:28.579Z"},"pinned":false,"isApplicationScoped":false,"profileLocation":{"$mid":1,"external":"vscode-userdata:/home/yaros/.vscode/extensions/extensions.json","path":"/home/yaros/.vscode/extensions/extensions.json","scheme":"vscode-userdata"},"installOnlyNewlyAddedFromExtensionPack":true}
2024-10-24 13:47:47.264 [error] [/home/yaros/.vscode/extensions/ms-python.python-2024.16.0-linux-x64]: Extension is not compatible with Code 1.92.0. Extension requires: ^1.94.0-20240918.
2024-10-24 13:47:47.267 [error] [/home/yaros/.vscode/extensions/ms-python.python-2024.16.1-linux-x64]: Extension is not compatible with Code 1.92.0. Extension requires: ^1.94.0-20240918.
2024-10-24 13:47:47.271 [error] Error while installing the extension ms-python.python Cannot read the extension from /home/yaros/.vscode/extensions/ms-python.python-2024.16.1-linux-x64 vscode-userdata:/home/yaros/.vscode/extensions/extensions.json
2024-10-24 13:47:47.311 [error] [uncaught exception in sharedProcess]: Error: ENOENT: no such file or directory, stat '/home/yaros/.vscode/extensions/extensions.json.vsctmp': EntryNotFound (FileSystemError): Error: ENOENT: no such file or directory, stat '/home/yaros/.vscode/extensions/extensions.json.vsctmp'
    at o.create (/nix/store/8ki3ry01562j1mf3l29xg5lav4mcymvg-vscode-1.92.0/lib/vscode/resources/app/out/vs/code/node/sharedProcess/sharedProcessMain.js:54:19408)
    at u (/nix/store/8ki3ry01562j1mf3l29xg5lav4mcymvg-vscode-1.92.0/lib/vscode/resources/app/out/vs/code/node/sharedProcess/sharedProcessMain.js:54:19519)
    at p.hb (/nix/store/8ki3ry01562j1mf3l29xg5lav4mcymvg-vscode-1.92.0/lib/vscode/resources/app/out/vs/code/node/sharedProcess/sharedProcessMain.js:59:36714)
    at p.stat (/nix/store/8ki3ry01562j1mf3l29xg5lav4mcymvg-vscode-1.92.0/lib/vscode/resources/app/out/vs/code/node/sharedProcess/sharedProcessMain.js:59:29034)
    at async c.stat (/nix/store/8ki3ry01562j1mf3l29xg5lav4mcymvg-vscode-1.92.0/lib/vscode/resources/app/out/vs/code/node/sharedProcess/sharedProcessMain.js:59:14940)
    at async z.ub (/nix/store/8ki3ry01562j1mf3l29xg5lav4mcymvg-vscode-1.92.0/lib/vscode/resources/app/out/vs/code/node/sharedProcess/sharedProcessMain.js:105:120384)
2024-10-24 13:47:48.025 [info] Extension signature verification result for visualstudioexptteam.intellicode-api-usage-examples: EACCES. Executed: false. Duration: 8ms.
2024-10-24 13:47:48.480 [info] Extracted extension to file:///home/yaros/.vscode/extensions/visualstudioexptteam.intellicode-api-usage-examples-0.2.9: visualstudioexptteam.intellicode-api-usage-examples
2024-10-24 13:47:48.488 [info] Renamed to /home/yaros/.vscode/extensions/visualstudioexptteam.intellicode-api-usage-examples-0.2.9
2024-10-24 13:47:48.492 [error] [/home/yaros/.vscode/extensions/visualstudioexptteam.intellicode-api-usage-examples-0.2.9]: Extension is not compatible with Code 1.92.0. Extension requires: ^1.94.0.
2024-10-24 13:47:48.558 [error] [/home/yaros/.vscode/extensions/ms-python.python-2024.16.0-linux-x64]: Extension is not compatible with Code 1.92.0. Extension requires: ^1.94.0-20240918.
2024-10-24 13:47:48.566 [error] [/home/yaros/.vscode/extensions/ms-python.python-2024.16.1-linux-x64]: Extension is not compatible with Code 1.92.0. Extension requires: ^1.94.0-20240918.
2024-10-24 13:47:48.566 [error] [/home/yaros/.vscode/extensions/visualstudioexptteam.intellicode-api-usage-examples-0.2.9]: Extension is not compatible with Code 1.92.0. Extension requires: ^1.94.0.
2024-10-24 13:47:48.569 [error] Error while installing the extension visualstudioexptteam.intellicode-api-usage-examples Cannot read the extension from /home/yaros/.vscode/extensions/visualstudioexptteam.intellicode-api-usage-examples-0.2.9 vscode-userdata:/home/yaros/.vscode/extensions/extensions.json
2024-10-24 13:47:48.581 [error] [uncaught exception in sharedProcess]: Error: ENOENT: no such file or directory, stat '/home/yaros/.vscode/extensions/extensions.json.vsctmp': EntryNotFound (FileSystemError): Error: ENOENT: no such file or directory, stat '/home/yaros/.vscode/extensions/extensions.json.vsctmp'
    at o.create (/nix/store/8ki3ry01562j1mf3l29xg5lav4mcymvg-vscode-1.92.0/lib/vscode/resources/app/out/vs/code/node/sharedProcess/sharedProcessMain.js:54:19408)
    at u (/nix/store/8ki3ry01562j1mf3l29xg5lav4mcymvg-vscode-1.92.0/lib/vscode/resources/app/out/vs/code/node/sharedProcess/sharedProcessMain.js:54:19519)
    at p.hb (/nix/store/8ki3ry01562j1mf3l29xg5lav4mcymvg-vscode-1.92.0/lib/vscode/resources/app/out/vs/code/node/sharedProcess/sharedProcessMain.js:59:36714)
    at p.stat (/nix/store/8ki3ry01562j1mf3l29xg5lav4mcymvg-vscode-1.92.0/lib/vscode/resources/app/out/vs/code/node/sharedProcess/sharedProcessMain.js:59:29034)
    at async c.stat (/nix/store/8ki3ry01562j1mf3l29xg5lav4mcymvg-vscode-1.92.0/lib/vscode/resources/app/out/vs/code/node/sharedProcess/sharedProcessMain.js:59:14940)
    at async z.ub (/nix/store/8ki3ry01562j1mf3l29xg5lav4mcymvg-vscode-1.92.0/lib/vscode/resources/app/out/vs/code/node/sharedProcess/sharedProcessMain.js:105:120384)
2024-10-24 13:47:54.053 [info] Extension signature verification result for visualstudioexptteam.vscodeintellicode: EACCES. Executed: false. Duration: 7ms.
2024-10-24 13:47:55.667 [info] Extracted extension to file:///home/yaros/.vscode/extensions/visualstudioexptteam.vscodeintellicode-1.3.2: visualstudioexptteam.vscodeintellicode
2024-10-24 13:47:55.674 [info] Renamed to /home/yaros/.vscode/extensions/visualstudioexptteam.vscodeintellicode-1.3.2
2024-10-24 13:47:55.677 [error] [/home/yaros/.vscode/extensions/visualstudioexptteam.vscodeintellicode-1.3.2]: Extension is not compatible with Code 1.92.0. Extension requires: ^1.94.0.
2024-10-24 13:47:55.720 [error] [/home/yaros/.vscode/extensions/ms-python.python-2024.16.1-linux-x64]: Extension is not compatible with Code 1.92.0. Extension requires: ^1.94.0-20240918.
2024-10-24 13:47:55.726 [error] [/home/yaros/.vscode/extensions/ms-python.python-2024.16.0-linux-x64]: Extension is not compatible with Code 1.92.0. Extension requires: ^1.94.0-20240918.
2024-10-24 13:47:55.731 [error] [/home/yaros/.vscode/extensions/visualstudioexptteam.intellicode-api-usage-examples-0.2.9]: Extension is not compatible with Code 1.92.0. Extension requires: ^1.94.0.
2024-10-24 13:47:55.733 [error] [/home/yaros/.vscode/extensions/visualstudioexptteam.vscodeintellicode-1.3.2]: Extension is not compatible with Code 1.92.0. Extension requires: ^1.94.0.
2024-10-24 13:47:55.738 [error] Error while installing the extension visualstudioexptteam.vscodeintellicode Cannot read the extension from /home/yaros/.vscode/extensions/visualstudioexptteam.vscodeintellicode-1.3.2 vscode-userdata:/home/yaros/.vscode/extensions/extensions.json
2024-10-24 13:47:55.768 [error] [uncaught exception in sharedProcess]: Error: ENOENT: no such file or directory, stat '/home/yaros/.vscode/extensions/extensions.json.vsctmp': EntryNotFound (FileSystemError): Error: ENOENT: no such file or directory, stat '/home/yaros/.vscode/extensions/extensions.json.vsctmp'
    at o.create (/nix/store/8ki3ry01562j1mf3l29xg5lav4mcymvg-vscode-1.92.0/lib/vscode/resources/app/out/vs/code/node/sharedProcess/sharedProcessMain.js:54:19408)
    at u (/nix/store/8ki3ry01562j1mf3l29xg5lav4mcymvg-vscode-1.92.0/lib/vscode/resources/app/out/vs/code/node/sharedProcess/sharedProcessMain.js:54:19519)
    at p.hb (/nix/store/8ki3ry01562j1mf3l29xg5lav4mcymvg-vscode-1.92.0/lib/vscode/resources/app/out/vs/code/node/sharedProcess/sharedProcessMain.js:59:36714)
    at p.stat (/nix/store/8ki3ry01562j1mf3l29xg5lav4mcymvg-vscode-1.92.0/lib/vscode/resources/app/out/vs/code/node/sharedProcess/sharedProcessMain.js:59:29034)
    at async c.stat (/nix/store/8ki3ry01562j1mf3l29xg5lav4mcymvg-vscode-1.92.0/lib/vscode/resources/app/out/vs/code/node/sharedProcess/sharedProcessMain.js:59:14940)
    at async z.ub (/nix/store/8ki3ry01562j1mf3l29xg5lav4mcymvg-vscode-1.92.0/lib/vscode/resources/app/out/vs/code/node/sharedProcess/sharedProcessMain.js:105:120384)
2024-10-24 13:52:21.403 [error] [/home/yaros/.vscode/extensions/ms-python.python-2024.16.0-linux-x64]: Extension is not compatible with Code 1.92.0. Extension requires: ^1.94.0-20240918.
2024-10-24 13:52:21.414 [error] [/home/yaros/.vscode/extensions/ms-python.python-2024.16.1-linux-x64]: Extension is not compatible with Code 1.92.0. Extension requires: ^1.94.0-20240918.
2024-10-24 13:52:21.416 [error] [/home/yaros/.vscode/extensions/visualstudioexptteam.intellicode-api-usage-examples-0.2.9]: Extension is not compatible with Code 1.92.0. Extension requires: ^1.94.0.
2024-10-24 13:52:21.417 [error] [/home/yaros/.vscode/extensions/visualstudioexptteam.vscodeintellicode-1.3.2]: Extension is not compatible with Code 1.92.0. Extension requires: ^1.94.0.
2024-10-24 13:57:21.486 [error] [/home/yaros/.vscode/extensions/ms-python.python-2024.16.1-linux-x64]: Extension is not compatible with Code 1.92.0. Extension requires: ^1.94.0-20240918.
2024-10-24 13:57:21.487 [error] [/home/yaros/.vscode/extensions/ms-python.python-2024.16.0-linux-x64]: Extension is not compatible with Code 1.92.0. Extension requires: ^1.94.0-20240918.
2024-10-24 13:57:21.488 [error] [/home/yaros/.vscode/extensions/visualstudioexptteam.intellicode-api-usage-examples-0.2.9]: Extension is not compatible with Code 1.92.0. Extension requires: ^1.94.0.
2024-10-24 13:57:21.489 [error] [/home/yaros/.vscode/extensions/visualstudioexptteam.vscodeintellicode-1.3.2]: Extension is not compatible with Code 1.92.0. Extension requires: ^1.94.0.
2024-10-24 14:02:21.532 [error] [/home/yaros/.vscode/extensions/ms-python.python-2024.16.0-linux-x64]: Extension is not compatible with Code 1.92.0. Extension requires: ^1.94.0-20240918.
2024-10-24 14:02:21.536 [error] [/home/yaros/.vscode/extensions/visualstudioexptteam.vscodeintellicode-1.3.2]: Extension is not compatible with Code 1.92.0. Extension requires: ^1.94.0.
2024-10-24 14:02:21.536 [error] [/home/yaros/.vscode/extensions/visualstudioexptteam.intellicode-api-usage-examples-0.2.9]: Extension is not compatible with Code 1.92.0. Extension requires: ^1.94.0.
2024-10-24 14:02:21.538 [error] [/home/yaros/.vscode/extensions/ms-python.python-2024.16.1-linux-x64]: Extension is not compatible with Code 1.92.0. Extension requires: ^1.94.0-20240918.
2024-10-24 14:07:21.583 [error] [/home/yaros/.vscode/extensions/ms-python.python-2024.16.0-linux-x64]: Extension is not compatible with Code 1.92.0. Extension requires: ^1.94.0-20240918.
2024-10-24 14:07:21.584 [error] [/home/yaros/.vscode/extensions/ms-python.python-2024.16.1-linux-x64]: Extension is not compatible with Code 1.92.0. Extension requires: ^1.94.0-20240918.
2024-10-24 14:07:21.584 [error] [/home/yaros/.vscode/extensions/visualstudioexptteam.intellicode-api-usage-examples-0.2.9]: Extension is not compatible with Code 1.92.0. Extension requires: ^1.94.0.
2024-10-24 14:07:21.586 [error] [/home/yaros/.vscode/extensions/visualstudioexptteam.vscodeintellicode-1.3.2]: Extension is not compatible with Code 1.92.0. Extension requires: ^1.94.0.
2024-10-24 14:12:21.630 [error] [/home/yaros/.vscode/extensions/ms-python.python-2024.16.0-linux-x64]: Extension is not compatible with Code 1.92.0. Extension requires: ^1.94.0-20240918.
2024-10-24 14:12:21.631 [error] [/home/yaros/.vscode/extensions/ms-python.python-2024.16.1-linux-x64]: Extension is not compatible with Code 1.92.0. Extension requires: ^1.94.0-20240918.
2024-10-24 14:12:21.634 [error] [/home/yaros/.vscode/extensions/visualstudioexptteam.intellicode-api-usage-examples-0.2.9]: Extension is not compatible with Code 1.92.0. Extension requires: ^1.94.0.
2024-10-24 14:12:21.637 [error] [/home/yaros/.vscode/extensions/visualstudioexptteam.vscodeintellicode-1.3.2]: Extension is not compatible with Code 1.92.0. Extension requires: ^1.94.0.
2024-10-24 14:17:21.792 [error] [/home/yaros/.vscode/extensions/ms-python.python-2024.16.0-linux-x64]: Extension is not compatible with Code 1.92.0. Extension requires: ^1.94.0-20240918.
2024-10-24 14:17:21.801 [error] [/home/yaros/.vscode/extensions/ms-python.python-2024.16.1-linux-x64]: Extension is not compatible with Code 1.92.0. Extension requires: ^1.94.0-20240918.
2024-10-24 14:17:21.803 [error] [/home/yaros/.vscode/extensions/visualstudioexptteam.intellicode-api-usage-examples-0.2.9]: Extension is not compatible with Code 1.92.0. Extension requires: ^1.94.0.
2024-10-24 14:17:21.804 [error] [/home/yaros/.vscode/extensions/visualstudioexptteam.vscodeintellicode-1.3.2]: Extension is not compatible with Code 1.92.0. Extension requires: ^1.94.0.
2024-10-24 14:22:21.911 [error] [/home/yaros/.vscode/extensions/ms-python.python-2024.16.0-linux-x64]: Extension is not compatible with Code 1.92.0. Extension requires: ^1.94.0-20240918.
2024-10-24 14:22:21.917 [error] [/home/yaros/.vscode/extensions/ms-python.python-2024.16.1-linux-x64]: Extension is not compatible with Code 1.92.0. Extension requires: ^1.94.0-20240918.
2024-10-24 14:22:21.918 [error] [/home/yaros/.vscode/extensions/visualstudioexptteam.vscodeintellicode-1.3.2]: Extension is not compatible with Code 1.92.0. Extension requires: ^1.94.0.
2024-10-24 14:22:21.921 [error] [/home/yaros/.vscode/extensions/visualstudioexptteam.intellicode-api-usage-examples-0.2.9]: Extension is not compatible with Code 1.92.0. Extension requires: ^1.94.0.
2024-10-24 14:27:22.034 [error] [/home/yaros/.vscode/extensions/ms-python.python-2024.16.0-linux-x64]: Extension is not compatible with Code 1.92.0. Extension requires: ^1.94.0-20240918.
2024-10-24 14:27:22.041 [error] [/home/yaros/.vscode/extensions/ms-python.python-2024.16.1-linux-x64]: Extension is not compatible with Code 1.92.0. Extension requires: ^1.94.0-20240918.
2024-10-24 14:27:22.043 [error] [/home/yaros/.vscode/extensions/visualstudioexptteam.intellicode-api-usage-examples-0.2.9]: Extension is not compatible with Code 1.92.0. Extension requires: ^1.94.0.
2024-10-24 14:27:22.045 [error] [/home/yaros/.vscode/extensions/visualstudioexptteam.vscodeintellicode-1.3.2]: Extension is not compatible with Code 1.92.0. Extension requires: ^1.94.0.
2024-10-24 14:32:22.150 [error] [/home/yaros/.vscode/extensions/ms-python.python-2024.16.0-linux-x64]: Extension is not compatible with Code 1.92.0. Extension requires: ^1.94.0-20240918.
2024-10-24 14:32:22.152 [error] [/home/yaros/.vscode/extensions/visualstudioexptteam.intellicode-api-usage-examples-0.2.9]: Extension is not compatible with Code 1.92.0. Extension requires: ^1.94.0.
2024-10-24 14:32:22.157 [error] [/home/yaros/.vscode/extensions/visualstudioexptteam.vscodeintellicode-1.3.2]: Extension is not compatible with Code 1.92.0. Extension requires: ^1.94.0.
2024-10-24 14:32:22.162 [error] [/home/yaros/.vscode/extensions/ms-python.python-2024.16.1-linux-x64]: Extension is not compatible with Code 1.92.0. Extension requires: ^1.94.0-20240918.
