2024-10-14 23:25:42.807 [error] [/home/yaros/.vscode/extensions/ms-python.python-2024.16.1-linux-x64]: Extension is not compatible with Code 1.92.0. Extension requires: ^1.94.0-20240918.
2024-10-14 23:25:42.815 [error] [/home/yaros/.vscode/extensions/ms-python.python-2024.16.0-linux-x64]: Extension is not compatible with Code 1.92.0. Extension requires: ^1.94.0-20240918.
2024-10-14 23:25:42.896 [error] [/home/yaros/.vscode/extensions/ms-python.python-2024.16.0-linux-x64]: Extension is not compatible with Code 1.92.0. Extension requires: ^1.94.0-20240918.
2024-10-14 23:25:42.898 [error] [/home/yaros/.vscode/extensions/ms-python.python-2024.16.1-linux-x64]: Extension is not compatible with Code 1.92.0. Extension requires: ^1.94.0-20240918.
2024-10-14 23:25:42.992 [error] [/home/yaros/.vscode/extensions/ms-python.python-2024.16.0-linux-x64]: Extension is not compatible with Code 1.92.0. Extension requires: ^1.94.0-20240918.
2024-10-14 23:25:42.995 [error] [/home/yaros/.vscode/extensions/ms-python.python-2024.16.1-linux-x64]: Extension is not compatible with Code 1.92.0. Extension requires: ^1.94.0-20240918.
2024-10-14 23:25:43.091 [error] [/home/yaros/.vscode/extensions/ms-python.python-2024.16.0-linux-x64]: Extension is not compatible with Code 1.92.0. Extension requires: ^1.94.0-20240918.
2024-10-14 23:25:43.094 [error] [/home/yaros/.vscode/extensions/ms-python.python-2024.16.1-linux-x64]: Extension is not compatible with Code 1.92.0. Extension requires: ^1.94.0-20240918.
2024-10-14 23:25:43.209 [error] [/home/yaros/.vscode/extensions/ms-python.python-2024.16.0-linux-x64]: Extension is not compatible with Code 1.92.0. Extension requires: ^1.94.0-20240918.
2024-10-14 23:25:43.212 [error] [/home/yaros/.vscode/extensions/ms-python.python-2024.16.1-linux-x64]: Extension is not compatible with Code 1.92.0. Extension requires: ^1.94.0-20240918.
2024-10-14 23:25:43.377 [error] [/home/yaros/.vscode/extensions/ms-python.python-2024.16.0-linux-x64]: Extension is not compatible with Code 1.92.0. Extension requires: ^1.94.0-20240918.
2024-10-14 23:25:43.378 [error] [/home/yaros/.vscode/extensions/ms-python.python-2024.16.1-linux-x64]: Extension is not compatible with Code 1.92.0. Extension requires: ^1.94.0-20240918.
2024-10-14 23:25:43.472 [error] [/home/yaros/.vscode/extensions/ms-python.python-2024.16.0-linux-x64]: Extension is not compatible with Code 1.92.0. Extension requires: ^1.94.0-20240918.
2024-10-14 23:25:43.475 [error] [/home/yaros/.vscode/extensions/ms-python.python-2024.16.1-linux-x64]: Extension is not compatible with Code 1.92.0. Extension requires: ^1.94.0-20240918.
2024-10-14 23:25:43.683 [error] [/home/yaros/.vscode/extensions/ms-python.python-2024.16.0-linux-x64]: Extension is not compatible with Code 1.92.0. Extension requires: ^1.94.0-20240918.
2024-10-14 23:25:43.685 [error] [/home/yaros/.vscode/extensions/ms-python.python-2024.16.1-linux-x64]: Extension is not compatible with Code 1.92.0. Extension requires: ^1.94.0-20240918.
2024-10-14 23:25:43.764 [error] [/home/yaros/.vscode/extensions/ms-python.python-2024.16.0-linux-x64]: Extension is not compatible with Code 1.92.0. Extension requires: ^1.94.0-20240918.
2024-10-14 23:25:43.766 [error] [/home/yaros/.vscode/extensions/ms-python.python-2024.16.1-linux-x64]: Extension is not compatible with Code 1.92.0. Extension requires: ^1.94.0-20240918.
2024-10-14 23:25:43.883 [error] [/home/yaros/.vscode/extensions/ms-python.python-2024.16.0-linux-x64]: Extension is not compatible with Code 1.92.0. Extension requires: ^1.94.0-20240918.
2024-10-14 23:25:43.885 [error] [/home/yaros/.vscode/extensions/ms-python.python-2024.16.1-linux-x64]: Extension is not compatible with Code 1.92.0. Extension requires: ^1.94.0-20240918.
2024-10-14 23:25:43.964 [error] [/home/yaros/.vscode/extensions/ms-python.python-2024.16.0-linux-x64]: Extension is not compatible with Code 1.92.0. Extension requires: ^1.94.0-20240918.
2024-10-14 23:25:43.965 [error] [/home/yaros/.vscode/extensions/ms-python.python-2024.16.1-linux-x64]: Extension is not compatible with Code 1.92.0. Extension requires: ^1.94.0-20240918.
2024-10-14 23:25:44.047 [error] [/home/yaros/.vscode/extensions/ms-python.python-2024.16.0-linux-x64]: Extension is not compatible with Code 1.92.0. Extension requires: ^1.94.0-20240918.
2024-10-14 23:25:44.048 [error] [/home/yaros/.vscode/extensions/ms-python.python-2024.16.1-linux-x64]: Extension is not compatible with Code 1.92.0. Extension requires: ^1.94.0-20240918.
2024-10-14 23:25:44.892 [error] [/home/yaros/.vscode/extensions/ms-python.python-2024.16.0-linux-x64]: Extension is not compatible with Code 1.92.0. Extension requires: ^1.94.0-20240918.
2024-10-14 23:25:44.896 [error] [/home/yaros/.vscode/extensions/ms-python.python-2024.16.1-linux-x64]: Extension is not compatible with Code 1.92.0. Extension requires: ^1.94.0-20240918.
2024-10-14 23:25:44.962 [error] [/home/yaros/.vscode/extensions/ms-python.python-2024.16.0-linux-x64]: Extension is not compatible with Code 1.92.0. Extension requires: ^1.94.0-20240918.
2024-10-14 23:25:44.963 [error] [/home/yaros/.vscode/extensions/ms-python.python-2024.16.1-linux-x64]: Extension is not compatible with Code 1.92.0. Extension requires: ^1.94.0-20240918.
2024-10-14 23:25:44.970 [error] [/home/yaros/.vscode/extensions/ms-python.python-2024.16.1-linux-x64]: Extension is not compatible with Code 1.92.0. Extension requires: ^1.94.0-20240918.
2024-10-14 23:25:44.971 [error] [/home/yaros/.vscode/extensions/ms-python.python-2024.16.0-linux-x64]: Extension is not compatible with Code 1.92.0. Extension requires: ^1.94.0-20240918.
2024-10-14 23:25:45.957 [error] [/home/yaros/.vscode/extensions/ms-python.python-2024.16.0-linux-x64]: Extension is not compatible with Code 1.92.0. Extension requires: ^1.94.0-20240918.
2024-10-14 23:25:45.959 [error] [/home/yaros/.vscode/extensions/ms-python.python-2024.16.1-linux-x64]: Extension is not compatible with Code 1.92.0. Extension requires: ^1.94.0-20240918.
2024-10-14 23:25:49.689 [info] Getting Manifest... ms-python.debugpy
2024-10-14 23:25:50.093 [info] Installing extension: ms-python.debugpy {"productVersion":{"version":"1.92.0","date":"2024-07-31T23:26:45.634Z"},"pinned":false,"isApplicationScoped":false,"profileLocation":{"$mid":1,"external":"vscode-userdata:/home/yaros/.vscode/extensions/extensions.json","path":"/home/yaros/.vscode/extensions/extensions.json","scheme":"vscode-userdata"},"installOnlyNewlyAddedFromExtensionPack":true}
2024-10-14 23:25:50.134 [error] [/home/yaros/.vscode/extensions/ms-python.python-2024.16.1-linux-x64]: Extension is not compatible with Code 1.92.0. Extension requires: ^1.94.0-20240918.
2024-10-14 23:25:50.135 [error] [/home/yaros/.vscode/extensions/ms-python.python-2024.16.0-linux-x64]: Extension is not compatible with Code 1.92.0. Extension requires: ^1.94.0-20240918.
2024-10-14 23:25:52.825 [info] Getting Manifest... ms-python.python
2024-10-14 23:25:52.859 [error] [/home/yaros/.vscode/extensions/ms-python.python-2024.16.0-linux-x64]: Extension is not compatible with Code 1.92.0. Extension requires: ^1.94.0-20240918.
2024-10-14 23:25:52.861 [error] [/home/yaros/.vscode/extensions/ms-python.python-2024.16.1-linux-x64]: Extension is not compatible with Code 1.92.0. Extension requires: ^1.94.0-20240918.
2024-10-14 23:25:52.885 [error] [/home/yaros/.vscode/extensions/ms-python.python-2024.16.0-linux-x64]: Extension is not compatible with Code 1.92.0. Extension requires: ^1.94.0-20240918.
2024-10-14 23:25:52.888 [error] [/home/yaros/.vscode/extensions/ms-python.python-2024.16.1-linux-x64]: Extension is not compatible with Code 1.92.0. Extension requires: ^1.94.0-20240918.
2024-10-14 23:26:08.980 [info] Extension signature verification result for ms-python.debugpy: EACCES. Executed: false. Duration: 27ms.
2024-10-14 23:26:09.566 [info] Extracted extension to file:///home/yaros/.vscode/extensions/ms-python.debugpy-2024.12.0-linux-x64: ms-python.debugpy
2024-10-14 23:26:09.571 [info] Renamed to /home/yaros/.vscode/extensions/ms-python.debugpy-2024.12.0-linux-x64
2024-10-14 23:26:09.588 [info] Marked extension as uninstalled ms-python.debugpy-2024.10.0-linux-x64
2024-10-14 23:26:09.601 [error] [/home/yaros/.vscode/extensions/ms-python.python-2024.16.1-linux-x64]: Extension is not compatible with Code 1.92.0. Extension requires: ^1.94.0-20240918.
2024-10-14 23:26:09.602 [error] [/home/yaros/.vscode/extensions/ms-python.python-2024.16.0-linux-x64]: Extension is not compatible with Code 1.92.0. Extension requires: ^1.94.0-20240918.
2024-10-14 23:26:09.605 [info] Extension installed successfully: ms-python.debugpy vscode-userdata:/home/yaros/.vscode/extensions/extensions.json
2024-10-14 23:26:09.660 [error] [uncaught exception in sharedProcess]: Error: ENOENT: no such file or directory, stat '/home/yaros/.vscode/extensions/extensions.json.vsctmp': EntryNotFound (FileSystemError): Error: ENOENT: no such file or directory, stat '/home/yaros/.vscode/extensions/extensions.json.vsctmp'
    at o.create (/nix/store/8ki3ry01562j1mf3l29xg5lav4mcymvg-vscode-1.92.0/lib/vscode/resources/app/out/vs/code/node/sharedProcess/sharedProcessMain.js:54:19408)
    at u (/nix/store/8ki3ry01562j1mf3l29xg5lav4mcymvg-vscode-1.92.0/lib/vscode/resources/app/out/vs/code/node/sharedProcess/sharedProcessMain.js:54:19519)
    at p.hb (/nix/store/8ki3ry01562j1mf3l29xg5lav4mcymvg-vscode-1.92.0/lib/vscode/resources/app/out/vs/code/node/sharedProcess/sharedProcessMain.js:59:36714)
    at p.stat (/nix/store/8ki3ry01562j1mf3l29xg5lav4mcymvg-vscode-1.92.0/lib/vscode/resources/app/out/vs/code/node/sharedProcess/sharedProcessMain.js:59:29034)
    at async c.stat (/nix/store/8ki3ry01562j1mf3l29xg5lav4mcymvg-vscode-1.92.0/lib/vscode/resources/app/out/vs/code/node/sharedProcess/sharedProcessMain.js:59:14940)
    at async z.ub (/nix/store/8ki3ry01562j1mf3l29xg5lav4mcymvg-vscode-1.92.0/lib/vscode/resources/app/out/vs/code/node/sharedProcess/sharedProcessMain.js:105:120384)
2024-10-14 23:26:13.870 [info] Getting Manifest... ms-python.python
2024-10-14 23:26:13.878 [info] Installing extension: ms-python.python {"productVersion":{"version":"1.94.2","date":"2024-10-09T16:12:28.579Z"},"pinned":false,"isApplicationScoped":false,"profileLocation":{"$mid":1,"external":"vscode-userdata:/home/yaros/.vscode/extensions/extensions.json","path":"/home/yaros/.vscode/extensions/extensions.json","scheme":"vscode-userdata"},"installOnlyNewlyAddedFromExtensionPack":true}
2024-10-14 23:26:14.024 [error] [/home/yaros/.vscode/extensions/ms-python.python-2024.16.0-linux-x64]: Extension is not compatible with Code 1.92.0. Extension requires: ^1.94.0-20240918.
2024-10-14 23:26:14.027 [error] [/home/yaros/.vscode/extensions/ms-python.python-2024.16.1-linux-x64]: Extension is not compatible with Code 1.92.0. Extension requires: ^1.94.0-20240918.
2024-10-14 23:26:14.029 [error] Error while installing the extension ms-python.python Cannot read the extension from /home/yaros/.vscode/extensions/ms-python.python-2024.16.1-linux-x64 vscode-userdata:/home/yaros/.vscode/extensions/extensions.json
2024-10-14 23:26:14.086 [error] [uncaught exception in sharedProcess]: Error: ENOENT: no such file or directory, stat '/home/yaros/.vscode/extensions/extensions.json.vsctmp': EntryNotFound (FileSystemError): Error: ENOENT: no such file or directory, stat '/home/yaros/.vscode/extensions/extensions.json.vsctmp'
    at o.create (/nix/store/8ki3ry01562j1mf3l29xg5lav4mcymvg-vscode-1.92.0/lib/vscode/resources/app/out/vs/code/node/sharedProcess/sharedProcessMain.js:54:19408)
    at u (/nix/store/8ki3ry01562j1mf3l29xg5lav4mcymvg-vscode-1.92.0/lib/vscode/resources/app/out/vs/code/node/sharedProcess/sharedProcessMain.js:54:19519)
    at p.hb (/nix/store/8ki3ry01562j1mf3l29xg5lav4mcymvg-vscode-1.92.0/lib/vscode/resources/app/out/vs/code/node/sharedProcess/sharedProcessMain.js:59:36714)
    at p.stat (/nix/store/8ki3ry01562j1mf3l29xg5lav4mcymvg-vscode-1.92.0/lib/vscode/resources/app/out/vs/code/node/sharedProcess/sharedProcessMain.js:59:29034)
    at async c.stat (/nix/store/8ki3ry01562j1mf3l29xg5lav4mcymvg-vscode-1.92.0/lib/vscode/resources/app/out/vs/code/node/sharedProcess/sharedProcessMain.js:59:14940)
    at async z.ub (/nix/store/8ki3ry01562j1mf3l29xg5lav4mcymvg-vscode-1.92.0/lib/vscode/resources/app/out/vs/code/node/sharedProcess/sharedProcessMain.js:105:120384)
2024-10-14 23:30:45.052 [error] [/home/yaros/.vscode/extensions/ms-python.python-2024.16.0-linux-x64]: Extension is not compatible with Code 1.92.0. Extension requires: ^1.94.0-20240918.
2024-10-14 23:30:45.057 [error] [/home/yaros/.vscode/extensions/ms-python.python-2024.16.1-linux-x64]: Extension is not compatible with Code 1.92.0. Extension requires: ^1.94.0-20240918.
2024-10-14 23:35:45.129 [error] [/home/yaros/.vscode/extensions/ms-python.python-2024.16.0-linux-x64]: Extension is not compatible with Code 1.92.0. Extension requires: ^1.94.0-20240918.
2024-10-14 23:35:45.133 [error] [/home/yaros/.vscode/extensions/ms-python.python-2024.16.1-linux-x64]: Extension is not compatible with Code 1.92.0. Extension requires: ^1.94.0-20240918.
2024-10-14 23:40:45.219 [error] [/home/yaros/.vscode/extensions/ms-python.python-2024.16.0-linux-x64]: Extension is not compatible with Code 1.92.0. Extension requires: ^1.94.0-20240918.
2024-10-14 23:40:45.222 [error] [/home/yaros/.vscode/extensions/ms-python.python-2024.16.1-linux-x64]: Extension is not compatible with Code 1.92.0. Extension requires: ^1.94.0-20240918.
2024-10-14 23:45:45.320 [error] [/home/yaros/.vscode/extensions/ms-python.python-2024.16.0-linux-x64]: Extension is not compatible with Code 1.92.0. Extension requires: ^1.94.0-20240918.
2024-10-14 23:45:45.324 [error] [/home/yaros/.vscode/extensions/ms-python.python-2024.16.1-linux-x64]: Extension is not compatible with Code 1.92.0. Extension requires: ^1.94.0-20240918.
2024-10-14 23:50:45.451 [error] [/home/yaros/.vscode/extensions/ms-python.python-2024.16.0-linux-x64]: Extension is not compatible with Code 1.92.0. Extension requires: ^1.94.0-20240918.
2024-10-14 23:50:45.465 [error] [/home/yaros/.vscode/extensions/ms-python.python-2024.16.1-linux-x64]: Extension is not compatible with Code 1.92.0. Extension requires: ^1.94.0-20240918.
2024-10-14 23:55:45.663 [error] [/home/yaros/.vscode/extensions/ms-python.python-2024.16.0-linux-x64]: Extension is not compatible with Code 1.92.0. Extension requires: ^1.94.0-20240918.
2024-10-14 23:55:45.681 [error] [/home/yaros/.vscode/extensions/ms-python.python-2024.16.1-linux-x64]: Extension is not compatible with Code 1.92.0. Extension requires: ^1.94.0-20240918.
2024-10-15 00:00:45.801 [error] [/home/yaros/.vscode/extensions/ms-python.python-2024.16.0-linux-x64]: Extension is not compatible with Code 1.92.0. Extension requires: ^1.94.0-20240918.
2024-10-15 00:00:45.804 [error] [/home/yaros/.vscode/extensions/ms-python.python-2024.16.1-linux-x64]: Extension is not compatible with Code 1.92.0. Extension requires: ^1.94.0-20240918.
2024-10-15 00:05:45.902 [error] [/home/yaros/.vscode/extensions/ms-python.python-2024.16.0-linux-x64]: Extension is not compatible with Code 1.92.0. Extension requires: ^1.94.0-20240918.
2024-10-15 00:05:45.909 [error] [/home/yaros/.vscode/extensions/ms-python.python-2024.16.1-linux-x64]: Extension is not compatible with Code 1.92.0. Extension requires: ^1.94.0-20240918.
2024-10-15 00:10:46.009 [error] [/home/yaros/.vscode/extensions/ms-python.python-2024.16.0-linux-x64]: Extension is not compatible with Code 1.92.0. Extension requires: ^1.94.0-20240918.
2024-10-15 00:10:46.017 [error] [/home/yaros/.vscode/extensions/ms-python.python-2024.16.1-linux-x64]: Extension is not compatible with Code 1.92.0. Extension requires: ^1.94.0-20240918.
2024-10-15 00:15:46.516 [error] [/home/yaros/.vscode/extensions/ms-python.python-2024.16.0-linux-x64]: Extension is not compatible with Code 1.92.0. Extension requires: ^1.94.0-20240918.
2024-10-15 00:15:46.523 [error] [/home/yaros/.vscode/extensions/ms-python.python-2024.16.1-linux-x64]: Extension is not compatible with Code 1.92.0. Extension requires: ^1.94.0-20240918.
2024-10-15 00:20:46.606 [error] [/home/yaros/.vscode/extensions/ms-python.python-2024.16.0-linux-x64]: Extension is not compatible with Code 1.92.0. Extension requires: ^1.94.0-20240918.
2024-10-15 00:20:46.614 [error] [/home/yaros/.vscode/extensions/ms-python.python-2024.16.1-linux-x64]: Extension is not compatible with Code 1.92.0. Extension requires: ^1.94.0-20240918.
2024-10-15 00:25:46.684 [error] [/home/yaros/.vscode/extensions/ms-python.python-2024.16.0-linux-x64]: Extension is not compatible with Code 1.92.0. Extension requires: ^1.94.0-20240918.
2024-10-15 00:25:46.688 [error] [/home/yaros/.vscode/extensions/ms-python.python-2024.16.1-linux-x64]: Extension is not compatible with Code 1.92.0. Extension requires: ^1.94.0-20240918.
