2024-10-14 23:25:43.820 [info] [main] Log level: Info
2024-10-14 23:25:43.820 [info] [main] Validating found git in: "git"
2024-10-14 23:25:43.820 [info] [main] Using git "2.44.1" from "git"
2024-10-14 23:25:43.820 [info] [Model][doInitialScan] Initial repository scan started
2024-10-14 23:25:43.820 [info] > git rev-parse --show-toplevel [9ms]
2024-10-14 23:25:43.820 [info] fatal: not a git repository (or any of the parent directories): .git
2024-10-14 23:25:43.820 [info] [Model][doInitialScan] Initial repository scan completed - repositories (0), closed repositories (0), parent repositories (0), unsafe repositories (0)
2024-10-14 23:25:55.575 [info] > git rev-parse --show-toplevel [3ms]
2024-10-14 23:25:55.575 [info] fatal: not a git repository (or any of the parent directories): .git
2024-10-14 23:26:33.736 [info] > git rev-parse --show-toplevel [2ms]
2024-10-14 23:26:33.737 [info] fatal: not a git repository (or any of the parent directories): .git
2024-10-14 23:27:19.960 [info] > git rev-parse --show-toplevel [6ms]
2024-10-14 23:27:19.960 [info] fatal: not a git repository (or any of the parent directories): .git
2024-10-14 23:27:33.145 [info] > git rev-parse --show-toplevel [2ms]
2024-10-14 23:27:33.145 [info] fatal: not a git repository (or any of the parent directories): .git
2024-10-14 23:27:48.614 [info] > git rev-parse --show-toplevel [2ms]
2024-10-14 23:27:48.614 [info] fatal: not a git repository (or any of the parent directories): .git
2024-10-14 23:28:58.575 [info] > git rev-parse --show-toplevel [2ms]
2024-10-14 23:28:58.575 [info] fatal: not a git repository (or any of the parent directories): .git
2024-10-14 23:29:07.621 [info] > git rev-parse --show-toplevel [2ms]
2024-10-14 23:29:07.621 [info] fatal: not a git repository (or any of the parent directories): .git
2024-10-14 23:29:14.323 [info] > git rev-parse --show-toplevel [3ms]
2024-10-14 23:29:14.323 [info] fatal: not a git repository (or any of the parent directories): .git
2024-10-14 23:29:42.521 [info] > git rev-parse --show-toplevel [2ms]
2024-10-14 23:29:42.521 [info] fatal: not a git repository (or any of the parent directories): .git
2024-10-14 23:34:05.070 [info] > git rev-parse --show-toplevel [2ms]
2024-10-14 23:34:05.070 [info] fatal: not a git repository (or any of the parent directories): .git
