2024-11-08 15:17:40.736 [info] Started local extension host with pid 6539.
2024-11-08 15:17:41.404 [error] [/home/yaros/.vscode/extensions/ms-python.python-2024.16.0-linux-x64]: Extension is not compatible with Code 1.92.0. Extension requires: ^1.94.0-20240918.
2024-11-08 15:17:41.405 [error] [/home/yaros/.vscode/extensions/visualstudioexptteam.intellicode-api-usage-examples-0.2.9]: Extension is not compatible with Code 1.92.0. Extension requires: ^1.94.0.
2024-11-08 15:17:41.406 [error] [/home/yaros/.vscode/extensions/ms-python.python-2024.16.1-linux-x64]: Extension is not compatible with Code 1.92.0. Extension requires: ^1.94.0-20240918.
2024-11-08 15:17:41.407 [error] [/home/yaros/.vscode/extensions/visualstudioexptteam.vscodeintellicode-1.3.2]: Extension is not compatible with Code 1.92.0. Extension requires: ^1.94.0.
2024-11-08 15:17:43.913 [info] [perf] Render performance baseline is 62ms
2024-11-08 15:18:16.850 [error] Cannot read the extension from /home/yaros/.vscode/extensions/visualstudioexptteam.intellicode-api-usage-examples-0.2.9: ScanningExtension: Cannot read the extension from /home/yaros/.vscode/extensions/visualstudioexptteam.intellicode-api-usage-examples-0.2.9
    at _.scanLocalExtension (/nix/store/8ki3ry01562j1mf3l29xg5lav4mcymvg-vscode-1.92.0/lib/vscode/resources/app/out/vs/code/node/sharedProcess/sharedProcessMain.js:105:127521)
2024-11-08 15:18:16.852 [error] Cannot read the extension from /home/yaros/.vscode/extensions/visualstudioexptteam.vscodeintellicode-1.3.2: ScanningExtension: Cannot read the extension from /home/yaros/.vscode/extensions/visualstudioexptteam.vscodeintellicode-1.3.2
    at _.scanLocalExtension (/nix/store/8ki3ry01562j1mf3l29xg5lav4mcymvg-vscode-1.92.0/lib/vscode/resources/app/out/vs/code/node/sharedProcess/sharedProcessMain.js:105:127521)
2024-11-08 15:18:35.497 [error] Cannot read the extension from /home/yaros/.vscode/extensions/ms-python.python-2024.18.0-linux-x64: ScanningExtension: Cannot read the extension from /home/yaros/.vscode/extensions/ms-python.python-2024.18.0-linux-x64
    at _.scanLocalExtension (/nix/store/8ki3ry01562j1mf3l29xg5lav4mcymvg-vscode-1.92.0/lib/vscode/resources/app/out/vs/code/node/sharedProcess/sharedProcessMain.js:105:127521)
    at async ne.h (/nix/store/8ki3ry01562j1mf3l29xg5lav4mcymvg-vscode-1.92.0/lib/vscode/resources/app/out/vs/code/node/sharedProcess/sharedProcessMain.js:105:132894)
2024-11-08 15:18:35.498 [error] Cannot read the extension from /home/yaros/.vscode/extensions/visualstudioexptteam.intellicode-api-usage-examples-0.2.9: ScanningExtension: Cannot read the extension from /home/yaros/.vscode/extensions/visualstudioexptteam.intellicode-api-usage-examples-0.2.9
    at _.scanLocalExtension (/nix/store/8ki3ry01562j1mf3l29xg5lav4mcymvg-vscode-1.92.0/lib/vscode/resources/app/out/vs/code/node/sharedProcess/sharedProcessMain.js:105:127521)
2024-11-08 15:38:09.576 [warning] Failed to fetch chat participant registry Failed to fetch
2024-11-08 15:43:29.653 [warning] Failed to fetch chat participant registry Failed to fetch
2024-11-08 16:38:23.765 [error] [text file model] handleSaveError(4) - exit - resulted in a save error: Error: Unable to write file '/etc/nixos/configuration.nix' (NoPermissions (FileSystemError): Error: EACCES: permission denied, open '/etc/nixos/configuration.nix') file:///etc/nixos/configuration.nix
2024-11-08 16:42:24.130 [error] [text file model] handleSaveError(5) - exit - resulted in a save error: Error: Unable to write file '/etc/nixos/configuration.nix' (NoPermissions (FileSystemError): Error: EACCES: permission denied, open '/etc/nixos/configuration.nix') file:///etc/nixos/configuration.nix
2024-11-08 16:46:55.846 [error] [text file model] handleSaveError(7) - exit - resulted in a save error: Error: Unable to write file '/etc/nixos/configuration.nix' (NoPermissions (FileSystemError): Error: EACCES: permission denied, open '/etc/nixos/configuration.nix') file:///etc/nixos/configuration.nix
