2024-07-31 11:30:51 Loading main app package /nix/store/fldi6j0dw5g9jf3nkv9nsi1rh22rsf47-obsidian-1.5.12/share/obsidian/obsidian.asar
2024-07-31 11:30:52 Checking for update using Github
2024-07-31 11:30:52 Success.
2024-07-31 11:30:52 Latest version is 1.6.7
2024-07-31 11:30:52 Downloading update from https://github.com/obsidianmd/obsidian-releases/releases/download/v1.6.7/obsidian-1.6.7.asar.gz
2024-07-31 11:31:01 Verifying hash & signature. Size= 7993245
2024-07-31 11:31:01 Saving file
2024-07-31 11:31:01 Update complete.
2024-08-01 06:49:53 Loading updated app package /home/yaros/.config/obsidian/obsidian-1.6.7.asar
2024-08-01 06:49:54 Checking for update using Github
2024-08-01 06:49:54 Success.
2024-08-01 06:49:54 Latest version is 1.6.7
2024-08-01 06:49:54 App is up to date.
2024-08-01 08:20:32 Loading updated app package /home/yaros/.config/obsidian/obsidian-1.6.7.asar
2024-08-01 08:20:32 Checking for update using Github
2024-08-01 08:20:33 Success.
2024-08-01 08:20:33 Latest version is 1.6.7
2024-08-01 08:20:33 App is up to date.
2024-08-07 12:52:07 Loading updated app package /home/yaros/.config/obsidian/obsidian-1.6.7.asar
2024-08-07 12:52:08 Checking for update using Github
2024-08-07 12:52:08 Success.
2024-08-07 12:52:08 Latest version is 1.6.7
2024-08-07 12:52:08 App is up to date.
2024-08-08 07:15:29 Loading updated app package /home/yaros/.config/obsidian/obsidian-1.6.7.asar
2024-08-08 07:15:30 Checking for update using Github
2024-08-08 07:15:31 Success.
2024-08-08 07:15:31 Latest version is 1.6.7
2024-08-08 07:15:31 App is up to date.
2024-08-08 11:21:28 Loading updated app package /home/yaros/.config/obsidian/obsidian-1.6.7.asar
2024-08-08 11:21:29 Checking for update using Github
2024-08-08 11:21:29 Failed to check for update using Github (net::ERR_INTERNET_DISCONNECTED)
2024-08-08 11:21:29 Checking for update using obsidian.md
2024-08-08 11:21:29 Failed to check for update using obsidian.md (net::ERR_INTERNET_DISCONNECTED)
2024-08-08 11:55:51 Loading updated app package /home/yaros/.config/obsidian/obsidian-1.6.7.asar
2024-08-08 11:55:52 Checking for update using Github
2024-08-08 11:55:53 Success.
2024-08-08 11:55:53 Latest version is 1.6.7
2024-08-08 11:55:53 App is up to date.
2024-08-08 13:32:50 Checking for update using Github
2024-08-08 13:32:50 Success.
2024-08-08 13:32:50 Latest version is 1.6.7
2024-08-08 13:32:50 App is up to date.
2024-08-08 14:32:50 Checking for update using Github
2024-08-08 14:32:51 Success.
2024-08-08 14:32:51 Latest version is 1.6.7
2024-08-08 14:32:51 App is up to date.
2024-08-08 15:32:50 Checking for update using Github
2024-08-08 15:32:51 Success.
2024-08-08 15:32:51 Latest version is 1.6.7
2024-08-08 15:32:51 App is up to date.
2024-08-17 19:28:13 Loading updated app package /home/yaros/.config/obsidian/obsidian-1.6.7.asar
2024-08-17 19:28:14 Checking for update using Github
2024-08-17 19:28:15 Success.
2024-08-17 19:28:15 Latest version is 1.6.7
2024-08-17 19:28:15 App is up to date.
2024-08-17 19:32:32 Loading updated app package /home/yaros/.config/obsidian/obsidian-1.6.7.asar
2024-08-17 19:32:33 Checking for update using Github
2024-08-17 19:32:33 Success.
2024-08-17 19:32:33 Latest version is 1.6.7
2024-08-17 19:32:33 App is up to date.
2024-08-18 06:51:46 Loading updated app package /home/yaros/.config/obsidian/obsidian-1.6.7.asar
2024-08-18 06:51:46 Checking for update using Github
2024-08-18 06:51:47 Success.
2024-08-18 06:51:47 Latest version is 1.6.7
2024-08-18 06:51:47 App is up to date.
2024-08-18 14:24:27 Loading updated app package /home/yaros/.config/obsidian/obsidian-1.6.7.asar
2024-08-18 14:24:28 Checking for update using Github
2024-08-18 14:24:29 Success.
2024-08-18 14:24:29 Latest version is 1.6.7
2024-08-18 14:24:29 App is up to date.
2024-08-18 14:56:48 Loading updated app package /home/yaros/.config/obsidian/obsidian-1.6.7.asar
2024-08-18 14:56:49 Checking for update using Github
2024-08-18 14:56:49 Success.
2024-08-18 14:56:49 Latest version is 1.6.7
2024-08-18 14:56:49 App is up to date.
2024-08-18 14:57:06 Loading updated app package /home/yaros/.config/obsidian/obsidian-1.6.7.asar
2024-08-18 14:57:07 Checking for update using Github
2024-08-18 14:57:07 Success.
2024-08-18 14:57:07 Latest version is 1.6.7
2024-08-18 14:57:07 App is up to date.
2024-08-18 14:57:12 Loading updated app package /home/yaros/.config/obsidian/obsidian-1.6.7.asar
2024-08-18 14:57:13 Checking for update using Github
2024-08-18 14:57:13 Success.
2024-08-18 14:57:13 Latest version is 1.6.7
2024-08-18 14:57:13 App is up to date.
2024-08-18 14:57:52 Loading updated app package /home/yaros/.config/obsidian/obsidian-1.6.7.asar
2024-08-18 14:57:53 Checking for update using Github
2024-08-18 14:57:53 Success.
2024-08-18 14:57:53 Latest version is 1.6.7
2024-08-18 14:57:53 App is up to date.
2024-08-18 18:47:40 Loading updated app package /home/yaros/.config/obsidian/obsidian-1.6.7.asar
2024-08-18 18:47:41 Checking for update using Github
2024-08-18 18:47:42 Success.
2024-08-18 18:47:42 Latest version is 1.6.7
2024-08-18 18:47:42 App is up to date.
2024-08-18 19:47:40 Checking for update using Github
2024-08-18 19:47:41 Success.
2024-08-18 19:47:41 Latest version is 1.6.7
2024-08-18 19:47:41 App is up to date.
2024-08-18 20:47:41 Checking for update using Github
2024-08-18 20:47:41 Success.
2024-08-18 20:47:41 Latest version is 1.6.7
2024-08-18 20:47:41 App is up to date.
2024-08-18 20:59:53 Loading updated app package /home/yaros/.config/obsidian/obsidian-1.6.7.asar
2024-08-18 20:59:54 Checking for update using Github
2024-08-18 21:00:07 Success.
2024-08-18 21:00:07 Latest version is 1.6.7
2024-08-18 21:00:07 App is up to date.
2024-08-20 09:29:19 Loading updated app package /home/yaros/.config/obsidian/obsidian-1.6.7.asar
2024-08-20 09:29:19 Checking for update using Github
2024-08-20 09:29:20 Success.
2024-08-20 09:29:20 Latest version is 1.6.7
2024-08-20 09:29:20 App is up to date.
2024-08-20 14:16:53 Loading updated app package /home/yaros/.config/obsidian/obsidian-1.6.7.asar
2024-08-20 14:16:54 Checking for update using Github
2024-08-20 14:16:54 Success.
2024-08-20 14:16:54 Latest version is 1.6.7
2024-08-20 14:16:54 App is up to date.
2024-08-20 15:28:19 Loading updated app package /home/yaros/.config/obsidian/obsidian-1.6.7.asar
2024-08-20 15:28:21 Checking for update using Github
2024-08-20 15:28:22 Success.
2024-08-20 15:28:22 Latest version is 1.6.7
2024-08-20 15:28:22 App is up to date.
2024-08-20 16:21:02 Loading updated app package /home/yaros/.config/obsidian/obsidian-1.6.7.asar
2024-08-20 16:21:03 Checking for update using Github
2024-08-20 16:21:04 Success.
2024-08-20 16:21:04 Latest version is 1.6.7
2024-08-20 16:21:04 App is up to date.
2024-08-20 17:15:25 Loading updated app package /home/yaros/.config/obsidian/obsidian-1.6.7.asar
2024-08-20 17:15:25 Checking for update using Github
2024-08-20 17:15:26 Success.
2024-08-20 17:15:26 Latest version is 1.6.7
2024-08-20 17:15:26 App is up to date.
2024-08-20 20:58:04 Loading updated app package /home/yaros/.config/obsidian/obsidian-1.6.7.asar
2024-08-20 20:58:04 Checking for update using Github
2024-08-20 20:58:05 Success.
2024-08-20 20:58:05 Latest version is 1.6.7
2024-08-20 20:58:05 App is up to date.
2024-08-20 22:16:10 Loading updated app package /home/yaros/.config/obsidian/obsidian-1.6.7.asar
2024-08-20 22:16:10 Checking for update using Github
2024-08-20 22:16:11 Success.
2024-08-20 22:16:11 Latest version is 1.6.7
2024-08-20 22:16:11 App is up to date.
2024-08-21 11:31:33 Loading updated app package /home/yaros/.config/obsidian/obsidian-1.6.7.asar
2024-08-21 11:31:34 Checking for update using Github
2024-08-21 11:31:35 Success.
2024-08-21 11:31:35 Latest version is 1.6.7
2024-08-21 11:31:35 App is up to date.
2024-08-21 16:52:35 Loading updated app package /home/yaros/.config/obsidian/obsidian-1.6.7.asar
2024-08-21 16:52:36 Checking for update using Github
2024-08-21 16:52:38 Success.
2024-08-21 16:52:38 Latest version is 1.6.7
2024-08-21 16:52:38 App is up to date.
2024-08-22 09:59:35 Loading updated app package /home/yaros/.config/obsidian/obsidian-1.6.7.asar
2024-08-22 09:59:36 Checking for update using Github
2024-08-22 09:59:38 Success.
2024-08-22 09:59:38 Latest version is 1.6.7
2024-08-22 09:59:38 App is up to date.
2024-08-22 11:24:34 Loading updated app package /home/yaros/.config/obsidian/obsidian-1.6.7.asar
2024-08-22 11:24:34 Checking for update using Github
2024-08-22 11:24:35 Success.
2024-08-22 11:24:35 Latest version is 1.6.7
2024-08-22 11:24:35 App is up to date.
