2024-10-29 15:11:20.604 [error] [/home/yaros/.vscode/extensions/ms-python.python-2024.16.0-linux-x64]: Extension is not compatible with Code 1.92.0. Extension requires: ^1.94.0-20240918.
2024-10-29 15:11:20.634 [error] [/home/yaros/.vscode/extensions/visualstudioexptteam.intellicode-api-usage-examples-0.2.9]: Extension is not compatible with Code 1.92.0. Extension requires: ^1.94.0.
2024-10-29 15:11:20.634 [error] [/home/yaros/.vscode/extensions/visualstudioexptteam.vscodeintellicode-1.3.2]: Extension is not compatible with Code 1.92.0. Extension requires: ^1.94.0.
2024-10-29 15:11:20.635 [error] [/home/yaros/.vscode/extensions/ms-python.python-2024.16.1-linux-x64]: Extension is not compatible with Code 1.92.0. Extension requires: ^1.94.0-20240918.
2024-10-29 15:11:20.782 [error] [/home/yaros/.vscode/extensions/ms-python.python-2024.16.0-linux-x64]: Extension is not compatible with Code 1.92.0. Extension requires: ^1.94.0-20240918.
2024-10-29 15:11:20.785 [error] [/home/yaros/.vscode/extensions/ms-python.python-2024.16.1-linux-x64]: Extension is not compatible with Code 1.92.0. Extension requires: ^1.94.0-20240918.
2024-10-29 15:11:20.787 [error] [/home/yaros/.vscode/extensions/visualstudioexptteam.intellicode-api-usage-examples-0.2.9]: Extension is not compatible with Code 1.92.0. Extension requires: ^1.94.0.
2024-10-29 15:11:20.788 [error] [/home/yaros/.vscode/extensions/visualstudioexptteam.vscodeintellicode-1.3.2]: Extension is not compatible with Code 1.92.0. Extension requires: ^1.94.0.
2024-10-29 15:11:20.812 [error] [/home/yaros/.vscode/extensions/ms-python.python-2024.16.0-linux-x64]: Extension is not compatible with Code 1.92.0. Extension requires: ^1.94.0-20240918.
2024-10-29 15:11:20.814 [error] [/home/yaros/.vscode/extensions/ms-python.python-2024.16.1-linux-x64]: Extension is not compatible with Code 1.92.0. Extension requires: ^1.94.0-20240918.
2024-10-29 15:11:20.814 [error] [/home/yaros/.vscode/extensions/visualstudioexptteam.intellicode-api-usage-examples-0.2.9]: Extension is not compatible with Code 1.92.0. Extension requires: ^1.94.0.
2024-10-29 15:11:20.814 [error] [/home/yaros/.vscode/extensions/visualstudioexptteam.vscodeintellicode-1.3.2]: Extension is not compatible with Code 1.92.0. Extension requires: ^1.94.0.
2024-10-29 15:11:20.837 [error] [/home/yaros/.vscode/extensions/ms-python.python-2024.16.0-linux-x64]: Extension is not compatible with Code 1.92.0. Extension requires: ^1.94.0-20240918.
2024-10-29 15:11:20.840 [error] [/home/yaros/.vscode/extensions/ms-python.python-2024.16.1-linux-x64]: Extension is not compatible with Code 1.92.0. Extension requires: ^1.94.0-20240918.
2024-10-29 15:11:20.844 [error] [/home/yaros/.vscode/extensions/visualstudioexptteam.intellicode-api-usage-examples-0.2.9]: Extension is not compatible with Code 1.92.0. Extension requires: ^1.94.0.
2024-10-29 15:11:20.845 [error] [/home/yaros/.vscode/extensions/visualstudioexptteam.vscodeintellicode-1.3.2]: Extension is not compatible with Code 1.92.0. Extension requires: ^1.94.0.
2024-10-29 15:11:21.282 [error] [/home/yaros/.vscode/extensions/ms-python.python-2024.16.0-linux-x64]: Extension is not compatible with Code 1.92.0. Extension requires: ^1.94.0-20240918.
2024-10-29 15:11:21.284 [error] [/home/yaros/.vscode/extensions/ms-python.python-2024.16.1-linux-x64]: Extension is not compatible with Code 1.92.0. Extension requires: ^1.94.0-20240918.
2024-10-29 15:11:21.284 [error] [/home/yaros/.vscode/extensions/visualstudioexptteam.intellicode-api-usage-examples-0.2.9]: Extension is not compatible with Code 1.92.0. Extension requires: ^1.94.0.
2024-10-29 15:11:21.285 [error] [/home/yaros/.vscode/extensions/visualstudioexptteam.vscodeintellicode-1.3.2]: Extension is not compatible with Code 1.92.0. Extension requires: ^1.94.0.
2024-10-29 15:11:21.454 [error] [/home/yaros/.vscode/extensions/ms-python.python-2024.16.0-linux-x64]: Extension is not compatible with Code 1.92.0. Extension requires: ^1.94.0-20240918.
2024-10-29 15:11:21.457 [error] [/home/yaros/.vscode/extensions/ms-python.python-2024.16.1-linux-x64]: Extension is not compatible with Code 1.92.0. Extension requires: ^1.94.0-20240918.
2024-10-29 15:11:21.457 [error] [/home/yaros/.vscode/extensions/visualstudioexptteam.intellicode-api-usage-examples-0.2.9]: Extension is not compatible with Code 1.92.0. Extension requires: ^1.94.0.
2024-10-29 15:11:21.458 [error] [/home/yaros/.vscode/extensions/visualstudioexptteam.vscodeintellicode-1.3.2]: Extension is not compatible with Code 1.92.0. Extension requires: ^1.94.0.
2024-10-29 15:11:21.635 [error] [/home/yaros/.vscode/extensions/ms-python.python-2024.16.0-linux-x64]: Extension is not compatible with Code 1.92.0. Extension requires: ^1.94.0-20240918.
2024-10-29 15:11:21.638 [error] [/home/yaros/.vscode/extensions/ms-python.python-2024.16.1-linux-x64]: Extension is not compatible with Code 1.92.0. Extension requires: ^1.94.0-20240918.
2024-10-29 15:11:21.639 [error] [/home/yaros/.vscode/extensions/visualstudioexptteam.intellicode-api-usage-examples-0.2.9]: Extension is not compatible with Code 1.92.0. Extension requires: ^1.94.0.
2024-10-29 15:11:21.639 [error] [/home/yaros/.vscode/extensions/visualstudioexptteam.vscodeintellicode-1.3.2]: Extension is not compatible with Code 1.92.0. Extension requires: ^1.94.0.
2024-10-29 15:11:21.895 [error] [/home/yaros/.vscode/extensions/ms-python.python-2024.16.0-linux-x64]: Extension is not compatible with Code 1.92.0. Extension requires: ^1.94.0-20240918.
2024-10-29 15:11:21.896 [error] [/home/yaros/.vscode/extensions/ms-python.python-2024.16.1-linux-x64]: Extension is not compatible with Code 1.92.0. Extension requires: ^1.94.0-20240918.
2024-10-29 15:11:21.897 [error] [/home/yaros/.vscode/extensions/visualstudioexptteam.intellicode-api-usage-examples-0.2.9]: Extension is not compatible with Code 1.92.0. Extension requires: ^1.94.0.
2024-10-29 15:11:21.897 [error] [/home/yaros/.vscode/extensions/visualstudioexptteam.vscodeintellicode-1.3.2]: Extension is not compatible with Code 1.92.0. Extension requires: ^1.94.0.
2024-10-29 15:11:22.044 [error] [/home/yaros/.vscode/extensions/ms-python.python-2024.16.0-linux-x64]: Extension is not compatible with Code 1.92.0. Extension requires: ^1.94.0-20240918.
2024-10-29 15:11:22.047 [error] [/home/yaros/.vscode/extensions/ms-python.python-2024.16.1-linux-x64]: Extension is not compatible with Code 1.92.0. Extension requires: ^1.94.0-20240918.
2024-10-29 15:11:22.051 [error] [/home/yaros/.vscode/extensions/visualstudioexptteam.intellicode-api-usage-examples-0.2.9]: Extension is not compatible with Code 1.92.0. Extension requires: ^1.94.0.
2024-10-29 15:11:22.051 [error] [/home/yaros/.vscode/extensions/visualstudioexptteam.vscodeintellicode-1.3.2]: Extension is not compatible with Code 1.92.0. Extension requires: ^1.94.0.
2024-10-29 15:11:22.289 [error] [/home/yaros/.vscode/extensions/ms-python.python-2024.16.0-linux-x64]: Extension is not compatible with Code 1.92.0. Extension requires: ^1.94.0-20240918.
2024-10-29 15:11:22.292 [error] [/home/yaros/.vscode/extensions/ms-python.python-2024.16.1-linux-x64]: Extension is not compatible with Code 1.92.0. Extension requires: ^1.94.0-20240918.
2024-10-29 15:11:22.293 [error] [/home/yaros/.vscode/extensions/visualstudioexptteam.intellicode-api-usage-examples-0.2.9]: Extension is not compatible with Code 1.92.0. Extension requires: ^1.94.0.
2024-10-29 15:11:22.294 [error] [/home/yaros/.vscode/extensions/visualstudioexptteam.vscodeintellicode-1.3.2]: Extension is not compatible with Code 1.92.0. Extension requires: ^1.94.0.
2024-10-29 15:11:22.566 [error] [/home/yaros/.vscode/extensions/ms-python.python-2024.16.0-linux-x64]: Extension is not compatible with Code 1.92.0. Extension requires: ^1.94.0-20240918.
2024-10-29 15:11:22.572 [error] [/home/yaros/.vscode/extensions/ms-python.python-2024.16.1-linux-x64]: Extension is not compatible with Code 1.92.0. Extension requires: ^1.94.0-20240918.
2024-10-29 15:11:22.573 [error] [/home/yaros/.vscode/extensions/visualstudioexptteam.intellicode-api-usage-examples-0.2.9]: Extension is not compatible with Code 1.92.0. Extension requires: ^1.94.0.
2024-10-29 15:11:22.573 [error] [/home/yaros/.vscode/extensions/visualstudioexptteam.vscodeintellicode-1.3.2]: Extension is not compatible with Code 1.92.0. Extension requires: ^1.94.0.
2024-10-29 15:11:22.969 [error] [/home/yaros/.vscode/extensions/ms-python.python-2024.16.0-linux-x64]: Extension is not compatible with Code 1.92.0. Extension requires: ^1.94.0-20240918.
2024-10-29 15:11:22.972 [error] [/home/yaros/.vscode/extensions/ms-python.python-2024.16.1-linux-x64]: Extension is not compatible with Code 1.92.0. Extension requires: ^1.94.0-20240918.
2024-10-29 15:11:22.973 [error] [/home/yaros/.vscode/extensions/visualstudioexptteam.intellicode-api-usage-examples-0.2.9]: Extension is not compatible with Code 1.92.0. Extension requires: ^1.94.0.
2024-10-29 15:11:22.974 [error] [/home/yaros/.vscode/extensions/visualstudioexptteam.vscodeintellicode-1.3.2]: Extension is not compatible with Code 1.92.0. Extension requires: ^1.94.0.
2024-10-29 15:11:23.157 [error] [/home/yaros/.vscode/extensions/ms-python.python-2024.16.0-linux-x64]: Extension is not compatible with Code 1.92.0. Extension requires: ^1.94.0-20240918.
2024-10-29 15:11:23.159 [error] [/home/yaros/.vscode/extensions/visualstudioexptteam.intellicode-api-usage-examples-0.2.9]: Extension is not compatible with Code 1.92.0. Extension requires: ^1.94.0.
2024-10-29 15:11:23.160 [error] [/home/yaros/.vscode/extensions/ms-python.python-2024.16.1-linux-x64]: Extension is not compatible with Code 1.92.0. Extension requires: ^1.94.0-20240918.
2024-10-29 15:11:23.161 [error] [/home/yaros/.vscode/extensions/visualstudioexptteam.vscodeintellicode-1.3.2]: Extension is not compatible with Code 1.92.0. Extension requires: ^1.94.0.
2024-10-29 15:11:23.186 [error] [/home/yaros/.vscode/extensions/ms-python.python-2024.16.0-linux-x64]: Extension is not compatible with Code 1.92.0. Extension requires: ^1.94.0-20240918.
2024-10-29 15:11:23.189 [error] [/home/yaros/.vscode/extensions/ms-python.python-2024.16.1-linux-x64]: Extension is not compatible with Code 1.92.0. Extension requires: ^1.94.0-20240918.
2024-10-29 15:11:23.190 [error] [/home/yaros/.vscode/extensions/visualstudioexptteam.vscodeintellicode-1.3.2]: Extension is not compatible with Code 1.92.0. Extension requires: ^1.94.0.
2024-10-29 15:11:23.191 [error] [/home/yaros/.vscode/extensions/visualstudioexptteam.intellicode-api-usage-examples-0.2.9]: Extension is not compatible with Code 1.92.0. Extension requires: ^1.94.0.
2024-10-29 15:11:23.254 [error] [/home/yaros/.vscode/extensions/ms-python.python-2024.16.0-linux-x64]: Extension is not compatible with Code 1.92.0. Extension requires: ^1.94.0-20240918.
2024-10-29 15:11:23.257 [error] [/home/yaros/.vscode/extensions/visualstudioexptteam.intellicode-api-usage-examples-0.2.9]: Extension is not compatible with Code 1.92.0. Extension requires: ^1.94.0.
2024-10-29 15:11:23.257 [error] [/home/yaros/.vscode/extensions/visualstudioexptteam.vscodeintellicode-1.3.2]: Extension is not compatible with Code 1.92.0. Extension requires: ^1.94.0.
2024-10-29 15:11:23.259 [error] [/home/yaros/.vscode/extensions/ms-python.python-2024.16.1-linux-x64]: Extension is not compatible with Code 1.92.0. Extension requires: ^1.94.0-20240918.
2024-10-29 15:11:49.786 [info] Getting Manifest... ms-python.python
2024-10-29 15:11:49.792 [info] Getting Manifest... visualstudioexptteam.intellicode-api-usage-examples
2024-10-29 15:11:49.796 [info] Getting Manifest... visualstudioexptteam.vscodeintellicode
2024-10-29 15:11:49.828 [info] Installing extension: ms-python.python {"productVersion":{"version":"1.94.2","date":"2024-10-09T16:12:28.579Z"},"pinned":false,"isApplicationScoped":false,"profileLocation":{"$mid":1,"external":"vscode-userdata:/home/yaros/.vscode/extensions/extensions.json","path":"/home/yaros/.vscode/extensions/extensions.json","scheme":"vscode-userdata"},"installOnlyNewlyAddedFromExtensionPack":true}
2024-10-29 15:11:49.829 [info] Installing extension: visualstudioexptteam.intellicode-api-usage-examples {"productVersion":{"version":"1.94.2","date":"2024-10-09T16:12:28.579Z"},"pinned":false,"isApplicationScoped":false,"profileLocation":{"$mid":1,"external":"vscode-userdata:/home/yaros/.vscode/extensions/extensions.json","path":"/home/yaros/.vscode/extensions/extensions.json","scheme":"vscode-userdata"},"installOnlyNewlyAddedFromExtensionPack":true}
2024-10-29 15:11:49.830 [info] Installing extension: visualstudioexptteam.vscodeintellicode {"productVersion":{"version":"1.94.2","date":"2024-10-09T16:12:28.579Z"},"pinned":false,"isApplicationScoped":false,"profileLocation":{"$mid":1,"external":"vscode-userdata:/home/yaros/.vscode/extensions/extensions.json","path":"/home/yaros/.vscode/extensions/extensions.json","scheme":"vscode-userdata"},"installOnlyNewlyAddedFromExtensionPack":true}
2024-10-29 15:11:50.296 [error] [uncaught exception in sharedProcess]: Error: ENOENT: no such file or directory, stat '/home/yaros/.vscode/extensions/extensions.json.vsctmp': EntryNotFound (FileSystemError): Error: ENOENT: no such file or directory, stat '/home/yaros/.vscode/extensions/extensions.json.vsctmp'
    at o.create (/nix/store/8ki3ry01562j1mf3l29xg5lav4mcymvg-vscode-1.92.0/lib/vscode/resources/app/out/vs/code/node/sharedProcess/sharedProcessMain.js:54:19408)
    at u (/nix/store/8ki3ry01562j1mf3l29xg5lav4mcymvg-vscode-1.92.0/lib/vscode/resources/app/out/vs/code/node/sharedProcess/sharedProcessMain.js:54:19519)
    at p.hb (/nix/store/8ki3ry01562j1mf3l29xg5lav4mcymvg-vscode-1.92.0/lib/vscode/resources/app/out/vs/code/node/sharedProcess/sharedProcessMain.js:59:36714)
    at p.stat (/nix/store/8ki3ry01562j1mf3l29xg5lav4mcymvg-vscode-1.92.0/lib/vscode/resources/app/out/vs/code/node/sharedProcess/sharedProcessMain.js:59:29034)
    at async c.stat (/nix/store/8ki3ry01562j1mf3l29xg5lav4mcymvg-vscode-1.92.0/lib/vscode/resources/app/out/vs/code/node/sharedProcess/sharedProcessMain.js:59:14940)
    at async z.ub (/nix/store/8ki3ry01562j1mf3l29xg5lav4mcymvg-vscode-1.92.0/lib/vscode/resources/app/out/vs/code/node/sharedProcess/sharedProcessMain.js:105:120384)
2024-10-29 15:11:50.323 [error] [/home/yaros/.vscode/extensions/ms-python.python-2024.16.0-linux-x64]: Extension is not compatible with Code 1.92.0. Extension requires: ^1.94.0-20240918.
2024-10-29 15:11:50.330 [error] [/home/yaros/.vscode/extensions/ms-python.python-2024.16.1-linux-x64]: Extension is not compatible with Code 1.92.0. Extension requires: ^1.94.0-20240918.
2024-10-29 15:11:50.333 [error] [/home/yaros/.vscode/extensions/visualstudioexptteam.intellicode-api-usage-examples-0.2.9]: Extension is not compatible with Code 1.92.0. Extension requires: ^1.94.0.
2024-10-29 15:11:50.335 [error] [/home/yaros/.vscode/extensions/visualstudioexptteam.vscodeintellicode-1.3.2]: Extension is not compatible with Code 1.92.0. Extension requires: ^1.94.0.
2024-10-29 15:11:50.365 [error] Error while installing the extension ms-python.python Cannot read the extension from /home/yaros/.vscode/extensions/ms-python.python-2024.16.1-linux-x64 vscode-userdata:/home/yaros/.vscode/extensions/extensions.json
2024-10-29 15:11:50.393 [error] [/home/yaros/.vscode/extensions/ms-python.python-2024.16.0-linux-x64]: Extension is not compatible with Code 1.92.0. Extension requires: ^1.94.0-20240918.
2024-10-29 15:11:50.399 [error] [/home/yaros/.vscode/extensions/ms-python.python-2024.16.1-linux-x64]: Extension is not compatible with Code 1.92.0. Extension requires: ^1.94.0-20240918.
2024-10-29 15:11:50.400 [error] [/home/yaros/.vscode/extensions/visualstudioexptteam.intellicode-api-usage-examples-0.2.9]: Extension is not compatible with Code 1.92.0. Extension requires: ^1.94.0.
2024-10-29 15:11:50.401 [error] [/home/yaros/.vscode/extensions/visualstudioexptteam.vscodeintellicode-1.3.2]: Extension is not compatible with Code 1.92.0. Extension requires: ^1.94.0.
2024-10-29 15:11:50.410 [error] Error while installing the extension visualstudioexptteam.intellicode-api-usage-examples Cannot read the extension from /home/yaros/.vscode/extensions/visualstudioexptteam.intellicode-api-usage-examples-0.2.9 vscode-userdata:/home/yaros/.vscode/extensions/extensions.json
2024-10-29 15:11:50.422 [error] [/home/yaros/.vscode/extensions/ms-python.python-2024.16.0-linux-x64]: Extension is not compatible with Code 1.92.0. Extension requires: ^1.94.0-20240918.
2024-10-29 15:11:50.429 [error] [/home/yaros/.vscode/extensions/ms-python.python-2024.16.1-linux-x64]: Extension is not compatible with Code 1.92.0. Extension requires: ^1.94.0-20240918.
2024-10-29 15:11:50.431 [error] [/home/yaros/.vscode/extensions/visualstudioexptteam.intellicode-api-usage-examples-0.2.9]: Extension is not compatible with Code 1.92.0. Extension requires: ^1.94.0.
2024-10-29 15:11:50.432 [error] [/home/yaros/.vscode/extensions/visualstudioexptteam.vscodeintellicode-1.3.2]: Extension is not compatible with Code 1.92.0. Extension requires: ^1.94.0.
2024-10-29 15:11:50.440 [error] Error while installing the extension visualstudioexptteam.vscodeintellicode Cannot read the extension from /home/yaros/.vscode/extensions/visualstudioexptteam.vscodeintellicode-1.3.2 vscode-userdata:/home/yaros/.vscode/extensions/extensions.json
2024-10-29 15:16:23.376 [error] [/home/yaros/.vscode/extensions/ms-python.python-2024.16.0-linux-x64]: Extension is not compatible with Code 1.92.0. Extension requires: ^1.94.0-20240918.
2024-10-29 15:16:23.376 [error] [/home/yaros/.vscode/extensions/visualstudioexptteam.intellicode-api-usage-examples-0.2.9]: Extension is not compatible with Code 1.92.0. Extension requires: ^1.94.0.
2024-10-29 15:16:23.377 [error] [/home/yaros/.vscode/extensions/visualstudioexptteam.vscodeintellicode-1.3.2]: Extension is not compatible with Code 1.92.0. Extension requires: ^1.94.0.
2024-10-29 15:16:23.378 [error] [/home/yaros/.vscode/extensions/ms-python.python-2024.16.1-linux-x64]: Extension is not compatible with Code 1.92.0. Extension requires: ^1.94.0-20240918.
2024-10-29 15:21:23.470 [error] [/home/yaros/.vscode/extensions/ms-python.python-2024.16.0-linux-x64]: Extension is not compatible with Code 1.92.0. Extension requires: ^1.94.0-20240918.
2024-10-29 15:21:23.490 [error] [/home/yaros/.vscode/extensions/ms-python.python-2024.16.1-linux-x64]: Extension is not compatible with Code 1.92.0. Extension requires: ^1.94.0-20240918.
2024-10-29 15:21:23.491 [error] [/home/yaros/.vscode/extensions/visualstudioexptteam.intellicode-api-usage-examples-0.2.9]: Extension is not compatible with Code 1.92.0. Extension requires: ^1.94.0.
2024-10-29 15:21:23.492 [error] [/home/yaros/.vscode/extensions/visualstudioexptteam.vscodeintellicode-1.3.2]: Extension is not compatible with Code 1.92.0. Extension requires: ^1.94.0.
2024-10-29 15:26:23.645 [error] [/home/yaros/.vscode/extensions/ms-python.python-2024.16.0-linux-x64]: Extension is not compatible with Code 1.92.0. Extension requires: ^1.94.0-20240918.
2024-10-29 15:26:23.650 [error] [/home/yaros/.vscode/extensions/ms-python.python-2024.16.1-linux-x64]: Extension is not compatible with Code 1.92.0. Extension requires: ^1.94.0-20240918.
2024-10-29 15:26:23.658 [error] [/home/yaros/.vscode/extensions/visualstudioexptteam.intellicode-api-usage-examples-0.2.9]: Extension is not compatible with Code 1.92.0. Extension requires: ^1.94.0.
2024-10-29 15:26:23.660 [error] [/home/yaros/.vscode/extensions/visualstudioexptteam.vscodeintellicode-1.3.2]: Extension is not compatible with Code 1.92.0. Extension requires: ^1.94.0.
2024-10-29 15:31:23.780 [error] [/home/yaros/.vscode/extensions/visualstudioexptteam.intellicode-api-usage-examples-0.2.9]: Extension is not compatible with Code 1.92.0. Extension requires: ^1.94.0.
2024-10-29 15:31:23.782 [error] [/home/yaros/.vscode/extensions/visualstudioexptteam.vscodeintellicode-1.3.2]: Extension is not compatible with Code 1.92.0. Extension requires: ^1.94.0.
2024-10-29 15:31:23.785 [error] [/home/yaros/.vscode/extensions/ms-python.python-2024.16.1-linux-x64]: Extension is not compatible with Code 1.92.0. Extension requires: ^1.94.0-20240918.
2024-10-29 15:31:23.789 [error] [/home/yaros/.vscode/extensions/ms-python.python-2024.16.0-linux-x64]: Extension is not compatible with Code 1.92.0. Extension requires: ^1.94.0-20240918.
