2024-08-21 19:27:41.578 [info] [main] Log level: Info
2024-08-21 19:27:41.578 [info] [main] Validating found git in: "git"
2024-08-21 19:27:41.578 [info] [main] Using git "2.44.1" from "git"
2024-08-21 19:27:41.578 [info] [Model][doInitialScan] Initial repository scan started
2024-08-21 19:27:41.578 [info] > git rev-parse --show-toplevel [5ms]
2024-08-21 19:27:41.578 [info] fatal: not a git repository (or any of the parent directories): .git
2024-08-21 19:27:41.578 [info] [Model][doInitialScan] Initial repository scan completed - repositories (0), closed repositories (0), parent repositories (0), unsafe repositories (0)
2024-08-21 19:28:04.995 [info] > git rev-parse --show-toplevel [23ms]
2024-08-21 19:28:04.995 [info] fatal: not a git repository (or any of the parent directories): .git
2024-08-21 19:28:25.920 [info] > git rev-parse --show-toplevel [6ms]
2024-08-21 19:28:25.920 [info] fatal: not a git repository (or any of the parent directories): .git
2024-08-21 19:28:35.444 [info] > git rev-parse --show-toplevel [7ms]
2024-08-21 19:28:35.444 [info] fatal: not a git repository (or any of the parent directories): .git
2024-08-21 19:29:44.478 [info] > git rev-parse --show-toplevel [7ms]
2024-08-21 19:29:44.478 [info] fatal: not a git repository (or any of the parent directories): .git
2024-08-21 19:29:52.709 [info] > git rev-parse --show-toplevel [6ms]
2024-08-21 19:29:52.709 [info] fatal: not a git repository (or any of the parent directories): .git
2024-08-21 19:29:54.619 [info] > git rev-parse --show-toplevel [5ms]
2024-08-21 19:29:54.619 [info] fatal: not a git repository (or any of the parent directories): .git
2024-08-21 19:29:56.722 [info] > git rev-parse --show-toplevel [5ms]
2024-08-21 19:29:56.722 [info] fatal: not a git repository (or any of the parent directories): .git
2024-08-21 19:29:57.510 [info] > git rev-parse --show-toplevel [7ms]
2024-08-21 19:29:57.510 [info] fatal: not a git repository (or any of the parent directories): .git
2024-08-21 19:37:19.971 [info] > git rev-parse --show-toplevel [8ms]
2024-08-21 19:37:19.971 [info] fatal: not a git repository (or any of the parent directories): .git
2024-08-21 19:37:24.653 [info] > git rev-parse --show-toplevel [6ms]
2024-08-21 19:37:24.653 [info] fatal: not a git repository (or any of the parent directories): .git
