2024-10-27 18:02:02.105 [error] [/home/yaros/.vscode/extensions/ms-python.python-2024.16.0-linux-x64]: Extension is not compatible with Code 1.92.0. Extension requires: ^1.94.0-20240918.
2024-10-27 18:02:02.122 [error] [/home/yaros/.vscode/extensions/ms-python.python-2024.16.1-linux-x64]: Extension is not compatible with Code 1.92.0. Extension requires: ^1.94.0-20240918.
2024-10-27 18:02:02.124 [error] [/home/yaros/.vscode/extensions/visualstudioexptteam.vscodeintellicode-1.3.2]: Extension is not compatible with Code 1.92.0. Extension requires: ^1.94.0.
2024-10-27 18:02:02.127 [error] [/home/yaros/.vscode/extensions/visualstudioexptteam.intellicode-api-usage-examples-0.2.9]: Extension is not compatible with Code 1.92.0. Extension requires: ^1.94.0.
2024-10-27 18:02:02.267 [error] [/home/yaros/.vscode/extensions/ms-python.python-2024.16.0-linux-x64]: Extension is not compatible with Code 1.92.0. Extension requires: ^1.94.0-20240918.
2024-10-27 18:02:02.284 [error] [/home/yaros/.vscode/extensions/ms-python.python-2024.16.1-linux-x64]: Extension is not compatible with Code 1.92.0. Extension requires: ^1.94.0-20240918.
2024-10-27 18:02:02.285 [error] [/home/yaros/.vscode/extensions/visualstudioexptteam.intellicode-api-usage-examples-0.2.9]: Extension is not compatible with Code 1.92.0. Extension requires: ^1.94.0.
2024-10-27 18:02:02.285 [error] [/home/yaros/.vscode/extensions/visualstudioexptteam.vscodeintellicode-1.3.2]: Extension is not compatible with Code 1.92.0. Extension requires: ^1.94.0.
2024-10-27 18:02:02.382 [error] [/home/yaros/.vscode/extensions/ms-python.python-2024.16.0-linux-x64]: Extension is not compatible with Code 1.92.0. Extension requires: ^1.94.0-20240918.
2024-10-27 18:02:02.383 [error] [/home/yaros/.vscode/extensions/ms-python.python-2024.16.1-linux-x64]: Extension is not compatible with Code 1.92.0. Extension requires: ^1.94.0-20240918.
2024-10-27 18:02:02.385 [error] [/home/yaros/.vscode/extensions/visualstudioexptteam.vscodeintellicode-1.3.2]: Extension is not compatible with Code 1.92.0. Extension requires: ^1.94.0.
2024-10-27 18:02:02.386 [error] [/home/yaros/.vscode/extensions/visualstudioexptteam.intellicode-api-usage-examples-0.2.9]: Extension is not compatible with Code 1.92.0. Extension requires: ^1.94.0.
2024-10-27 18:02:02.543 [error] [/home/yaros/.vscode/extensions/ms-python.python-2024.16.0-linux-x64]: Extension is not compatible with Code 1.92.0. Extension requires: ^1.94.0-20240918.
2024-10-27 18:02:02.549 [error] [/home/yaros/.vscode/extensions/ms-python.python-2024.16.1-linux-x64]: Extension is not compatible with Code 1.92.0. Extension requires: ^1.94.0-20240918.
2024-10-27 18:02:02.550 [error] [/home/yaros/.vscode/extensions/visualstudioexptteam.intellicode-api-usage-examples-0.2.9]: Extension is not compatible with Code 1.92.0. Extension requires: ^1.94.0.
2024-10-27 18:02:02.550 [error] [/home/yaros/.vscode/extensions/visualstudioexptteam.vscodeintellicode-1.3.2]: Extension is not compatible with Code 1.92.0. Extension requires: ^1.94.0.
2024-10-27 18:02:03.327 [error] [/home/yaros/.vscode/extensions/ms-python.python-2024.16.0-linux-x64]: Extension is not compatible with Code 1.92.0. Extension requires: ^1.94.0-20240918.
2024-10-27 18:02:03.335 [error] [/home/yaros/.vscode/extensions/ms-python.python-2024.16.1-linux-x64]: Extension is not compatible with Code 1.92.0. Extension requires: ^1.94.0-20240918.
2024-10-27 18:02:03.337 [error] [/home/yaros/.vscode/extensions/visualstudioexptteam.intellicode-api-usage-examples-0.2.9]: Extension is not compatible with Code 1.92.0. Extension requires: ^1.94.0.
2024-10-27 18:02:03.338 [error] [/home/yaros/.vscode/extensions/visualstudioexptteam.vscodeintellicode-1.3.2]: Extension is not compatible with Code 1.92.0. Extension requires: ^1.94.0.
2024-10-27 18:02:03.614 [error] [/home/yaros/.vscode/extensions/ms-python.python-2024.16.0-linux-x64]: Extension is not compatible with Code 1.92.0. Extension requires: ^1.94.0-20240918.
2024-10-27 18:02:03.616 [error] [/home/yaros/.vscode/extensions/ms-python.python-2024.16.1-linux-x64]: Extension is not compatible with Code 1.92.0. Extension requires: ^1.94.0-20240918.
2024-10-27 18:02:03.617 [error] [/home/yaros/.vscode/extensions/visualstudioexptteam.intellicode-api-usage-examples-0.2.9]: Extension is not compatible with Code 1.92.0. Extension requires: ^1.94.0.
2024-10-27 18:02:03.617 [error] [/home/yaros/.vscode/extensions/visualstudioexptteam.vscodeintellicode-1.3.2]: Extension is not compatible with Code 1.92.0. Extension requires: ^1.94.0.
2024-10-27 18:02:03.698 [error] [/home/yaros/.vscode/extensions/ms-python.python-2024.16.0-linux-x64]: Extension is not compatible with Code 1.92.0. Extension requires: ^1.94.0-20240918.
2024-10-27 18:02:03.701 [error] [/home/yaros/.vscode/extensions/ms-python.python-2024.16.1-linux-x64]: Extension is not compatible with Code 1.92.0. Extension requires: ^1.94.0-20240918.
2024-10-27 18:02:03.701 [error] [/home/yaros/.vscode/extensions/visualstudioexptteam.intellicode-api-usage-examples-0.2.9]: Extension is not compatible with Code 1.92.0. Extension requires: ^1.94.0.
2024-10-27 18:02:03.702 [error] [/home/yaros/.vscode/extensions/visualstudioexptteam.vscodeintellicode-1.3.2]: Extension is not compatible with Code 1.92.0. Extension requires: ^1.94.0.
2024-10-27 18:02:04.085 [error] [/home/yaros/.vscode/extensions/ms-python.python-2024.16.0-linux-x64]: Extension is not compatible with Code 1.92.0. Extension requires: ^1.94.0-20240918.
2024-10-27 18:02:04.097 [error] [/home/yaros/.vscode/extensions/ms-python.python-2024.16.1-linux-x64]: Extension is not compatible with Code 1.92.0. Extension requires: ^1.94.0-20240918.
2024-10-27 18:02:04.098 [error] [/home/yaros/.vscode/extensions/visualstudioexptteam.vscodeintellicode-1.3.2]: Extension is not compatible with Code 1.92.0. Extension requires: ^1.94.0.
2024-10-27 18:02:04.099 [error] [/home/yaros/.vscode/extensions/visualstudioexptteam.intellicode-api-usage-examples-0.2.9]: Extension is not compatible with Code 1.92.0. Extension requires: ^1.94.0.
2024-10-27 18:02:04.277 [error] [/home/yaros/.vscode/extensions/ms-python.python-2024.16.0-linux-x64]: Extension is not compatible with Code 1.92.0. Extension requires: ^1.94.0-20240918.
2024-10-27 18:02:04.279 [error] [/home/yaros/.vscode/extensions/ms-python.python-2024.16.1-linux-x64]: Extension is not compatible with Code 1.92.0. Extension requires: ^1.94.0-20240918.
2024-10-27 18:02:04.280 [error] [/home/yaros/.vscode/extensions/visualstudioexptteam.intellicode-api-usage-examples-0.2.9]: Extension is not compatible with Code 1.92.0. Extension requires: ^1.94.0.
2024-10-27 18:02:04.282 [error] [/home/yaros/.vscode/extensions/visualstudioexptteam.vscodeintellicode-1.3.2]: Extension is not compatible with Code 1.92.0. Extension requires: ^1.94.0.
2024-10-27 18:02:04.495 [error] [/home/yaros/.vscode/extensions/ms-python.python-2024.16.0-linux-x64]: Extension is not compatible with Code 1.92.0. Extension requires: ^1.94.0-20240918.
2024-10-27 18:02:04.504 [error] [/home/yaros/.vscode/extensions/ms-python.python-2024.16.1-linux-x64]: Extension is not compatible with Code 1.92.0. Extension requires: ^1.94.0-20240918.
2024-10-27 18:02:04.505 [error] [/home/yaros/.vscode/extensions/visualstudioexptteam.intellicode-api-usage-examples-0.2.9]: Extension is not compatible with Code 1.92.0. Extension requires: ^1.94.0.
2024-10-27 18:02:04.506 [error] [/home/yaros/.vscode/extensions/visualstudioexptteam.vscodeintellicode-1.3.2]: Extension is not compatible with Code 1.92.0. Extension requires: ^1.94.0.
2024-10-27 18:02:04.691 [error] [/home/yaros/.vscode/extensions/ms-python.python-2024.16.0-linux-x64]: Extension is not compatible with Code 1.92.0. Extension requires: ^1.94.0-20240918.
2024-10-27 18:02:04.693 [error] [/home/yaros/.vscode/extensions/ms-python.python-2024.16.1-linux-x64]: Extension is not compatible with Code 1.92.0. Extension requires: ^1.94.0-20240918.
2024-10-27 18:02:04.696 [error] [/home/yaros/.vscode/extensions/visualstudioexptteam.intellicode-api-usage-examples-0.2.9]: Extension is not compatible with Code 1.92.0. Extension requires: ^1.94.0.
2024-10-27 18:02:04.698 [error] [/home/yaros/.vscode/extensions/visualstudioexptteam.vscodeintellicode-1.3.2]: Extension is not compatible with Code 1.92.0. Extension requires: ^1.94.0.
2024-10-27 18:02:04.954 [error] [/home/yaros/.vscode/extensions/ms-python.python-2024.16.0-linux-x64]: Extension is not compatible with Code 1.92.0. Extension requires: ^1.94.0-20240918.
2024-10-27 18:02:04.956 [error] [/home/yaros/.vscode/extensions/visualstudioexptteam.intellicode-api-usage-examples-0.2.9]: Extension is not compatible with Code 1.92.0. Extension requires: ^1.94.0.
2024-10-27 18:02:04.958 [error] [/home/yaros/.vscode/extensions/ms-python.python-2024.16.1-linux-x64]: Extension is not compatible with Code 1.92.0. Extension requires: ^1.94.0-20240918.
2024-10-27 18:02:04.958 [error] [/home/yaros/.vscode/extensions/visualstudioexptteam.vscodeintellicode-1.3.2]: Extension is not compatible with Code 1.92.0. Extension requires: ^1.94.0.
2024-10-27 18:02:06.130 [error] [/home/yaros/.vscode/extensions/ms-python.python-2024.16.0-linux-x64]: Extension is not compatible with Code 1.92.0. Extension requires: ^1.94.0-20240918.
2024-10-27 18:02:06.145 [error] [/home/yaros/.vscode/extensions/visualstudioexptteam.intellicode-api-usage-examples-0.2.9]: Extension is not compatible with Code 1.92.0. Extension requires: ^1.94.0.
2024-10-27 18:02:06.151 [error] [/home/yaros/.vscode/extensions/ms-python.python-2024.16.1-linux-x64]: Extension is not compatible with Code 1.92.0. Extension requires: ^1.94.0-20240918.
2024-10-27 18:02:06.153 [error] [/home/yaros/.vscode/extensions/visualstudioexptteam.vscodeintellicode-1.3.2]: Extension is not compatible with Code 1.92.0. Extension requires: ^1.94.0.
2024-10-27 18:02:06.709 [error] [/home/yaros/.vscode/extensions/ms-python.python-2024.16.0-linux-x64]: Extension is not compatible with Code 1.92.0. Extension requires: ^1.94.0-20240918.
2024-10-27 18:02:06.712 [error] [/home/yaros/.vscode/extensions/ms-python.python-2024.16.1-linux-x64]: Extension is not compatible with Code 1.92.0. Extension requires: ^1.94.0-20240918.
2024-10-27 18:02:06.713 [error] [/home/yaros/.vscode/extensions/visualstudioexptteam.intellicode-api-usage-examples-0.2.9]: Extension is not compatible with Code 1.92.0. Extension requires: ^1.94.0.
2024-10-27 18:02:06.714 [error] [/home/yaros/.vscode/extensions/visualstudioexptteam.vscodeintellicode-1.3.2]: Extension is not compatible with Code 1.92.0. Extension requires: ^1.94.0.
2024-10-27 18:02:06.990 [error] [/home/yaros/.vscode/extensions/ms-python.python-2024.16.0-linux-x64]: Extension is not compatible with Code 1.92.0. Extension requires: ^1.94.0-20240918.
2024-10-27 18:02:06.996 [error] [/home/yaros/.vscode/extensions/ms-python.python-2024.16.1-linux-x64]: Extension is not compatible with Code 1.92.0. Extension requires: ^1.94.0-20240918.
2024-10-27 18:02:07.004 [error] [/home/yaros/.vscode/extensions/visualstudioexptteam.intellicode-api-usage-examples-0.2.9]: Extension is not compatible with Code 1.92.0. Extension requires: ^1.94.0.
2024-10-27 18:02:07.005 [error] [/home/yaros/.vscode/extensions/visualstudioexptteam.vscodeintellicode-1.3.2]: Extension is not compatible with Code 1.92.0. Extension requires: ^1.94.0.
2024-10-27 18:02:07.109 [error] [/home/yaros/.vscode/extensions/ms-python.python-2024.16.0-linux-x64]: Extension is not compatible with Code 1.92.0. Extension requires: ^1.94.0-20240918.
2024-10-27 18:02:07.110 [error] [/home/yaros/.vscode/extensions/ms-python.python-2024.16.1-linux-x64]: Extension is not compatible with Code 1.92.0. Extension requires: ^1.94.0-20240918.
2024-10-27 18:02:07.110 [error] [/home/yaros/.vscode/extensions/visualstudioexptteam.intellicode-api-usage-examples-0.2.9]: Extension is not compatible with Code 1.92.0. Extension requires: ^1.94.0.
2024-10-27 18:02:07.111 [error] [/home/yaros/.vscode/extensions/visualstudioexptteam.vscodeintellicode-1.3.2]: Extension is not compatible with Code 1.92.0. Extension requires: ^1.94.0.
2024-10-27 18:02:31.862 [info] Getting Manifest... ms-python.python
2024-10-27 18:02:31.865 [info] Getting Manifest... visualstudioexptteam.intellicode-api-usage-examples
2024-10-27 18:02:31.867 [info] Getting Manifest... visualstudioexptteam.vscodeintellicode
2024-10-27 18:02:31.889 [info] Installing extension: ms-python.python {"productVersion":{"version":"1.94.2","date":"2024-10-09T16:12:28.579Z"},"pinned":false,"isApplicationScoped":false,"profileLocation":{"$mid":1,"external":"vscode-userdata:/home/yaros/.vscode/extensions/extensions.json","path":"/home/yaros/.vscode/extensions/extensions.json","scheme":"vscode-userdata"},"installOnlyNewlyAddedFromExtensionPack":true}
2024-10-27 18:02:31.891 [info] Installing extension: visualstudioexptteam.intellicode-api-usage-examples {"productVersion":{"version":"1.94.2","date":"2024-10-09T16:12:28.579Z"},"pinned":false,"isApplicationScoped":false,"profileLocation":{"$mid":1,"external":"vscode-userdata:/home/yaros/.vscode/extensions/extensions.json","path":"/home/yaros/.vscode/extensions/extensions.json","scheme":"vscode-userdata"},"installOnlyNewlyAddedFromExtensionPack":true}
2024-10-27 18:02:31.896 [info] Installing extension: visualstudioexptteam.vscodeintellicode {"productVersion":{"version":"1.94.2","date":"2024-10-09T16:12:28.579Z"},"pinned":false,"isApplicationScoped":false,"profileLocation":{"$mid":1,"external":"vscode-userdata:/home/yaros/.vscode/extensions/extensions.json","path":"/home/yaros/.vscode/extensions/extensions.json","scheme":"vscode-userdata"},"installOnlyNewlyAddedFromExtensionPack":true}
2024-10-27 18:02:32.284 [error] [uncaught exception in sharedProcess]: Error: ENOENT: no such file or directory, stat '/home/yaros/.vscode/extensions/extensions.json.vsctmp': EntryNotFound (FileSystemError): Error: ENOENT: no such file or directory, stat '/home/yaros/.vscode/extensions/extensions.json.vsctmp'
    at o.create (/nix/store/8ki3ry01562j1mf3l29xg5lav4mcymvg-vscode-1.92.0/lib/vscode/resources/app/out/vs/code/node/sharedProcess/sharedProcessMain.js:54:19408)
    at u (/nix/store/8ki3ry01562j1mf3l29xg5lav4mcymvg-vscode-1.92.0/lib/vscode/resources/app/out/vs/code/node/sharedProcess/sharedProcessMain.js:54:19519)
    at p.hb (/nix/store/8ki3ry01562j1mf3l29xg5lav4mcymvg-vscode-1.92.0/lib/vscode/resources/app/out/vs/code/node/sharedProcess/sharedProcessMain.js:59:36714)
    at p.stat (/nix/store/8ki3ry01562j1mf3l29xg5lav4mcymvg-vscode-1.92.0/lib/vscode/resources/app/out/vs/code/node/sharedProcess/sharedProcessMain.js:59:29034)
    at async c.stat (/nix/store/8ki3ry01562j1mf3l29xg5lav4mcymvg-vscode-1.92.0/lib/vscode/resources/app/out/vs/code/node/sharedProcess/sharedProcessMain.js:59:14940)
    at async z.ub (/nix/store/8ki3ry01562j1mf3l29xg5lav4mcymvg-vscode-1.92.0/lib/vscode/resources/app/out/vs/code/node/sharedProcess/sharedProcessMain.js:105:120384)
2024-10-27 18:02:32.289 [error] [/home/yaros/.vscode/extensions/ms-python.python-2024.16.0-linux-x64]: Extension is not compatible with Code 1.92.0. Extension requires: ^1.94.0-20240918.
2024-10-27 18:02:32.290 [error] [/home/yaros/.vscode/extensions/visualstudioexptteam.vscodeintellicode-1.3.2]: Extension is not compatible with Code 1.92.0. Extension requires: ^1.94.0.
2024-10-27 18:02:32.291 [error] [/home/yaros/.vscode/extensions/ms-python.python-2024.16.1-linux-x64]: Extension is not compatible with Code 1.92.0. Extension requires: ^1.94.0-20240918.
2024-10-27 18:02:32.291 [error] [/home/yaros/.vscode/extensions/visualstudioexptteam.intellicode-api-usage-examples-0.2.9]: Extension is not compatible with Code 1.92.0. Extension requires: ^1.94.0.
2024-10-27 18:02:32.300 [error] Error while installing the extension ms-python.python Cannot read the extension from /home/yaros/.vscode/extensions/ms-python.python-2024.16.1-linux-x64 vscode-userdata:/home/yaros/.vscode/extensions/extensions.json
2024-10-27 18:02:32.304 [error] [/home/yaros/.vscode/extensions/ms-python.python-2024.16.0-linux-x64]: Extension is not compatible with Code 1.92.0. Extension requires: ^1.94.0-20240918.
2024-10-27 18:02:32.305 [error] [/home/yaros/.vscode/extensions/ms-python.python-2024.16.1-linux-x64]: Extension is not compatible with Code 1.92.0. Extension requires: ^1.94.0-20240918.
2024-10-27 18:02:32.306 [error] [/home/yaros/.vscode/extensions/visualstudioexptteam.intellicode-api-usage-examples-0.2.9]: Extension is not compatible with Code 1.92.0. Extension requires: ^1.94.0.
2024-10-27 18:02:32.308 [error] [/home/yaros/.vscode/extensions/visualstudioexptteam.vscodeintellicode-1.3.2]: Extension is not compatible with Code 1.92.0. Extension requires: ^1.94.0.
2024-10-27 18:02:32.312 [error] Error while installing the extension visualstudioexptteam.intellicode-api-usage-examples Cannot read the extension from /home/yaros/.vscode/extensions/visualstudioexptteam.intellicode-api-usage-examples-0.2.9 vscode-userdata:/home/yaros/.vscode/extensions/extensions.json
2024-10-27 18:02:32.316 [error] [/home/yaros/.vscode/extensions/ms-python.python-2024.16.0-linux-x64]: Extension is not compatible with Code 1.92.0. Extension requires: ^1.94.0-20240918.
2024-10-27 18:02:32.319 [error] [/home/yaros/.vscode/extensions/ms-python.python-2024.16.1-linux-x64]: Extension is not compatible with Code 1.92.0. Extension requires: ^1.94.0-20240918.
2024-10-27 18:02:32.319 [error] [/home/yaros/.vscode/extensions/visualstudioexptteam.intellicode-api-usage-examples-0.2.9]: Extension is not compatible with Code 1.92.0. Extension requires: ^1.94.0.
2024-10-27 18:02:32.320 [error] [/home/yaros/.vscode/extensions/visualstudioexptteam.vscodeintellicode-1.3.2]: Extension is not compatible with Code 1.92.0. Extension requires: ^1.94.0.
2024-10-27 18:02:32.322 [error] Error while installing the extension visualstudioexptteam.vscodeintellicode Cannot read the extension from /home/yaros/.vscode/extensions/visualstudioexptteam.vscodeintellicode-1.3.2 vscode-userdata:/home/yaros/.vscode/extensions/extensions.json
2024-10-27 18:07:07.356 [error] [/home/yaros/.vscode/extensions/ms-python.python-2024.16.0-linux-x64]: Extension is not compatible with Code 1.92.0. Extension requires: ^1.94.0-20240918.
2024-10-27 18:07:07.360 [error] [/home/yaros/.vscode/extensions/ms-python.python-2024.16.1-linux-x64]: Extension is not compatible with Code 1.92.0. Extension requires: ^1.94.0-20240918.
2024-10-27 18:07:07.361 [error] [/home/yaros/.vscode/extensions/visualstudioexptteam.vscodeintellicode-1.3.2]: Extension is not compatible with Code 1.92.0. Extension requires: ^1.94.0.
2024-10-27 18:07:07.375 [error] [/home/yaros/.vscode/extensions/visualstudioexptteam.intellicode-api-usage-examples-0.2.9]: Extension is not compatible with Code 1.92.0. Extension requires: ^1.94.0.
2024-10-27 18:12:07.467 [error] [/home/yaros/.vscode/extensions/visualstudioexptteam.vscodeintellicode-1.3.2]: Extension is not compatible with Code 1.92.0. Extension requires: ^1.94.0.
2024-10-27 18:12:07.470 [error] [/home/yaros/.vscode/extensions/ms-python.python-2024.16.1-linux-x64]: Extension is not compatible with Code 1.92.0. Extension requires: ^1.94.0-20240918.
2024-10-27 18:12:07.472 [error] [/home/yaros/.vscode/extensions/ms-python.python-2024.16.0-linux-x64]: Extension is not compatible with Code 1.92.0. Extension requires: ^1.94.0-20240918.
2024-10-27 18:12:07.473 [error] [/home/yaros/.vscode/extensions/visualstudioexptteam.intellicode-api-usage-examples-0.2.9]: Extension is not compatible with Code 1.92.0. Extension requires: ^1.94.0.
2024-10-27 18:17:07.877 [error] [/home/yaros/.vscode/extensions/ms-python.python-2024.16.0-linux-x64]: Extension is not compatible with Code 1.92.0. Extension requires: ^1.94.0-20240918.
2024-10-27 18:17:07.878 [error] [/home/yaros/.vscode/extensions/ms-python.python-2024.16.1-linux-x64]: Extension is not compatible with Code 1.92.0. Extension requires: ^1.94.0-20240918.
2024-10-27 18:17:07.879 [error] [/home/yaros/.vscode/extensions/visualstudioexptteam.intellicode-api-usage-examples-0.2.9]: Extension is not compatible with Code 1.92.0. Extension requires: ^1.94.0.
2024-10-27 18:17:07.879 [error] [/home/yaros/.vscode/extensions/visualstudioexptteam.vscodeintellicode-1.3.2]: Extension is not compatible with Code 1.92.0. Extension requires: ^1.94.0.
2024-10-27 18:22:07.933 [error] [/home/yaros/.vscode/extensions/ms-python.python-2024.16.0-linux-x64]: Extension is not compatible with Code 1.92.0. Extension requires: ^1.94.0-20240918.
2024-10-27 18:22:07.935 [error] [/home/yaros/.vscode/extensions/ms-python.python-2024.16.1-linux-x64]: Extension is not compatible with Code 1.92.0. Extension requires: ^1.94.0-20240918.
2024-10-27 18:22:07.936 [error] [/home/yaros/.vscode/extensions/visualstudioexptteam.intellicode-api-usage-examples-0.2.9]: Extension is not compatible with Code 1.92.0. Extension requires: ^1.94.0.
2024-10-27 18:22:07.938 [error] [/home/yaros/.vscode/extensions/visualstudioexptteam.vscodeintellicode-1.3.2]: Extension is not compatible with Code 1.92.0. Extension requires: ^1.94.0.
2024-10-27 18:27:07.989 [error] [/home/yaros/.vscode/extensions/ms-python.python-2024.16.0-linux-x64]: Extension is not compatible with Code 1.92.0. Extension requires: ^1.94.0-20240918.
2024-10-27 18:27:07.990 [error] [/home/yaros/.vscode/extensions/ms-python.python-2024.16.1-linux-x64]: Extension is not compatible with Code 1.92.0. Extension requires: ^1.94.0-20240918.
2024-10-27 18:27:07.992 [error] [/home/yaros/.vscode/extensions/visualstudioexptteam.intellicode-api-usage-examples-0.2.9]: Extension is not compatible with Code 1.92.0. Extension requires: ^1.94.0.
2024-10-27 18:27:07.992 [error] [/home/yaros/.vscode/extensions/visualstudioexptteam.vscodeintellicode-1.3.2]: Extension is not compatible with Code 1.92.0. Extension requires: ^1.94.0.
2024-10-27 18:32:08.040 [error] [/home/yaros/.vscode/extensions/ms-python.python-2024.16.0-linux-x64]: Extension is not compatible with Code 1.92.0. Extension requires: ^1.94.0-20240918.
2024-10-27 18:32:08.041 [error] [/home/yaros/.vscode/extensions/visualstudioexptteam.intellicode-api-usage-examples-0.2.9]: Extension is not compatible with Code 1.92.0. Extension requires: ^1.94.0.
2024-10-27 18:32:08.041 [error] [/home/yaros/.vscode/extensions/visualstudioexptteam.vscodeintellicode-1.3.2]: Extension is not compatible with Code 1.92.0. Extension requires: ^1.94.0.
2024-10-27 18:32:08.043 [error] [/home/yaros/.vscode/extensions/ms-python.python-2024.16.1-linux-x64]: Extension is not compatible with Code 1.92.0. Extension requires: ^1.94.0-20240918.
2024-10-27 18:37:08.085 [error] [/home/yaros/.vscode/extensions/ms-python.python-2024.16.0-linux-x64]: Extension is not compatible with Code 1.92.0. Extension requires: ^1.94.0-20240918.
2024-10-27 18:37:08.086 [error] [/home/yaros/.vscode/extensions/ms-python.python-2024.16.1-linux-x64]: Extension is not compatible with Code 1.92.0. Extension requires: ^1.94.0-20240918.
2024-10-27 18:37:08.087 [error] [/home/yaros/.vscode/extensions/visualstudioexptteam.intellicode-api-usage-examples-0.2.9]: Extension is not compatible with Code 1.92.0. Extension requires: ^1.94.0.
2024-10-27 18:37:08.087 [error] [/home/yaros/.vscode/extensions/visualstudioexptteam.vscodeintellicode-1.3.2]: Extension is not compatible with Code 1.92.0. Extension requires: ^1.94.0.
2024-10-27 18:42:08.144 [error] [/home/yaros/.vscode/extensions/ms-python.python-2024.16.0-linux-x64]: Extension is not compatible with Code 1.92.0. Extension requires: ^1.94.0-20240918.
2024-10-27 18:42:08.151 [error] [/home/yaros/.vscode/extensions/ms-python.python-2024.16.1-linux-x64]: Extension is not compatible with Code 1.92.0. Extension requires: ^1.94.0-20240918.
2024-10-27 18:42:08.152 [error] [/home/yaros/.vscode/extensions/visualstudioexptteam.intellicode-api-usage-examples-0.2.9]: Extension is not compatible with Code 1.92.0. Extension requires: ^1.94.0.
2024-10-27 18:42:08.153 [error] [/home/yaros/.vscode/extensions/visualstudioexptteam.vscodeintellicode-1.3.2]: Extension is not compatible with Code 1.92.0. Extension requires: ^1.94.0.
2024-10-27 18:47:08.248 [error] [/home/yaros/.vscode/extensions/ms-python.python-2024.16.0-linux-x64]: Extension is not compatible with Code 1.92.0. Extension requires: ^1.94.0-20240918.
2024-10-27 18:47:08.255 [error] [/home/yaros/.vscode/extensions/ms-python.python-2024.16.1-linux-x64]: Extension is not compatible with Code 1.92.0. Extension requires: ^1.94.0-20240918.
2024-10-27 18:47:08.256 [error] [/home/yaros/.vscode/extensions/visualstudioexptteam.intellicode-api-usage-examples-0.2.9]: Extension is not compatible with Code 1.92.0. Extension requires: ^1.94.0.
2024-10-27 18:47:08.257 [error] [/home/yaros/.vscode/extensions/visualstudioexptteam.vscodeintellicode-1.3.2]: Extension is not compatible with Code 1.92.0. Extension requires: ^1.94.0.
2024-10-27 18:52:08.348 [error] [/home/yaros/.vscode/extensions/ms-python.python-2024.16.0-linux-x64]: Extension is not compatible with Code 1.92.0. Extension requires: ^1.94.0-20240918.
2024-10-27 18:52:08.352 [error] [/home/yaros/.vscode/extensions/ms-python.python-2024.16.1-linux-x64]: Extension is not compatible with Code 1.92.0. Extension requires: ^1.94.0-20240918.
2024-10-27 18:52:08.353 [error] [/home/yaros/.vscode/extensions/visualstudioexptteam.intellicode-api-usage-examples-0.2.9]: Extension is not compatible with Code 1.92.0. Extension requires: ^1.94.0.
2024-10-27 18:52:08.354 [error] [/home/yaros/.vscode/extensions/visualstudioexptteam.vscodeintellicode-1.3.2]: Extension is not compatible with Code 1.92.0. Extension requires: ^1.94.0.
2024-10-27 18:57:08.418 [error] [/home/yaros/.vscode/extensions/ms-python.python-2024.16.1-linux-x64]: Extension is not compatible with Code 1.92.0. Extension requires: ^1.94.0-20240918.
2024-10-27 18:57:08.419 [error] [/home/yaros/.vscode/extensions/ms-python.python-2024.16.0-linux-x64]: Extension is not compatible with Code 1.92.0. Extension requires: ^1.94.0-20240918.
2024-10-27 18:57:08.424 [error] [/home/yaros/.vscode/extensions/visualstudioexptteam.vscodeintellicode-1.3.2]: Extension is not compatible with Code 1.92.0. Extension requires: ^1.94.0.
2024-10-27 18:57:08.425 [error] [/home/yaros/.vscode/extensions/visualstudioexptteam.intellicode-api-usage-examples-0.2.9]: Extension is not compatible with Code 1.92.0. Extension requires: ^1.94.0.
2024-10-27 19:02:08.490 [error] [/home/yaros/.vscode/extensions/ms-python.python-2024.16.0-linux-x64]: Extension is not compatible with Code 1.92.0. Extension requires: ^1.94.0-20240918.
2024-10-27 19:02:08.491 [error] [/home/yaros/.vscode/extensions/ms-python.python-2024.16.1-linux-x64]: Extension is not compatible with Code 1.92.0. Extension requires: ^1.94.0-20240918.
2024-10-27 19:02:08.492 [error] [/home/yaros/.vscode/extensions/visualstudioexptteam.vscodeintellicode-1.3.2]: Extension is not compatible with Code 1.92.0. Extension requires: ^1.94.0.
2024-10-27 19:02:08.494 [error] [/home/yaros/.vscode/extensions/visualstudioexptteam.intellicode-api-usage-examples-0.2.9]: Extension is not compatible with Code 1.92.0. Extension requires: ^1.94.0.
2024-10-27 19:07:08.599 [error] [/home/yaros/.vscode/extensions/ms-python.python-2024.16.0-linux-x64]: Extension is not compatible with Code 1.92.0. Extension requires: ^1.94.0-20240918.
2024-10-27 19:07:08.609 [error] [/home/yaros/.vscode/extensions/ms-python.python-2024.16.1-linux-x64]: Extension is not compatible with Code 1.92.0. Extension requires: ^1.94.0-20240918.
2024-10-27 19:07:08.610 [error] [/home/yaros/.vscode/extensions/visualstudioexptteam.intellicode-api-usage-examples-0.2.9]: Extension is not compatible with Code 1.92.0. Extension requires: ^1.94.0.
2024-10-27 19:07:08.617 [error] [/home/yaros/.vscode/extensions/visualstudioexptteam.vscodeintellicode-1.3.2]: Extension is not compatible with Code 1.92.0. Extension requires: ^1.94.0.
2024-10-27 19:12:08.692 [error] [/home/yaros/.vscode/extensions/ms-python.python-2024.16.0-linux-x64]: Extension is not compatible with Code 1.92.0. Extension requires: ^1.94.0-20240918.
2024-10-27 19:12:08.693 [error] [/home/yaros/.vscode/extensions/ms-python.python-2024.16.1-linux-x64]: Extension is not compatible with Code 1.92.0. Extension requires: ^1.94.0-20240918.
2024-10-27 19:12:08.695 [error] [/home/yaros/.vscode/extensions/visualstudioexptteam.intellicode-api-usage-examples-0.2.9]: Extension is not compatible with Code 1.92.0. Extension requires: ^1.94.0.
2024-10-27 19:12:08.695 [error] [/home/yaros/.vscode/extensions/visualstudioexptteam.vscodeintellicode-1.3.2]: Extension is not compatible with Code 1.92.0. Extension requires: ^1.94.0.
2024-10-27 19:17:09.122 [error] [/home/yaros/.vscode/extensions/ms-python.python-2024.16.0-linux-x64]: Extension is not compatible with Code 1.92.0. Extension requires: ^1.94.0-20240918.
2024-10-27 19:17:09.123 [error] [/home/yaros/.vscode/extensions/ms-python.python-2024.16.1-linux-x64]: Extension is not compatible with Code 1.92.0. Extension requires: ^1.94.0-20240918.
2024-10-27 19:17:09.124 [error] [/home/yaros/.vscode/extensions/visualstudioexptteam.intellicode-api-usage-examples-0.2.9]: Extension is not compatible with Code 1.92.0. Extension requires: ^1.94.0.
2024-10-27 19:17:09.125 [error] [/home/yaros/.vscode/extensions/visualstudioexptteam.vscodeintellicode-1.3.2]: Extension is not compatible with Code 1.92.0. Extension requires: ^1.94.0.
2024-10-27 19:22:09.158 [error] [/home/yaros/.vscode/extensions/ms-python.python-2024.16.0-linux-x64]: Extension is not compatible with Code 1.92.0. Extension requires: ^1.94.0-20240918.
2024-10-27 19:22:09.159 [error] [/home/yaros/.vscode/extensions/ms-python.python-2024.16.1-linux-x64]: Extension is not compatible with Code 1.92.0. Extension requires: ^1.94.0-20240918.
2024-10-27 19:22:09.161 [error] [/home/yaros/.vscode/extensions/visualstudioexptteam.intellicode-api-usage-examples-0.2.9]: Extension is not compatible with Code 1.92.0. Extension requires: ^1.94.0.
2024-10-27 19:22:09.162 [error] [/home/yaros/.vscode/extensions/visualstudioexptteam.vscodeintellicode-1.3.2]: Extension is not compatible with Code 1.92.0. Extension requires: ^1.94.0.
2024-10-27 19:27:09.202 [error] [/home/yaros/.vscode/extensions/ms-python.python-2024.16.0-linux-x64]: Extension is not compatible with Code 1.92.0. Extension requires: ^1.94.0-20240918.
2024-10-27 19:27:09.205 [error] [/home/yaros/.vscode/extensions/ms-python.python-2024.16.1-linux-x64]: Extension is not compatible with Code 1.92.0. Extension requires: ^1.94.0-20240918.
2024-10-27 19:27:09.206 [error] [/home/yaros/.vscode/extensions/visualstudioexptteam.intellicode-api-usage-examples-0.2.9]: Extension is not compatible with Code 1.92.0. Extension requires: ^1.94.0.
2024-10-27 19:27:09.206 [error] [/home/yaros/.vscode/extensions/visualstudioexptteam.vscodeintellicode-1.3.2]: Extension is not compatible with Code 1.92.0. Extension requires: ^1.94.0.
2024-10-27 19:32:09.240 [error] [/home/yaros/.vscode/extensions/ms-python.python-2024.16.0-linux-x64]: Extension is not compatible with Code 1.92.0. Extension requires: ^1.94.0-20240918.
2024-10-27 19:32:09.242 [error] [/home/yaros/.vscode/extensions/ms-python.python-2024.16.1-linux-x64]: Extension is not compatible with Code 1.92.0. Extension requires: ^1.94.0-20240918.
2024-10-27 19:32:09.243 [error] [/home/yaros/.vscode/extensions/visualstudioexptteam.intellicode-api-usage-examples-0.2.9]: Extension is not compatible with Code 1.92.0. Extension requires: ^1.94.0.
2024-10-27 19:32:09.243 [error] [/home/yaros/.vscode/extensions/visualstudioexptteam.vscodeintellicode-1.3.2]: Extension is not compatible with Code 1.92.0. Extension requires: ^1.94.0.
2024-10-27 19:37:09.276 [error] [/home/yaros/.vscode/extensions/ms-python.python-2024.16.0-linux-x64]: Extension is not compatible with Code 1.92.0. Extension requires: ^1.94.0-20240918.
2024-10-27 19:37:09.277 [error] [/home/yaros/.vscode/extensions/ms-python.python-2024.16.1-linux-x64]: Extension is not compatible with Code 1.92.0. Extension requires: ^1.94.0-20240918.
2024-10-27 19:37:09.278 [error] [/home/yaros/.vscode/extensions/visualstudioexptteam.intellicode-api-usage-examples-0.2.9]: Extension is not compatible with Code 1.92.0. Extension requires: ^1.94.0.
2024-10-27 19:37:09.279 [error] [/home/yaros/.vscode/extensions/visualstudioexptteam.vscodeintellicode-1.3.2]: Extension is not compatible with Code 1.92.0. Extension requires: ^1.94.0.
2024-10-27 19:42:09.313 [error] [/home/yaros/.vscode/extensions/ms-python.python-2024.16.0-linux-x64]: Extension is not compatible with Code 1.92.0. Extension requires: ^1.94.0-20240918.
2024-10-27 19:42:09.315 [error] [/home/yaros/.vscode/extensions/ms-python.python-2024.16.1-linux-x64]: Extension is not compatible with Code 1.92.0. Extension requires: ^1.94.0-20240918.
2024-10-27 19:42:09.315 [error] [/home/yaros/.vscode/extensions/visualstudioexptteam.intellicode-api-usage-examples-0.2.9]: Extension is not compatible with Code 1.92.0. Extension requires: ^1.94.0.
2024-10-27 19:42:09.316 [error] [/home/yaros/.vscode/extensions/visualstudioexptteam.vscodeintellicode-1.3.2]: Extension is not compatible with Code 1.92.0. Extension requires: ^1.94.0.
2024-10-27 19:47:09.353 [error] [/home/yaros/.vscode/extensions/ms-python.python-2024.16.0-linux-x64]: Extension is not compatible with Code 1.92.0. Extension requires: ^1.94.0-20240918.
2024-10-27 19:47:09.355 [error] [/home/yaros/.vscode/extensions/ms-python.python-2024.16.1-linux-x64]: Extension is not compatible with Code 1.92.0. Extension requires: ^1.94.0-20240918.
2024-10-27 19:47:09.356 [error] [/home/yaros/.vscode/extensions/visualstudioexptteam.intellicode-api-usage-examples-0.2.9]: Extension is not compatible with Code 1.92.0. Extension requires: ^1.94.0.
2024-10-27 19:47:09.356 [error] [/home/yaros/.vscode/extensions/visualstudioexptteam.vscodeintellicode-1.3.2]: Extension is not compatible with Code 1.92.0. Extension requires: ^1.94.0.
2024-10-27 19:52:09.430 [error] [/home/yaros/.vscode/extensions/ms-python.python-2024.16.0-linux-x64]: Extension is not compatible with Code 1.92.0. Extension requires: ^1.94.0-20240918.
2024-10-27 19:52:09.432 [error] [/home/yaros/.vscode/extensions/ms-python.python-2024.16.1-linux-x64]: Extension is not compatible with Code 1.92.0. Extension requires: ^1.94.0-20240918.
2024-10-27 19:52:09.433 [error] [/home/yaros/.vscode/extensions/visualstudioexptteam.intellicode-api-usage-examples-0.2.9]: Extension is not compatible with Code 1.92.0. Extension requires: ^1.94.0.
2024-10-27 19:52:09.434 [error] [/home/yaros/.vscode/extensions/visualstudioexptteam.vscodeintellicode-1.3.2]: Extension is not compatible with Code 1.92.0. Extension requires: ^1.94.0.
2024-10-27 19:57:09.469 [error] [/home/yaros/.vscode/extensions/ms-python.python-2024.16.0-linux-x64]: Extension is not compatible with Code 1.92.0. Extension requires: ^1.94.0-20240918.
2024-10-27 19:57:09.472 [error] [/home/yaros/.vscode/extensions/ms-python.python-2024.16.1-linux-x64]: Extension is not compatible with Code 1.92.0. Extension requires: ^1.94.0-20240918.
2024-10-27 19:57:09.472 [error] [/home/yaros/.vscode/extensions/visualstudioexptteam.intellicode-api-usage-examples-0.2.9]: Extension is not compatible with Code 1.92.0. Extension requires: ^1.94.0.
2024-10-27 19:57:09.472 [error] [/home/yaros/.vscode/extensions/visualstudioexptteam.vscodeintellicode-1.3.2]: Extension is not compatible with Code 1.92.0. Extension requires: ^1.94.0.
2024-10-27 20:02:09.507 [error] [/home/yaros/.vscode/extensions/ms-python.python-2024.16.0-linux-x64]: Extension is not compatible with Code 1.92.0. Extension requires: ^1.94.0-20240918.
2024-10-27 20:02:09.509 [error] [/home/yaros/.vscode/extensions/ms-python.python-2024.16.1-linux-x64]: Extension is not compatible with Code 1.92.0. Extension requires: ^1.94.0-20240918.
2024-10-27 20:02:09.510 [error] [/home/yaros/.vscode/extensions/visualstudioexptteam.vscodeintellicode-1.3.2]: Extension is not compatible with Code 1.92.0. Extension requires: ^1.94.0.
2024-10-27 20:02:09.510 [error] [/home/yaros/.vscode/extensions/visualstudioexptteam.intellicode-api-usage-examples-0.2.9]: Extension is not compatible with Code 1.92.0. Extension requires: ^1.94.0.
