2024-10-24 17:46:08.201 [error] [/home/yaros/.vscode/extensions/ms-python.python-2024.16.0-linux-x64]: Extension is not compatible with Code 1.92.0. Extension requires: ^1.94.0-20240918.
2024-10-24 17:46:08.209 [error] [/home/yaros/.vscode/extensions/ms-python.python-2024.16.1-linux-x64]: Extension is not compatible with Code 1.92.0. Extension requires: ^1.94.0-20240918.
2024-10-24 17:46:08.209 [error] [/home/yaros/.vscode/extensions/visualstudioexptteam.intellicode-api-usage-examples-0.2.9]: Extension is not compatible with Code 1.92.0. Extension requires: ^1.94.0.
2024-10-24 17:46:08.209 [error] [/home/yaros/.vscode/extensions/visualstudioexptteam.vscodeintellicode-1.3.2]: Extension is not compatible with Code 1.92.0. Extension requires: ^1.94.0.
2024-10-24 17:46:08.287 [error] [/home/yaros/.vscode/extensions/ms-python.python-2024.16.0-linux-x64]: Extension is not compatible with Code 1.92.0. Extension requires: ^1.94.0-20240918.
2024-10-24 17:46:08.290 [error] [/home/yaros/.vscode/extensions/ms-python.python-2024.16.1-linux-x64]: Extension is not compatible with Code 1.92.0. Extension requires: ^1.94.0-20240918.
2024-10-24 17:46:08.291 [error] [/home/yaros/.vscode/extensions/visualstudioexptteam.intellicode-api-usage-examples-0.2.9]: Extension is not compatible with Code 1.92.0. Extension requires: ^1.94.0.
2024-10-24 17:46:08.292 [error] [/home/yaros/.vscode/extensions/visualstudioexptteam.vscodeintellicode-1.3.2]: Extension is not compatible with Code 1.92.0. Extension requires: ^1.94.0.
2024-10-24 17:46:08.311 [error] [/home/yaros/.vscode/extensions/ms-python.python-2024.16.0-linux-x64]: Extension is not compatible with Code 1.92.0. Extension requires: ^1.94.0-20240918.
2024-10-24 17:46:08.314 [error] [/home/yaros/.vscode/extensions/visualstudioexptteam.intellicode-api-usage-examples-0.2.9]: Extension is not compatible with Code 1.92.0. Extension requires: ^1.94.0.
2024-10-24 17:46:08.316 [error] [/home/yaros/.vscode/extensions/ms-python.python-2024.16.1-linux-x64]: Extension is not compatible with Code 1.92.0. Extension requires: ^1.94.0-20240918.
2024-10-24 17:46:08.317 [error] [/home/yaros/.vscode/extensions/visualstudioexptteam.vscodeintellicode-1.3.2]: Extension is not compatible with Code 1.92.0. Extension requires: ^1.94.0.
2024-10-24 17:46:08.412 [error] [/home/yaros/.vscode/extensions/ms-python.python-2024.16.0-linux-x64]: Extension is not compatible with Code 1.92.0. Extension requires: ^1.94.0-20240918.
2024-10-24 17:46:08.415 [error] [/home/yaros/.vscode/extensions/visualstudioexptteam.intellicode-api-usage-examples-0.2.9]: Extension is not compatible with Code 1.92.0. Extension requires: ^1.94.0.
2024-10-24 17:46:08.416 [error] [/home/yaros/.vscode/extensions/ms-python.python-2024.16.1-linux-x64]: Extension is not compatible with Code 1.92.0. Extension requires: ^1.94.0-20240918.
2024-10-24 17:46:08.416 [error] [/home/yaros/.vscode/extensions/visualstudioexptteam.vscodeintellicode-1.3.2]: Extension is not compatible with Code 1.92.0. Extension requires: ^1.94.0.
2024-10-24 17:46:08.600 [error] [/home/yaros/.vscode/extensions/ms-python.python-2024.16.0-linux-x64]: Extension is not compatible with Code 1.92.0. Extension requires: ^1.94.0-20240918.
2024-10-24 17:46:08.603 [error] [/home/yaros/.vscode/extensions/ms-python.python-2024.16.1-linux-x64]: Extension is not compatible with Code 1.92.0. Extension requires: ^1.94.0-20240918.
2024-10-24 17:46:08.604 [error] [/home/yaros/.vscode/extensions/visualstudioexptteam.intellicode-api-usage-examples-0.2.9]: Extension is not compatible with Code 1.92.0. Extension requires: ^1.94.0.
2024-10-24 17:46:08.606 [error] [/home/yaros/.vscode/extensions/visualstudioexptteam.vscodeintellicode-1.3.2]: Extension is not compatible with Code 1.92.0. Extension requires: ^1.94.0.
2024-10-24 17:46:08.807 [error] [/home/yaros/.vscode/extensions/ms-python.python-2024.16.0-linux-x64]: Extension is not compatible with Code 1.92.0. Extension requires: ^1.94.0-20240918.
2024-10-24 17:46:08.810 [error] [/home/yaros/.vscode/extensions/ms-python.python-2024.16.1-linux-x64]: Extension is not compatible with Code 1.92.0. Extension requires: ^1.94.0-20240918.
2024-10-24 17:46:08.810 [error] [/home/yaros/.vscode/extensions/visualstudioexptteam.intellicode-api-usage-examples-0.2.9]: Extension is not compatible with Code 1.92.0. Extension requires: ^1.94.0.
2024-10-24 17:46:08.811 [error] [/home/yaros/.vscode/extensions/visualstudioexptteam.vscodeintellicode-1.3.2]: Extension is not compatible with Code 1.92.0. Extension requires: ^1.94.0.
2024-10-24 17:46:08.994 [error] [/home/yaros/.vscode/extensions/ms-python.python-2024.16.0-linux-x64]: Extension is not compatible with Code 1.92.0. Extension requires: ^1.94.0-20240918.
2024-10-24 17:46:08.996 [error] [/home/yaros/.vscode/extensions/ms-python.python-2024.16.1-linux-x64]: Extension is not compatible with Code 1.92.0. Extension requires: ^1.94.0-20240918.
2024-10-24 17:46:08.997 [error] [/home/yaros/.vscode/extensions/visualstudioexptteam.intellicode-api-usage-examples-0.2.9]: Extension is not compatible with Code 1.92.0. Extension requires: ^1.94.0.
2024-10-24 17:46:08.997 [error] [/home/yaros/.vscode/extensions/visualstudioexptteam.vscodeintellicode-1.3.2]: Extension is not compatible with Code 1.92.0. Extension requires: ^1.94.0.
2024-10-24 17:46:09.079 [error] [/home/yaros/.vscode/extensions/ms-python.python-2024.16.0-linux-x64]: Extension is not compatible with Code 1.92.0. Extension requires: ^1.94.0-20240918.
2024-10-24 17:46:09.082 [error] [/home/yaros/.vscode/extensions/ms-python.python-2024.16.1-linux-x64]: Extension is not compatible with Code 1.92.0. Extension requires: ^1.94.0-20240918.
2024-10-24 17:46:09.083 [error] [/home/yaros/.vscode/extensions/visualstudioexptteam.intellicode-api-usage-examples-0.2.9]: Extension is not compatible with Code 1.92.0. Extension requires: ^1.94.0.
2024-10-24 17:46:09.084 [error] [/home/yaros/.vscode/extensions/visualstudioexptteam.vscodeintellicode-1.3.2]: Extension is not compatible with Code 1.92.0. Extension requires: ^1.94.0.
2024-10-24 17:46:09.163 [error] [/home/yaros/.vscode/extensions/ms-python.python-2024.16.0-linux-x64]: Extension is not compatible with Code 1.92.0. Extension requires: ^1.94.0-20240918.
2024-10-24 17:46:09.165 [error] [/home/yaros/.vscode/extensions/ms-python.python-2024.16.1-linux-x64]: Extension is not compatible with Code 1.92.0. Extension requires: ^1.94.0-20240918.
2024-10-24 17:46:09.165 [error] [/home/yaros/.vscode/extensions/visualstudioexptteam.intellicode-api-usage-examples-0.2.9]: Extension is not compatible with Code 1.92.0. Extension requires: ^1.94.0.
2024-10-24 17:46:09.165 [error] [/home/yaros/.vscode/extensions/visualstudioexptteam.vscodeintellicode-1.3.2]: Extension is not compatible with Code 1.92.0. Extension requires: ^1.94.0.
2024-10-24 17:46:09.278 [error] [/home/yaros/.vscode/extensions/ms-python.python-2024.16.0-linux-x64]: Extension is not compatible with Code 1.92.0. Extension requires: ^1.94.0-20240918.
2024-10-24 17:46:09.278 [error] [/home/yaros/.vscode/extensions/ms-python.python-2024.16.1-linux-x64]: Extension is not compatible with Code 1.92.0. Extension requires: ^1.94.0-20240918.
2024-10-24 17:46:09.278 [error] [/home/yaros/.vscode/extensions/visualstudioexptteam.intellicode-api-usage-examples-0.2.9]: Extension is not compatible with Code 1.92.0. Extension requires: ^1.94.0.
2024-10-24 17:46:09.278 [error] [/home/yaros/.vscode/extensions/visualstudioexptteam.vscodeintellicode-1.3.2]: Extension is not compatible with Code 1.92.0. Extension requires: ^1.94.0.
2024-10-24 17:46:10.284 [error] [/home/yaros/.vscode/extensions/ms-python.python-2024.16.0-linux-x64]: Extension is not compatible with Code 1.92.0. Extension requires: ^1.94.0-20240918.
2024-10-24 17:46:10.286 [error] [/home/yaros/.vscode/extensions/ms-python.python-2024.16.1-linux-x64]: Extension is not compatible with Code 1.92.0. Extension requires: ^1.94.0-20240918.
2024-10-24 17:46:10.286 [error] [/home/yaros/.vscode/extensions/visualstudioexptteam.intellicode-api-usage-examples-0.2.9]: Extension is not compatible with Code 1.92.0. Extension requires: ^1.94.0.
2024-10-24 17:46:10.287 [error] [/home/yaros/.vscode/extensions/visualstudioexptteam.vscodeintellicode-1.3.2]: Extension is not compatible with Code 1.92.0. Extension requires: ^1.94.0.
2024-10-24 17:46:10.401 [error] [/home/yaros/.vscode/extensions/ms-python.python-2024.16.0-linux-x64]: Extension is not compatible with Code 1.92.0. Extension requires: ^1.94.0-20240918.
2024-10-24 17:46:10.405 [error] [/home/yaros/.vscode/extensions/ms-python.python-2024.16.1-linux-x64]: Extension is not compatible with Code 1.92.0. Extension requires: ^1.94.0-20240918.
2024-10-24 17:46:10.406 [error] [/home/yaros/.vscode/extensions/visualstudioexptteam.intellicode-api-usage-examples-0.2.9]: Extension is not compatible with Code 1.92.0. Extension requires: ^1.94.0.
2024-10-24 17:46:10.406 [error] [/home/yaros/.vscode/extensions/visualstudioexptteam.vscodeintellicode-1.3.2]: Extension is not compatible with Code 1.92.0. Extension requires: ^1.94.0.
2024-10-24 17:46:10.411 [error] [/home/yaros/.vscode/extensions/ms-python.python-2024.16.0-linux-x64]: Extension is not compatible with Code 1.92.0. Extension requires: ^1.94.0-20240918.
2024-10-24 17:46:10.414 [error] [/home/yaros/.vscode/extensions/ms-python.python-2024.16.1-linux-x64]: Extension is not compatible with Code 1.92.0. Extension requires: ^1.94.0-20240918.
2024-10-24 17:46:10.414 [error] [/home/yaros/.vscode/extensions/visualstudioexptteam.intellicode-api-usage-examples-0.2.9]: Extension is not compatible with Code 1.92.0. Extension requires: ^1.94.0.
2024-10-24 17:46:10.415 [error] [/home/yaros/.vscode/extensions/visualstudioexptteam.vscodeintellicode-1.3.2]: Extension is not compatible with Code 1.92.0. Extension requires: ^1.94.0.
2024-10-24 17:46:11.102 [error] [/home/yaros/.vscode/extensions/ms-python.python-2024.16.0-linux-x64]: Extension is not compatible with Code 1.92.0. Extension requires: ^1.94.0-20240918.
2024-10-24 17:46:11.102 [error] [/home/yaros/.vscode/extensions/visualstudioexptteam.intellicode-api-usage-examples-0.2.9]: Extension is not compatible with Code 1.92.0. Extension requires: ^1.94.0.
2024-10-24 17:46:11.103 [error] [/home/yaros/.vscode/extensions/visualstudioexptteam.vscodeintellicode-1.3.2]: Extension is not compatible with Code 1.92.0. Extension requires: ^1.94.0.
2024-10-24 17:46:11.105 [error] [/home/yaros/.vscode/extensions/ms-python.python-2024.16.1-linux-x64]: Extension is not compatible with Code 1.92.0. Extension requires: ^1.94.0-20240918.
2024-10-24 17:46:38.541 [info] Getting Manifest... ms-python.python
2024-10-24 17:46:38.547 [info] Getting Manifest... visualstudioexptteam.intellicode-api-usage-examples
2024-10-24 17:46:38.551 [info] Getting Manifest... visualstudioexptteam.vscodeintellicode
2024-10-24 17:46:38.582 [info] Installing extension: ms-python.python {"productVersion":{"version":"1.94.2","date":"2024-10-09T16:12:28.579Z"},"pinned":false,"isApplicationScoped":false,"profileLocation":{"$mid":1,"external":"vscode-userdata:/home/yaros/.vscode/extensions/extensions.json","path":"/home/yaros/.vscode/extensions/extensions.json","scheme":"vscode-userdata"},"installOnlyNewlyAddedFromExtensionPack":true}
2024-10-24 17:46:38.584 [info] Installing extension: visualstudioexptteam.intellicode-api-usage-examples {"productVersion":{"version":"1.94.2","date":"2024-10-09T16:12:28.579Z"},"pinned":false,"isApplicationScoped":false,"profileLocation":{"$mid":1,"external":"vscode-userdata:/home/yaros/.vscode/extensions/extensions.json","path":"/home/yaros/.vscode/extensions/extensions.json","scheme":"vscode-userdata"},"installOnlyNewlyAddedFromExtensionPack":true}
2024-10-24 17:46:38.588 [info] Installing extension: visualstudioexptteam.vscodeintellicode {"productVersion":{"version":"1.94.2","date":"2024-10-09T16:12:28.579Z"},"pinned":false,"isApplicationScoped":false,"profileLocation":{"$mid":1,"external":"vscode-userdata:/home/yaros/.vscode/extensions/extensions.json","path":"/home/yaros/.vscode/extensions/extensions.json","scheme":"vscode-userdata"},"installOnlyNewlyAddedFromExtensionPack":true}
2024-10-24 17:46:38.796 [error] [/home/yaros/.vscode/extensions/ms-python.python-2024.16.0-linux-x64]: Extension is not compatible with Code 1.92.0. Extension requires: ^1.94.0-20240918.
2024-10-24 17:46:38.797 [error] [/home/yaros/.vscode/extensions/ms-python.python-2024.16.1-linux-x64]: Extension is not compatible with Code 1.92.0. Extension requires: ^1.94.0-20240918.
2024-10-24 17:46:38.797 [error] [/home/yaros/.vscode/extensions/visualstudioexptteam.intellicode-api-usage-examples-0.2.9]: Extension is not compatible with Code 1.92.0. Extension requires: ^1.94.0.
2024-10-24 17:46:38.798 [error] [/home/yaros/.vscode/extensions/visualstudioexptteam.vscodeintellicode-1.3.2]: Extension is not compatible with Code 1.92.0. Extension requires: ^1.94.0.
2024-10-24 17:46:38.802 [error] Error while installing the extension ms-python.python Cannot read the extension from /home/yaros/.vscode/extensions/ms-python.python-2024.16.1-linux-x64 vscode-userdata:/home/yaros/.vscode/extensions/extensions.json
2024-10-24 17:46:38.807 [error] [/home/yaros/.vscode/extensions/ms-python.python-2024.16.0-linux-x64]: Extension is not compatible with Code 1.92.0. Extension requires: ^1.94.0-20240918.
2024-10-24 17:46:38.809 [error] [/home/yaros/.vscode/extensions/ms-python.python-2024.16.1-linux-x64]: Extension is not compatible with Code 1.92.0. Extension requires: ^1.94.0-20240918.
2024-10-24 17:46:38.809 [error] [/home/yaros/.vscode/extensions/visualstudioexptteam.intellicode-api-usage-examples-0.2.9]: Extension is not compatible with Code 1.92.0. Extension requires: ^1.94.0.
2024-10-24 17:46:38.809 [error] [/home/yaros/.vscode/extensions/visualstudioexptteam.vscodeintellicode-1.3.2]: Extension is not compatible with Code 1.92.0. Extension requires: ^1.94.0.
2024-10-24 17:46:38.812 [error] Error while installing the extension visualstudioexptteam.intellicode-api-usage-examples Cannot read the extension from /home/yaros/.vscode/extensions/visualstudioexptteam.intellicode-api-usage-examples-0.2.9 vscode-userdata:/home/yaros/.vscode/extensions/extensions.json
2024-10-24 17:46:38.815 [error] [/home/yaros/.vscode/extensions/ms-python.python-2024.16.0-linux-x64]: Extension is not compatible with Code 1.92.0. Extension requires: ^1.94.0-20240918.
2024-10-24 17:46:38.816 [error] [/home/yaros/.vscode/extensions/ms-python.python-2024.16.1-linux-x64]: Extension is not compatible with Code 1.92.0. Extension requires: ^1.94.0-20240918.
2024-10-24 17:46:38.817 [error] [/home/yaros/.vscode/extensions/visualstudioexptteam.intellicode-api-usage-examples-0.2.9]: Extension is not compatible with Code 1.92.0. Extension requires: ^1.94.0.
2024-10-24 17:46:38.817 [error] [/home/yaros/.vscode/extensions/visualstudioexptteam.vscodeintellicode-1.3.2]: Extension is not compatible with Code 1.92.0. Extension requires: ^1.94.0.
2024-10-24 17:46:38.820 [error] Error while installing the extension visualstudioexptteam.vscodeintellicode Cannot read the extension from /home/yaros/.vscode/extensions/visualstudioexptteam.vscodeintellicode-1.3.2 vscode-userdata:/home/yaros/.vscode/extensions/extensions.json
2024-10-24 17:46:38.832 [error] [uncaught exception in sharedProcess]: Error: ENOENT: no such file or directory, stat '/home/yaros/.vscode/extensions/extensions.json.vsctmp': EntryNotFound (FileSystemError): Error: ENOENT: no such file or directory, stat '/home/yaros/.vscode/extensions/extensions.json.vsctmp'
    at o.create (/nix/store/8ki3ry01562j1mf3l29xg5lav4mcymvg-vscode-1.92.0/lib/vscode/resources/app/out/vs/code/node/sharedProcess/sharedProcessMain.js:54:19408)
    at u (/nix/store/8ki3ry01562j1mf3l29xg5lav4mcymvg-vscode-1.92.0/lib/vscode/resources/app/out/vs/code/node/sharedProcess/sharedProcessMain.js:54:19519)
    at p.hb (/nix/store/8ki3ry01562j1mf3l29xg5lav4mcymvg-vscode-1.92.0/lib/vscode/resources/app/out/vs/code/node/sharedProcess/sharedProcessMain.js:59:36714)
    at p.stat (/nix/store/8ki3ry01562j1mf3l29xg5lav4mcymvg-vscode-1.92.0/lib/vscode/resources/app/out/vs/code/node/sharedProcess/sharedProcessMain.js:59:29034)
    at async c.stat (/nix/store/8ki3ry01562j1mf3l29xg5lav4mcymvg-vscode-1.92.0/lib/vscode/resources/app/out/vs/code/node/sharedProcess/sharedProcessMain.js:59:14940)
    at async z.ub (/nix/store/8ki3ry01562j1mf3l29xg5lav4mcymvg-vscode-1.92.0/lib/vscode/resources/app/out/vs/code/node/sharedProcess/sharedProcessMain.js:105:120384)
2024-10-24 17:51:10.443 [error] [/home/yaros/.vscode/extensions/ms-python.python-2024.16.0-linux-x64]: Extension is not compatible with Code 1.92.0. Extension requires: ^1.94.0-20240918.
2024-10-24 17:51:10.443 [error] [/home/yaros/.vscode/extensions/visualstudioexptteam.intellicode-api-usage-examples-0.2.9]: Extension is not compatible with Code 1.92.0. Extension requires: ^1.94.0.
2024-10-24 17:51:10.443 [error] [/home/yaros/.vscode/extensions/visualstudioexptteam.vscodeintellicode-1.3.2]: Extension is not compatible with Code 1.92.0. Extension requires: ^1.94.0.
2024-10-24 17:51:10.445 [error] [/home/yaros/.vscode/extensions/ms-python.python-2024.16.1-linux-x64]: Extension is not compatible with Code 1.92.0. Extension requires: ^1.94.0-20240918.
