2024-10-14 00:03:34.949 [error] [/home/yaros/.vscode/extensions/ms-python.python-2024.16.0-linux-x64]: Extension is not compatible with Code 1.92.0. Extension requires: ^1.94.0-20240918.
2024-10-14 00:03:34.957 [error] [/home/yaros/.vscode/extensions/ms-python.python-2024.16.1-linux-x64]: Extension is not compatible with Code 1.92.0. Extension requires: ^1.94.0-20240918.
2024-10-14 00:03:35.040 [error] [/home/yaros/.vscode/extensions/ms-python.python-2024.16.0-linux-x64]: Extension is not compatible with Code 1.92.0. Extension requires: ^1.94.0-20240918.
2024-10-14 00:03:35.042 [error] [/home/yaros/.vscode/extensions/ms-python.python-2024.16.1-linux-x64]: Extension is not compatible with Code 1.92.0. Extension requires: ^1.94.0-20240918.
2024-10-14 00:03:35.049 [error] [/home/yaros/.vscode/extensions/ms-python.python-2024.16.0-linux-x64]: Extension is not compatible with Code 1.92.0. Extension requires: ^1.94.0-20240918.
2024-10-14 00:03:35.052 [error] [/home/yaros/.vscode/extensions/ms-python.python-2024.16.1-linux-x64]: Extension is not compatible with Code 1.92.0. Extension requires: ^1.94.0-20240918.
2024-10-14 00:03:35.095 [error] [/home/yaros/.vscode/extensions/ms-python.python-2024.16.0-linux-x64]: Extension is not compatible with Code 1.92.0. Extension requires: ^1.94.0-20240918.
2024-10-14 00:03:35.099 [error] [/home/yaros/.vscode/extensions/ms-python.python-2024.16.1-linux-x64]: Extension is not compatible with Code 1.92.0. Extension requires: ^1.94.0-20240918.
2024-10-14 00:03:35.313 [error] [/home/yaros/.vscode/extensions/ms-python.python-2024.16.0-linux-x64]: Extension is not compatible with Code 1.92.0. Extension requires: ^1.94.0-20240918.
2024-10-14 00:03:35.315 [error] [/home/yaros/.vscode/extensions/ms-python.python-2024.16.1-linux-x64]: Extension is not compatible with Code 1.92.0. Extension requires: ^1.94.0-20240918.
2024-10-14 00:03:35.507 [error] [/home/yaros/.vscode/extensions/ms-python.python-2024.16.0-linux-x64]: Extension is not compatible with Code 1.92.0. Extension requires: ^1.94.0-20240918.
2024-10-14 00:03:35.509 [error] [/home/yaros/.vscode/extensions/ms-python.python-2024.16.1-linux-x64]: Extension is not compatible with Code 1.92.0. Extension requires: ^1.94.0-20240918.
2024-10-14 00:03:35.765 [error] [/home/yaros/.vscode/extensions/ms-python.python-2024.16.0-linux-x64]: Extension is not compatible with Code 1.92.0. Extension requires: ^1.94.0-20240918.
2024-10-14 00:03:35.767 [error] [/home/yaros/.vscode/extensions/ms-python.python-2024.16.1-linux-x64]: Extension is not compatible with Code 1.92.0. Extension requires: ^1.94.0-20240918.
2024-10-14 00:03:35.844 [error] [/home/yaros/.vscode/extensions/ms-python.python-2024.16.0-linux-x64]: Extension is not compatible with Code 1.92.0. Extension requires: ^1.94.0-20240918.
2024-10-14 00:03:35.846 [error] [/home/yaros/.vscode/extensions/ms-python.python-2024.16.1-linux-x64]: Extension is not compatible with Code 1.92.0. Extension requires: ^1.94.0-20240918.
2024-10-14 00:03:35.933 [error] [/home/yaros/.vscode/extensions/ms-python.python-2024.16.0-linux-x64]: Extension is not compatible with Code 1.92.0. Extension requires: ^1.94.0-20240918.
2024-10-14 00:03:35.935 [error] [/home/yaros/.vscode/extensions/ms-python.python-2024.16.1-linux-x64]: Extension is not compatible with Code 1.92.0. Extension requires: ^1.94.0-20240918.
2024-10-14 00:03:36.016 [error] [/home/yaros/.vscode/extensions/ms-python.python-2024.16.0-linux-x64]: Extension is not compatible with Code 1.92.0. Extension requires: ^1.94.0-20240918.
2024-10-14 00:03:36.017 [error] [/home/yaros/.vscode/extensions/ms-python.python-2024.16.1-linux-x64]: Extension is not compatible with Code 1.92.0. Extension requires: ^1.94.0-20240918.
2024-10-14 00:03:36.103 [error] [/home/yaros/.vscode/extensions/ms-python.python-2024.16.0-linux-x64]: Extension is not compatible with Code 1.92.0. Extension requires: ^1.94.0-20240918.
2024-10-14 00:03:36.105 [error] [/home/yaros/.vscode/extensions/ms-python.python-2024.16.1-linux-x64]: Extension is not compatible with Code 1.92.0. Extension requires: ^1.94.0-20240918.
2024-10-14 00:03:37.073 [error] [/home/yaros/.vscode/extensions/ms-python.python-2024.16.0-linux-x64]: Extension is not compatible with Code 1.92.0. Extension requires: ^1.94.0-20240918.
2024-10-14 00:03:37.075 [error] [/home/yaros/.vscode/extensions/ms-python.python-2024.16.1-linux-x64]: Extension is not compatible with Code 1.92.0. Extension requires: ^1.94.0-20240918.
2024-10-14 00:03:37.159 [error] [/home/yaros/.vscode/extensions/ms-python.python-2024.16.0-linux-x64]: Extension is not compatible with Code 1.92.0. Extension requires: ^1.94.0-20240918.
2024-10-14 00:03:37.161 [error] [/home/yaros/.vscode/extensions/ms-python.python-2024.16.1-linux-x64]: Extension is not compatible with Code 1.92.0. Extension requires: ^1.94.0-20240918.
2024-10-14 00:03:37.170 [error] [/home/yaros/.vscode/extensions/ms-python.python-2024.16.0-linux-x64]: Extension is not compatible with Code 1.92.0. Extension requires: ^1.94.0-20240918.
2024-10-14 00:03:37.171 [error] [/home/yaros/.vscode/extensions/ms-python.python-2024.16.1-linux-x64]: Extension is not compatible with Code 1.92.0. Extension requires: ^1.94.0-20240918.
2024-10-14 00:03:37.844 [error] [/home/yaros/.vscode/extensions/ms-python.python-2024.16.0-linux-x64]: Extension is not compatible with Code 1.92.0. Extension requires: ^1.94.0-20240918.
2024-10-14 00:03:37.846 [error] [/home/yaros/.vscode/extensions/ms-python.python-2024.16.1-linux-x64]: Extension is not compatible with Code 1.92.0. Extension requires: ^1.94.0-20240918.
2024-10-14 00:04:06.277 [info] Getting Manifest... ms-python.python
2024-10-14 00:04:06.306 [info] Installing extension: ms-python.python {"productVersion":{"version":"1.94.2","date":"2024-10-09T16:12:28.579Z"},"pinned":false,"isApplicationScoped":false,"profileLocation":{"$mid":1,"external":"vscode-userdata:/home/yaros/.vscode/extensions/extensions.json","path":"/home/yaros/.vscode/extensions/extensions.json","scheme":"vscode-userdata"},"installOnlyNewlyAddedFromExtensionPack":true}
2024-10-14 00:04:06.449 [error] [/home/yaros/.vscode/extensions/ms-python.python-2024.16.0-linux-x64]: Extension is not compatible with Code 1.92.0. Extension requires: ^1.94.0-20240918.
2024-10-14 00:04:06.450 [error] [/home/yaros/.vscode/extensions/ms-python.python-2024.16.1-linux-x64]: Extension is not compatible with Code 1.92.0. Extension requires: ^1.94.0-20240918.
2024-10-14 00:04:06.452 [error] Error while installing the extension ms-python.python Cannot read the extension from /home/yaros/.vscode/extensions/ms-python.python-2024.16.1-linux-x64 vscode-userdata:/home/yaros/.vscode/extensions/extensions.json
2024-10-14 00:04:06.523 [error] [uncaught exception in sharedProcess]: Error: ENOENT: no such file or directory, stat '/home/yaros/.vscode/extensions/extensions.json.vsctmp': EntryNotFound (FileSystemError): Error: ENOENT: no such file or directory, stat '/home/yaros/.vscode/extensions/extensions.json.vsctmp'
    at o.create (/nix/store/8ki3ry01562j1mf3l29xg5lav4mcymvg-vscode-1.92.0/lib/vscode/resources/app/out/vs/code/node/sharedProcess/sharedProcessMain.js:54:19408)
    at u (/nix/store/8ki3ry01562j1mf3l29xg5lav4mcymvg-vscode-1.92.0/lib/vscode/resources/app/out/vs/code/node/sharedProcess/sharedProcessMain.js:54:19519)
    at p.hb (/nix/store/8ki3ry01562j1mf3l29xg5lav4mcymvg-vscode-1.92.0/lib/vscode/resources/app/out/vs/code/node/sharedProcess/sharedProcessMain.js:59:36714)
    at p.stat (/nix/store/8ki3ry01562j1mf3l29xg5lav4mcymvg-vscode-1.92.0/lib/vscode/resources/app/out/vs/code/node/sharedProcess/sharedProcessMain.js:59:29034)
    at async c.stat (/nix/store/8ki3ry01562j1mf3l29xg5lav4mcymvg-vscode-1.92.0/lib/vscode/resources/app/out/vs/code/node/sharedProcess/sharedProcessMain.js:59:14940)
    at async z.ub (/nix/store/8ki3ry01562j1mf3l29xg5lav4mcymvg-vscode-1.92.0/lib/vscode/resources/app/out/vs/code/node/sharedProcess/sharedProcessMain.js:105:120384)
2024-10-14 00:08:37.198 [error] [/home/yaros/.vscode/extensions/ms-python.python-2024.16.0-linux-x64]: Extension is not compatible with Code 1.92.0. Extension requires: ^1.94.0-20240918.
2024-10-14 00:08:37.201 [error] [/home/yaros/.vscode/extensions/ms-python.python-2024.16.1-linux-x64]: Extension is not compatible with Code 1.92.0. Extension requires: ^1.94.0-20240918.
